{"message":"`self` parameter is only allowed in associated functions","code":null,"level":"error","spans":[{"file_name":"src/arguments/catch.rs","byte_start":6501,"byte_end":6506,"line_start":164,"line_end":164,"column_start":35,"column_end":40,"is_primary":true,"text":[{"text":"            fn get_precision_type(&self, val: &str) -> Result<Precision, ()> {","highlight_start":35,"highlight_end":40}],"label":"not semantically valid as function parameter","suggested_replacement":null,"suggestion_applicability":null,"expansion":null}],"children":[{"message":"associated functions are those in `impl` or `trait` definitions","code":null,"level":"note","spans":[],"children":[],"rendered":null}],"rendered":"\u001b[0m\u001b[1m\u001b[38;5;9merror\u001b[0m\u001b[0m\u001b[1m: `self` parameter is only allowed in associated functions\u001b[0m\n\u001b[0m   \u001b[0m\u001b[0m\u001b[1m\u001b[38;5;12m--> \u001b[0m\u001b[0msrc/arguments/catch.rs:164:35\u001b[0m\n\u001b[0m    \u001b[0m\u001b[0m\u001b[1m\u001b[38;5;12m|\u001b[0m\n\u001b[0m\u001b[1m\u001b[38;5;12m164\u001b[0m\u001b[0m \u001b[0m\u001b[0m\u001b[1m\u001b[38;5;12m|\u001b[0m\u001b[0m \u001b[0m\u001b[0m            fn get_precision_type(&self, val: &str) -> Result<Precision, ()> {\u001b[0m\n\u001b[0m    \u001b[0m\u001b[0m\u001b[1m\u001b[38;5;12m| \u001b[0m\u001b[0m                                  \u001b[0m\u001b[0m\u001b[1m\u001b[38;5;9m^^^^^\u001b[0m\u001b[0m \u001b[0m\u001b[0m\u001b[1m\u001b[38;5;9mnot semantically valid as function parameter\u001b[0m\n\u001b[0m    \u001b[0m\u001b[0m\u001b[1m\u001b[38;5;12m|\u001b[0m\n\u001b[0m    \u001b[0m\u001b[0m\u001b[1m\u001b[38;5;12m= \u001b[0m\u001b[0m\u001b[1mnote\u001b[0m\u001b[0m: associated functions are those in `impl` or `trait` definitions\u001b[0m\n\n"}
{"message":"`self` parameter is only allowed in associated functions","code":null,"level":"error","spans":[{"file_name":"src/arguments/catch.rs","byte_start":6776,"byte_end":6781,"line_start":172,"line_end":172,"column_start":32,"column_end":37,"is_primary":true,"text":[{"text":"            fn get_tstamp_type(&self, val: &str) -> Result<TimestampType, ()> {","highlight_start":32,"highlight_end":37}],"label":"not semantically valid as function parameter","suggested_replacement":null,"suggestion_applicability":null,"expansion":null}],"children":[{"message":"associated functions are those in `impl` or `trait` definitions","code":null,"level":"note","spans":[],"children":[],"rendered":null}],"rendered":"\u001b[0m\u001b[1m\u001b[38;5;9merror\u001b[0m\u001b[0m\u001b[1m: `self` parameter is only allowed in associated functions\u001b[0m\n\u001b[0m   \u001b[0m\u001b[0m\u001b[1m\u001b[38;5;12m--> \u001b[0m\u001b[0msrc/arguments/catch.rs:172:32\u001b[0m\n\u001b[0m    \u001b[0m\u001b[0m\u001b[1m\u001b[38;5;12m|\u001b[0m\n\u001b[0m\u001b[1m\u001b[38;5;12m172\u001b[0m\u001b[0m \u001b[0m\u001b[0m\u001b[1m\u001b[38;5;12m|\u001b[0m\u001b[0m \u001b[0m\u001b[0m            fn get_tstamp_type(&self, val: &str) -> Result<TimestampType, ()> {\u001b[0m\n\u001b[0m    \u001b[0m\u001b[0m\u001b[1m\u001b[38;5;12m| \u001b[0m\u001b[0m                               \u001b[0m\u001b[0m\u001b[1m\u001b[38;5;9m^^^^^\u001b[0m\u001b[0m \u001b[0m\u001b[0m\u001b[1m\u001b[38;5;9mnot semantically valid as function parameter\u001b[0m\n\u001b[0m    \u001b[0m\u001b[0m\u001b[1m\u001b[38;5;12m|\u001b[0m\n\u001b[0m    \u001b[0m\u001b[0m\u001b[1m\u001b[38;5;12m= \u001b[0m\u001b[0m\u001b[1mnote\u001b[0m\u001b[0m: associated functions are those in `impl` or `trait` definitions\u001b[0m\n\n"}
{"message":"unresolved imports `clap::App`, `clap::SubCommand`","code":{"code":"E0432","explanation":"An import was unresolved.\n\nErroneous code example:\n\n```compile_fail,E0432\nuse something::Foo; // error: unresolved import `something::Foo`.\n```\n\nIn Rust 2015, paths in `use` statements are relative to the crate root. To\nimport items relative to the current and parent modules, use the `self::` and\n`super::` prefixes, respectively.\n\nIn Rust 2018 or later, paths in `use` statements are relative to the current\nmodule unless they begin with the name of a crate or a literal `crate::`, in\nwhich case they start from the crate root. As in Rust 2015 code, the `self::`\nand `super::` prefixes refer to the current and parent modules respectively.\n\nAlso verify that you didn't misspell the import name and that the import exists\nin the module from where you tried to import it. Example:\n\n```\nuse self::something::Foo; // Ok.\n\nmod something {\n    pub struct Foo;\n}\n# fn main() {}\n```\n\nIf you tried to use a module from an external crate and are using Rust 2015,\nyou may have missed the `extern crate` declaration (which is usually placed in\nthe crate root):\n\n```edition2015\nextern crate core; // Required to use the `core` crate in Rust 2015.\n\nuse core::any;\n# fn main() {}\n```\n\nSince Rust 2018 the `extern crate` declaration is not required and\nyou can instead just `use` it:\n\n```edition2018\nuse core::any; // No extern crate required in Rust 2018.\n# fn main() {}\n```\n"},"level":"error","spans":[{"file_name":"src/arguments/catch.rs","byte_start":68,"byte_end":71,"line_start":2,"line_end":2,"column_start":12,"column_end":15,"is_primary":true,"text":[{"text":"use clap::{App, Arg, ArgMatches, SubCommand};","highlight_start":12,"highlight_end":15}],"label":"no `App` in the root","suggested_replacement":null,"suggestion_applicability":null,"expansion":null},{"file_name":"src/arguments/catch.rs","byte_start":90,"byte_end":100,"line_start":2,"line_end":2,"column_start":34,"column_end":44,"is_primary":true,"text":[{"text":"use clap::{App, Arg, ArgMatches, SubCommand};","highlight_start":34,"highlight_end":44}],"label":"no `SubCommand` in the root","suggested_replacement":null,"suggestion_applicability":null,"expansion":null}],"children":[{"message":"a similar name exists in the module","code":null,"level":"help","spans":[{"file_name":"src/arguments/catch.rs","byte_start":90,"byte_end":100,"line_start":2,"line_end":2,"column_start":34,"column_end":44,"is_primary":true,"text":[{"text":"use clap::{App, Arg, ArgMatches, SubCommand};","highlight_start":34,"highlight_end":44}],"label":null,"suggested_replacement":"Subcommand","suggestion_applicability":"MaybeIncorrect","expansion":null}],"children":[],"rendered":null}],"rendered":"\u001b[0m\u001b[1m\u001b[38;5;9merror[E0432]\u001b[0m\u001b[0m\u001b[1m: unresolved imports `clap::App`, `clap::SubCommand`\u001b[0m\n\u001b[0m \u001b[0m\u001b[0m\u001b[1m\u001b[38;5;12m--> \u001b[0m\u001b[0msrc/arguments/catch.rs:2:12\u001b[0m\n\u001b[0m  \u001b[0m\u001b[0m\u001b[1m\u001b[38;5;12m|\u001b[0m\n\u001b[0m\u001b[1m\u001b[38;5;12m2\u001b[0m\u001b[0m \u001b[0m\u001b[0m\u001b[1m\u001b[38;5;12m|\u001b[0m\u001b[0m \u001b[0m\u001b[0muse clap::{App, Arg, ArgMatches, SubCommand};\u001b[0m\n\u001b[0m  \u001b[0m\u001b[0m\u001b[1m\u001b[38;5;12m| \u001b[0m\u001b[0m           \u001b[0m\u001b[0m\u001b[1m\u001b[38;5;9m^^^\u001b[0m\u001b[0m                   \u001b[0m\u001b[0m\u001b[1m\u001b[38;5;9m^^^^^^^^^^\u001b[0m\n\u001b[0m  \u001b[0m\u001b[0m\u001b[1m\u001b[38;5;12m| \u001b[0m\u001b[0m           \u001b[0m\u001b[0m\u001b[1m\u001b[38;5;9m|\u001b[0m\u001b[0m                     \u001b[0m\u001b[0m\u001b[1m\u001b[38;5;9m|\u001b[0m\n\u001b[0m  \u001b[0m\u001b[0m\u001b[1m\u001b[38;5;12m| \u001b[0m\u001b[0m           \u001b[0m\u001b[0m\u001b[1m\u001b[38;5;9m|\u001b[0m\u001b[0m                     \u001b[0m\u001b[0m\u001b[1m\u001b[38;5;9mno `SubCommand` in the root\u001b[0m\n\u001b[0m  \u001b[0m\u001b[0m\u001b[1m\u001b[38;5;12m| \u001b[0m\u001b[0m           \u001b[0m\u001b[0m\u001b[1m\u001b[38;5;9m|\u001b[0m\u001b[0m                     \u001b[0m\u001b[0m\u001b[1m\u001b[38;5;9mhelp: a similar name exists in the module (notice the capitalization): `Subcommand`\u001b[0m\n\u001b[0m  \u001b[0m\u001b[0m\u001b[1m\u001b[38;5;12m| \u001b[0m\u001b[0m           \u001b[0m\u001b[0m\u001b[1m\u001b[38;5;9mno `App` in the root\u001b[0m\n\n"}
{"message":"unresolved import `crate::lib::catchPackets`","code":{"code":"E0432","explanation":"An import was unresolved.\n\nErroneous code example:\n\n```compile_fail,E0432\nuse something::Foo; // error: unresolved import `something::Foo`.\n```\n\nIn Rust 2015, paths in `use` statements are relative to the crate root. To\nimport items relative to the current and parent modules, use the `self::` and\n`super::` prefixes, respectively.\n\nIn Rust 2018 or later, paths in `use` statements are relative to the current\nmodule unless they begin with the name of a crate or a literal `crate::`, in\nwhich case they start from the crate root. As in Rust 2015 code, the `self::`\nand `super::` prefixes refer to the current and parent modules respectively.\n\nAlso verify that you didn't misspell the import name and that the import exists\nin the module from where you tried to import it. Example:\n\n```\nuse self::something::Foo; // Ok.\n\nmod something {\n    pub struct Foo;\n}\n# fn main() {}\n```\n\nIf you tried to use a module from an external crate and are using Rust 2015,\nyou may have missed the `extern crate` declaration (which is usually placed in\nthe crate root):\n\n```edition2015\nextern crate core; // Required to use the `core` crate in Rust 2015.\n\nuse core::any;\n# fn main() {}\n```\n\nSince Rust 2018 the `extern crate` declaration is not required and\nyou can instead just `use` it:\n\n```edition2018\nuse core::any; // No extern crate required in Rust 2018.\n# fn main() {}\n```\n"},"level":"error","spans":[{"file_name":"src/arguments/catch.rs","byte_start":119,"byte_end":131,"line_start":3,"line_end":3,"column_start":17,"column_end":29,"is_primary":true,"text":[{"text":"use crate::lib::catchPackets::packetCapture;","highlight_start":17,"highlight_end":29}],"label":"could not find `catchPackets` in `lib`","suggested_replacement":null,"suggestion_applicability":null,"expansion":null}],"children":[],"rendered":"\u001b[0m\u001b[1m\u001b[38;5;9merror[E0432]\u001b[0m\u001b[0m\u001b[1m: unresolved import `crate::lib::catchPackets`\u001b[0m\n\u001b[0m \u001b[0m\u001b[0m\u001b[1m\u001b[38;5;12m--> \u001b[0m\u001b[0msrc/arguments/catch.rs:3:17\u001b[0m\n\u001b[0m  \u001b[0m\u001b[0m\u001b[1m\u001b[38;5;12m|\u001b[0m\n\u001b[0m\u001b[1m\u001b[38;5;12m3\u001b[0m\u001b[0m \u001b[0m\u001b[0m\u001b[1m\u001b[38;5;12m|\u001b[0m\u001b[0m \u001b[0m\u001b[0muse crate::lib::catchPackets::packetCapture;\u001b[0m\n\u001b[0m  \u001b[0m\u001b[0m\u001b[1m\u001b[38;5;12m| \u001b[0m\u001b[0m                \u001b[0m\u001b[0m\u001b[1m\u001b[38;5;9m^^^^^^^^^^^^\u001b[0m\u001b[0m \u001b[0m\u001b[0m\u001b[1m\u001b[38;5;9mcould not find `catchPackets` in `lib`\u001b[0m\n\n"}
{"message":"unresolved import `crate::lib::parsePackets`","code":{"code":"E0432","explanation":"An import was unresolved.\n\nErroneous code example:\n\n```compile_fail,E0432\nuse something::Foo; // error: unresolved import `something::Foo`.\n```\n\nIn Rust 2015, paths in `use` statements are relative to the crate root. To\nimport items relative to the current and parent modules, use the `self::` and\n`super::` prefixes, respectively.\n\nIn Rust 2018 or later, paths in `use` statements are relative to the current\nmodule unless they begin with the name of a crate or a literal `crate::`, in\nwhich case they start from the crate root. As in Rust 2015 code, the `self::`\nand `super::` prefixes refer to the current and parent modules respectively.\n\nAlso verify that you didn't misspell the import name and that the import exists\nin the module from where you tried to import it. Example:\n\n```\nuse self::something::Foo; // Ok.\n\nmod something {\n    pub struct Foo;\n}\n# fn main() {}\n```\n\nIf you tried to use a module from an external crate and are using Rust 2015,\nyou may have missed the `extern crate` declaration (which is usually placed in\nthe crate root):\n\n```edition2015\nextern crate core; // Required to use the `core` crate in Rust 2015.\n\nuse core::any;\n# fn main() {}\n```\n\nSince Rust 2018 the `extern crate` declaration is not required and\nyou can instead just `use` it:\n\n```edition2018\nuse core::any; // No extern crate required in Rust 2018.\n# fn main() {}\n```\n"},"level":"error","spans":[{"file_name":"src/arguments/catch.rs","byte_start":164,"byte_end":176,"line_start":4,"line_end":4,"column_start":17,"column_end":29,"is_primary":true,"text":[{"text":"use crate::lib::parsePackets::packetParser;","highlight_start":17,"highlight_end":29}],"label":"could not find `parsePackets` in `lib`","suggested_replacement":null,"suggestion_applicability":null,"expansion":null}],"children":[],"rendered":"\u001b[0m\u001b[1m\u001b[38;5;9merror[E0432]\u001b[0m\u001b[0m\u001b[1m: unresolved import `crate::lib::parsePackets`\u001b[0m\n\u001b[0m \u001b[0m\u001b[0m\u001b[1m\u001b[38;5;12m--> \u001b[0m\u001b[0msrc/arguments/catch.rs:4:17\u001b[0m\n\u001b[0m  \u001b[0m\u001b[0m\u001b[1m\u001b[38;5;12m|\u001b[0m\n\u001b[0m\u001b[1m\u001b[38;5;12m4\u001b[0m\u001b[0m \u001b[0m\u001b[0m\u001b[1m\u001b[38;5;12m|\u001b[0m\u001b[0m \u001b[0m\u001b[0muse crate::lib::parsePackets::packetParser;\u001b[0m\n\u001b[0m  \u001b[0m\u001b[0m\u001b[1m\u001b[38;5;12m| \u001b[0m\u001b[0m                \u001b[0m\u001b[0m\u001b[1m\u001b[38;5;9m^^^^^^^^^^^^\u001b[0m\u001b[0m \u001b[0m\u001b[0m\u001b[1m\u001b[38;5;9mcould not find `parsePackets` in `lib`\u001b[0m\n\n"}
{"message":"unresolved imports `clap::App`, `clap::SubCommand`","code":{"code":"E0432","explanation":"An import was unresolved.\n\nErroneous code example:\n\n```compile_fail,E0432\nuse something::Foo; // error: unresolved import `something::Foo`.\n```\n\nIn Rust 2015, paths in `use` statements are relative to the crate root. To\nimport items relative to the current and parent modules, use the `self::` and\n`super::` prefixes, respectively.\n\nIn Rust 2018 or later, paths in `use` statements are relative to the current\nmodule unless they begin with the name of a crate or a literal `crate::`, in\nwhich case they start from the crate root. As in Rust 2015 code, the `self::`\nand `super::` prefixes refer to the current and parent modules respectively.\n\nAlso verify that you didn't misspell the import name and that the import exists\nin the module from where you tried to import it. Example:\n\n```\nuse self::something::Foo; // Ok.\n\nmod something {\n    pub struct Foo;\n}\n# fn main() {}\n```\n\nIf you tried to use a module from an external crate and are using Rust 2015,\nyou may have missed the `extern crate` declaration (which is usually placed in\nthe crate root):\n\n```edition2015\nextern crate core; // Required to use the `core` crate in Rust 2015.\n\nuse core::any;\n# fn main() {}\n```\n\nSince Rust 2018 the `extern crate` declaration is not required and\nyou can instead just `use` it:\n\n```edition2018\nuse core::any; // No extern crate required in Rust 2018.\n# fn main() {}\n```\n"},"level":"error","spans":[{"file_name":"src/arguments/parse.rs","byte_start":11,"byte_end":14,"line_start":1,"line_end":1,"column_start":12,"column_end":15,"is_primary":true,"text":[{"text":"use clap::{App, Arg, ArgMatches, SubCommand};","highlight_start":12,"highlight_end":15}],"label":"no `App` in the root","suggested_replacement":null,"suggestion_applicability":null,"expansion":null},{"file_name":"src/arguments/parse.rs","byte_start":33,"byte_end":43,"line_start":1,"line_end":1,"column_start":34,"column_end":44,"is_primary":true,"text":[{"text":"use clap::{App, Arg, ArgMatches, SubCommand};","highlight_start":34,"highlight_end":44}],"label":"no `SubCommand` in the root","suggested_replacement":null,"suggestion_applicability":null,"expansion":null}],"children":[{"message":"a similar name exists in the module","code":null,"level":"help","spans":[{"file_name":"src/arguments/parse.rs","byte_start":33,"byte_end":43,"line_start":1,"line_end":1,"column_start":34,"column_end":44,"is_primary":true,"text":[{"text":"use clap::{App, Arg, ArgMatches, SubCommand};","highlight_start":34,"highlight_end":44}],"label":null,"suggested_replacement":"Subcommand","suggestion_applicability":"MaybeIncorrect","expansion":null}],"children":[],"rendered":null}],"rendered":"\u001b[0m\u001b[1m\u001b[38;5;9merror[E0432]\u001b[0m\u001b[0m\u001b[1m: unresolved imports `clap::App`, `clap::SubCommand`\u001b[0m\n\u001b[0m \u001b[0m\u001b[0m\u001b[1m\u001b[38;5;12m--> \u001b[0m\u001b[0msrc/arguments/parse.rs:1:12\u001b[0m\n\u001b[0m  \u001b[0m\u001b[0m\u001b[1m\u001b[38;5;12m|\u001b[0m\n\u001b[0m\u001b[1m\u001b[38;5;12m1\u001b[0m\u001b[0m \u001b[0m\u001b[0m\u001b[1m\u001b[38;5;12m|\u001b[0m\u001b[0m \u001b[0m\u001b[0muse clap::{App, Arg, ArgMatches, SubCommand};\u001b[0m\n\u001b[0m  \u001b[0m\u001b[0m\u001b[1m\u001b[38;5;12m| \u001b[0m\u001b[0m           \u001b[0m\u001b[0m\u001b[1m\u001b[38;5;9m^^^\u001b[0m\u001b[0m                   \u001b[0m\u001b[0m\u001b[1m\u001b[38;5;9m^^^^^^^^^^\u001b[0m\n\u001b[0m  \u001b[0m\u001b[0m\u001b[1m\u001b[38;5;12m| \u001b[0m\u001b[0m           \u001b[0m\u001b[0m\u001b[1m\u001b[38;5;9m|\u001b[0m\u001b[0m                     \u001b[0m\u001b[0m\u001b[1m\u001b[38;5;9m|\u001b[0m\n\u001b[0m  \u001b[0m\u001b[0m\u001b[1m\u001b[38;5;12m| \u001b[0m\u001b[0m           \u001b[0m\u001b[0m\u001b[1m\u001b[38;5;9m|\u001b[0m\u001b[0m                     \u001b[0m\u001b[0m\u001b[1m\u001b[38;5;9mno `SubCommand` in the root\u001b[0m\n\u001b[0m  \u001b[0m\u001b[0m\u001b[1m\u001b[38;5;12m| \u001b[0m\u001b[0m           \u001b[0m\u001b[0m\u001b[1m\u001b[38;5;9m|\u001b[0m\u001b[0m                     \u001b[0m\u001b[0m\u001b[1m\u001b[38;5;9mhelp: a similar name exists in the module (notice the capitalization): `Subcommand`\u001b[0m\n\u001b[0m  \u001b[0m\u001b[0m\u001b[1m\u001b[38;5;12m| \u001b[0m\u001b[0m           \u001b[0m\u001b[0m\u001b[1m\u001b[38;5;9mno `App` in the root\u001b[0m\n\n"}
{"message":"unresolved import `crate::lib::catchPackets`","code":{"code":"E0432","explanation":"An import was unresolved.\n\nErroneous code example:\n\n```compile_fail,E0432\nuse something::Foo; // error: unresolved import `something::Foo`.\n```\n\nIn Rust 2015, paths in `use` statements are relative to the crate root. To\nimport items relative to the current and parent modules, use the `self::` and\n`super::` prefixes, respectively.\n\nIn Rust 2018 or later, paths in `use` statements are relative to the current\nmodule unless they begin with the name of a crate or a literal `crate::`, in\nwhich case they start from the crate root. As in Rust 2015 code, the `self::`\nand `super::` prefixes refer to the current and parent modules respectively.\n\nAlso verify that you didn't misspell the import name and that the import exists\nin the module from where you tried to import it. Example:\n\n```\nuse self::something::Foo; // Ok.\n\nmod something {\n    pub struct Foo;\n}\n# fn main() {}\n```\n\nIf you tried to use a module from an external crate and are using Rust 2015,\nyou may have missed the `extern crate` declaration (which is usually placed in\nthe crate root):\n\n```edition2015\nextern crate core; // Required to use the `core` crate in Rust 2015.\n\nuse core::any;\n# fn main() {}\n```\n\nSince Rust 2018 the `extern crate` declaration is not required and\nyou can instead just `use` it:\n\n```edition2018\nuse core::any; // No extern crate required in Rust 2018.\n# fn main() {}\n```\n"},"level":"error","spans":[{"file_name":"src/arguments/parse.rs","byte_start":62,"byte_end":74,"line_start":2,"line_end":2,"column_start":17,"column_end":29,"is_primary":true,"text":[{"text":"use crate::lib::catchPackets::packetCapture;","highlight_start":17,"highlight_end":29}],"label":"could not find `catchPackets` in `lib`","suggested_replacement":null,"suggestion_applicability":null,"expansion":null}],"children":[],"rendered":"\u001b[0m\u001b[1m\u001b[38;5;9merror[E0432]\u001b[0m\u001b[0m\u001b[1m: unresolved import `crate::lib::catchPackets`\u001b[0m\n\u001b[0m \u001b[0m\u001b[0m\u001b[1m\u001b[38;5;12m--> \u001b[0m\u001b[0msrc/arguments/parse.rs:2:17\u001b[0m\n\u001b[0m  \u001b[0m\u001b[0m\u001b[1m\u001b[38;5;12m|\u001b[0m\n\u001b[0m\u001b[1m\u001b[38;5;12m2\u001b[0m\u001b[0m \u001b[0m\u001b[0m\u001b[1m\u001b[38;5;12m|\u001b[0m\u001b[0m \u001b[0m\u001b[0muse crate::lib::catchPackets::packetCapture;\u001b[0m\n\u001b[0m  \u001b[0m\u001b[0m\u001b[1m\u001b[38;5;12m| \u001b[0m\u001b[0m                \u001b[0m\u001b[0m\u001b[1m\u001b[38;5;9m^^^^^^^^^^^^\u001b[0m\u001b[0m \u001b[0m\u001b[0m\u001b[1m\u001b[38;5;9mcould not find `catchPackets` in `lib`\u001b[0m\n\n"}
{"message":"unresolved imports `clap::crate_authors`, `clap::crate_description`, `clap::crate_name`, `clap::crate_version`, `clap::App`","code":{"code":"E0432","explanation":"An import was unresolved.\n\nErroneous code example:\n\n```compile_fail,E0432\nuse something::Foo; // error: unresolved import `something::Foo`.\n```\n\nIn Rust 2015, paths in `use` statements are relative to the crate root. To\nimport items relative to the current and parent modules, use the `self::` and\n`super::` prefixes, respectively.\n\nIn Rust 2018 or later, paths in `use` statements are relative to the current\nmodule unless they begin with the name of a crate or a literal `crate::`, in\nwhich case they start from the crate root. As in Rust 2015 code, the `self::`\nand `super::` prefixes refer to the current and parent modules respectively.\n\nAlso verify that you didn't misspell the import name and that the import exists\nin the module from where you tried to import it. Example:\n\n```\nuse self::something::Foo; // Ok.\n\nmod something {\n    pub struct Foo;\n}\n# fn main() {}\n```\n\nIf you tried to use a module from an external crate and are using Rust 2015,\nyou may have missed the `extern crate` declaration (which is usually placed in\nthe crate root):\n\n```edition2015\nextern crate core; // Required to use the `core` crate in Rust 2015.\n\nuse core::any;\n# fn main() {}\n```\n\nSince Rust 2018 the `extern crate` declaration is not required and\nyou can instead just `use` it:\n\n```edition2018\nuse core::any; // No extern crate required in Rust 2018.\n# fn main() {}\n```\n"},"level":"error","spans":[{"file_name":"src/arguments/mod.rs","byte_start":34,"byte_end":47,"line_start":4,"line_end":4,"column_start":12,"column_end":25,"is_primary":true,"text":[{"text":"use clap::{crate_authors, crate_description, crate_name, crate_version, App};","highlight_start":12,"highlight_end":25}],"label":"no `crate_authors` in the root","suggested_replacement":null,"suggestion_applicability":null,"expansion":null},{"file_name":"src/arguments/mod.rs","byte_start":49,"byte_end":66,"line_start":4,"line_end":4,"column_start":27,"column_end":44,"is_primary":true,"text":[{"text":"use clap::{crate_authors, crate_description, crate_name, crate_version, App};","highlight_start":27,"highlight_end":44}],"label":"no `crate_description` in the root","suggested_replacement":null,"suggestion_applicability":null,"expansion":null},{"file_name":"src/arguments/mod.rs","byte_start":68,"byte_end":78,"line_start":4,"line_end":4,"column_start":46,"column_end":56,"is_primary":true,"text":[{"text":"use clap::{crate_authors, crate_description, crate_name, crate_version, App};","highlight_start":46,"highlight_end":56}],"label":"no `crate_name` in the root","suggested_replacement":null,"suggestion_applicability":null,"expansion":null},{"file_name":"src/arguments/mod.rs","byte_start":80,"byte_end":93,"line_start":4,"line_end":4,"column_start":58,"column_end":71,"is_primary":true,"text":[{"text":"use clap::{crate_authors, crate_description, crate_name, crate_version, App};","highlight_start":58,"highlight_end":71}],"label":"no `crate_version` in the root","suggested_replacement":null,"suggestion_applicability":null,"expansion":null},{"file_name":"src/arguments/mod.rs","byte_start":95,"byte_end":98,"line_start":4,"line_end":4,"column_start":73,"column_end":76,"is_primary":true,"text":[{"text":"use clap::{crate_authors, crate_description, crate_name, crate_version, App};","highlight_start":73,"highlight_end":76}],"label":"no `App` in the root","suggested_replacement":null,"suggestion_applicability":null,"expansion":null}],"children":[],"rendered":"\u001b[0m\u001b[1m\u001b[38;5;9merror[E0432]\u001b[0m\u001b[0m\u001b[1m: unresolved imports `clap::crate_authors`, `clap::crate_description`, `clap::crate_name`, `clap::crate_version`, `clap::App`\u001b[0m\n\u001b[0m \u001b[0m\u001b[0m\u001b[1m\u001b[38;5;12m--> \u001b[0m\u001b[0msrc/arguments/mod.rs:4:12\u001b[0m\n\u001b[0m  \u001b[0m\u001b[0m\u001b[1m\u001b[38;5;12m|\u001b[0m\n\u001b[0m\u001b[1m\u001b[38;5;12m4\u001b[0m\u001b[0m \u001b[0m\u001b[0m\u001b[1m\u001b[38;5;12m|\u001b[0m\u001b[0m \u001b[0m\u001b[0muse clap::{crate_authors, crate_description, crate_name, crate_version, App};\u001b[0m\n\u001b[0m  \u001b[0m\u001b[0m\u001b[1m\u001b[38;5;12m| \u001b[0m\u001b[0m           \u001b[0m\u001b[0m\u001b[1m\u001b[38;5;9m^^^^^^^^^^^^^\u001b[0m\u001b[0m  \u001b[0m\u001b[0m\u001b[1m\u001b[38;5;9m^^^^^^^^^^^^^^^^^\u001b[0m\u001b[0m  \u001b[0m\u001b[0m\u001b[1m\u001b[38;5;9m^^^^^^^^^^\u001b[0m\u001b[0m  \u001b[0m\u001b[0m\u001b[1m\u001b[38;5;9m^^^^^^^^^^^^^\u001b[0m\u001b[0m  \u001b[0m\u001b[0m\u001b[1m\u001b[38;5;9m^^^\u001b[0m\u001b[0m \u001b[0m\u001b[0m\u001b[1m\u001b[38;5;9mno `App` in the root\u001b[0m\n\u001b[0m  \u001b[0m\u001b[0m\u001b[1m\u001b[38;5;12m| \u001b[0m\u001b[0m           \u001b[0m\u001b[0m\u001b[1m\u001b[38;5;9m|\u001b[0m\u001b[0m              \u001b[0m\u001b[0m\u001b[1m\u001b[38;5;9m|\u001b[0m\u001b[0m                  \u001b[0m\u001b[0m\u001b[1m\u001b[38;5;9m|\u001b[0m\u001b[0m           \u001b[0m\u001b[0m\u001b[1m\u001b[38;5;9m|\u001b[0m\n\u001b[0m  \u001b[0m\u001b[0m\u001b[1m\u001b[38;5;12m| \u001b[0m\u001b[0m           \u001b[0m\u001b[0m\u001b[1m\u001b[38;5;9m|\u001b[0m\u001b[0m              \u001b[0m\u001b[0m\u001b[1m\u001b[38;5;9m|\u001b[0m\u001b[0m                  \u001b[0m\u001b[0m\u001b[1m\u001b[38;5;9m|\u001b[0m\u001b[0m           \u001b[0m\u001b[0m\u001b[1m\u001b[38;5;9mno `crate_version` in the root\u001b[0m\n\u001b[0m  \u001b[0m\u001b[0m\u001b[1m\u001b[38;5;12m| \u001b[0m\u001b[0m           \u001b[0m\u001b[0m\u001b[1m\u001b[38;5;9m|\u001b[0m\u001b[0m              \u001b[0m\u001b[0m\u001b[1m\u001b[38;5;9m|\u001b[0m\u001b[0m                  \u001b[0m\u001b[0m\u001b[1m\u001b[38;5;9mno `crate_name` in the root\u001b[0m\n\u001b[0m  \u001b[0m\u001b[0m\u001b[1m\u001b[38;5;12m| \u001b[0m\u001b[0m           \u001b[0m\u001b[0m\u001b[1m\u001b[38;5;9m|\u001b[0m\u001b[0m              \u001b[0m\u001b[0m\u001b[1m\u001b[38;5;9mno `crate_description` in the root\u001b[0m\n\u001b[0m  \u001b[0m\u001b[0m\u001b[1m\u001b[38;5;12m| \u001b[0m\u001b[0m           \u001b[0m\u001b[0m\u001b[1m\u001b[38;5;9mno `crate_authors` in the root\u001b[0m\n\n"}
{"message":"unresolved import `crate::arguments::catch::catchSubcommand`","code":{"code":"E0432","explanation":"An import was unresolved.\n\nErroneous code example:\n\n```compile_fail,E0432\nuse something::Foo; // error: unresolved import `something::Foo`.\n```\n\nIn Rust 2015, paths in `use` statements are relative to the crate root. To\nimport items relative to the current and parent modules, use the `self::` and\n`super::` prefixes, respectively.\n\nIn Rust 2018 or later, paths in `use` statements are relative to the current\nmodule unless they begin with the name of a crate or a literal `crate::`, in\nwhich case they start from the crate root. As in Rust 2015 code, the `self::`\nand `super::` prefixes refer to the current and parent modules respectively.\n\nAlso verify that you didn't misspell the import name and that the import exists\nin the module from where you tried to import it. Example:\n\n```\nuse self::something::Foo; // Ok.\n\nmod something {\n    pub struct Foo;\n}\n# fn main() {}\n```\n\nIf you tried to use a module from an external crate and are using Rust 2015,\nyou may have missed the `extern crate` declaration (which is usually placed in\nthe crate root):\n\n```edition2015\nextern crate core; // Required to use the `core` crate in Rust 2015.\n\nuse core::any;\n# fn main() {}\n```\n\nSince Rust 2018 the `extern crate` declaration is not required and\nyou can instead just `use` it:\n\n```edition2018\nuse core::any; // No extern crate required in Rust 2018.\n# fn main() {}\n```\n"},"level":"error","spans":[{"file_name":"src/arguments/mod.rs","byte_start":159,"byte_end":199,"line_start":8,"line_end":8,"column_start":5,"column_end":45,"is_primary":true,"text":[{"text":"use crate::arguments::catch::catchSubcommand;","highlight_start":5,"highlight_end":45}],"label":"no `catchSubcommand` in `arguments::catch`","suggested_replacement":null,"suggestion_applicability":null,"expansion":null}],"children":[],"rendered":"\u001b[0m\u001b[1m\u001b[38;5;9merror[E0432]\u001b[0m\u001b[0m\u001b[1m: unresolved import `crate::arguments::catch::catchSubcommand`\u001b[0m\n\u001b[0m \u001b[0m\u001b[0m\u001b[1m\u001b[38;5;12m--> \u001b[0m\u001b[0msrc/arguments/mod.rs:8:5\u001b[0m\n\u001b[0m  \u001b[0m\u001b[0m\u001b[1m\u001b[38;5;12m|\u001b[0m\n\u001b[0m\u001b[1m\u001b[38;5;12m8\u001b[0m\u001b[0m \u001b[0m\u001b[0m\u001b[1m\u001b[38;5;12m|\u001b[0m\u001b[0m \u001b[0m\u001b[0muse crate::arguments::catch::catchSubcommand;\u001b[0m\n\u001b[0m  \u001b[0m\u001b[0m\u001b[1m\u001b[38;5;12m| \u001b[0m\u001b[0m    \u001b[0m\u001b[0m\u001b[1m\u001b[38;5;9m^^^^^^^^^^^^^^^^^^^^^^^^^^^^^^^^^^^^^^^^\u001b[0m\u001b[0m \u001b[0m\u001b[0m\u001b[1m\u001b[38;5;9mno `catchSubcommand` in `arguments::catch`\u001b[0m\n\n"}
{"message":"unresolved import `crate::arguments::parse::parseSubcommand`","code":{"code":"E0432","explanation":"An import was unresolved.\n\nErroneous code example:\n\n```compile_fail,E0432\nuse something::Foo; // error: unresolved import `something::Foo`.\n```\n\nIn Rust 2015, paths in `use` statements are relative to the crate root. To\nimport items relative to the current and parent modules, use the `self::` and\n`super::` prefixes, respectively.\n\nIn Rust 2018 or later, paths in `use` statements are relative to the current\nmodule unless they begin with the name of a crate or a literal `crate::`, in\nwhich case they start from the crate root. As in Rust 2015 code, the `self::`\nand `super::` prefixes refer to the current and parent modules respectively.\n\nAlso verify that you didn't misspell the import name and that the import exists\nin the module from where you tried to import it. Example:\n\n```\nuse self::something::Foo; // Ok.\n\nmod something {\n    pub struct Foo;\n}\n# fn main() {}\n```\n\nIf you tried to use a module from an external crate and are using Rust 2015,\nyou may have missed the `extern crate` declaration (which is usually placed in\nthe crate root):\n\n```edition2015\nextern crate core; // Required to use the `core` crate in Rust 2015.\n\nuse core::any;\n# fn main() {}\n```\n\nSince Rust 2018 the `extern crate` declaration is not required and\nyou can instead just `use` it:\n\n```edition2018\nuse core::any; // No extern crate required in Rust 2018.\n# fn main() {}\n```\n"},"level":"error","spans":[{"file_name":"src/arguments/mod.rs","byte_start":205,"byte_end":245,"line_start":9,"line_end":9,"column_start":5,"column_end":45,"is_primary":true,"text":[{"text":"use crate::arguments::parse::parseSubcommand;","highlight_start":5,"highlight_end":45}],"label":"no `parseSubcommand` in `arguments::parse`","suggested_replacement":null,"suggestion_applicability":null,"expansion":null}],"children":[{"message":"a similar name exists in the module","code":null,"level":"help","spans":[{"file_name":"src/arguments/mod.rs","byte_start":230,"byte_end":245,"line_start":9,"line_end":9,"column_start":30,"column_end":45,"is_primary":true,"text":[{"text":"use crate::arguments::parse::parseSubcommand;","highlight_start":30,"highlight_end":45}],"label":null,"suggested_replacement":"ParseSubcommand","suggestion_applicability":"MaybeIncorrect","expansion":null}],"children":[],"rendered":null}],"rendered":"\u001b[0m\u001b[1m\u001b[38;5;9merror[E0432]\u001b[0m\u001b[0m\u001b[1m: unresolved import `crate::arguments::parse::parseSubcommand`\u001b[0m\n\u001b[0m \u001b[0m\u001b[0m\u001b[1m\u001b[38;5;12m--> \u001b[0m\u001b[0msrc/arguments/mod.rs:9:5\u001b[0m\n\u001b[0m  \u001b[0m\u001b[0m\u001b[1m\u001b[38;5;12m|\u001b[0m\n\u001b[0m\u001b[1m\u001b[38;5;12m9\u001b[0m\u001b[0m \u001b[0m\u001b[0m\u001b[1m\u001b[38;5;12m|\u001b[0m\u001b[0m \u001b[0m\u001b[0muse crate::arguments::parse::parseSubcommand;\u001b[0m\n\u001b[0m  \u001b[0m\u001b[0m\u001b[1m\u001b[38;5;12m| \u001b[0m\u001b[0m    \u001b[0m\u001b[0m\u001b[1m\u001b[38;5;9m^^^^^^^^^^^^^^^^^^^^^^^^^\u001b[0m\u001b[0m\u001b[1m\u001b[38;5;12m---------------\u001b[0m\n\u001b[0m  \u001b[0m\u001b[0m\u001b[1m\u001b[38;5;12m| \u001b[0m\u001b[0m    \u001b[0m\u001b[0m\u001b[1m\u001b[38;5;9m|\u001b[0m\u001b[0m                        \u001b[0m\u001b[0m\u001b[1m\u001b[38;5;12m|\u001b[0m\n\u001b[0m  \u001b[0m\u001b[0m\u001b[1m\u001b[38;5;12m| \u001b[0m\u001b[0m    \u001b[0m\u001b[0m\u001b[1m\u001b[38;5;9m|\u001b[0m\u001b[0m                        \u001b[0m\u001b[0m\u001b[1m\u001b[38;5;12mhelp: a similar name exists in the module: `ParseSubcommand`\u001b[0m\n\u001b[0m  \u001b[0m\u001b[0m\u001b[1m\u001b[38;5;12m| \u001b[0m\u001b[0m    \u001b[0m\u001b[0m\u001b[1m\u001b[38;5;9mno `parseSubcommand` in `arguments::parse`\u001b[0m\n\n"}
{"message":"unresolved import `crate::lib::packet_capture`","code":{"code":"E0432","explanation":"An import was unresolved.\n\nErroneous code example:\n\n```compile_fail,E0432\nuse something::Foo; // error: unresolved import `something::Foo`.\n```\n\nIn Rust 2015, paths in `use` statements are relative to the crate root. To\nimport items relative to the current and parent modules, use the `self::` and\n`super::` prefixes, respectively.\n\nIn Rust 2018 or later, paths in `use` statements are relative to the current\nmodule unless they begin with the name of a crate or a literal `crate::`, in\nwhich case they start from the crate root. As in Rust 2015 code, the `self::`\nand `super::` prefixes refer to the current and parent modules respectively.\n\nAlso verify that you didn't misspell the import name and that the import exists\nin the module from where you tried to import it. Example:\n\n```\nuse self::something::Foo; // Ok.\n\nmod something {\n    pub struct Foo;\n}\n# fn main() {}\n```\n\nIf you tried to use a module from an external crate and are using Rust 2015,\nyou may have missed the `extern crate` declaration (which is usually placed in\nthe crate root):\n\n```edition2015\nextern crate core; // Required to use the `core` crate in Rust 2015.\n\nuse core::any;\n# fn main() {}\n```\n\nSince Rust 2018 the `extern crate` declaration is not required and\nyou can instead just `use` it:\n\n```edition2018\nuse core::any; // No extern crate required in Rust 2018.\n# fn main() {}\n```\n"},"level":"error","spans":[{"file_name":"src/arguments/mod.rs","byte_start":263,"byte_end":277,"line_start":10,"line_end":10,"column_start":17,"column_end":31,"is_primary":true,"text":[{"text":"use crate::lib::packet_capture::catchPackets;","highlight_start":17,"highlight_end":31}],"label":"could not find `packet_capture` in `lib`","suggested_replacement":null,"suggestion_applicability":null,"expansion":null}],"children":[],"rendered":"\u001b[0m\u001b[1m\u001b[38;5;9merror[E0432]\u001b[0m\u001b[0m\u001b[1m: unresolved import `crate::lib::packet_capture`\u001b[0m\n\u001b[0m  \u001b[0m\u001b[0m\u001b[1m\u001b[38;5;12m--> \u001b[0m\u001b[0msrc/arguments/mod.rs:10:17\u001b[0m\n\u001b[0m   \u001b[0m\u001b[0m\u001b[1m\u001b[38;5;12m|\u001b[0m\n\u001b[0m\u001b[1m\u001b[38;5;12m10\u001b[0m\u001b[0m \u001b[0m\u001b[0m\u001b[1m\u001b[38;5;12m|\u001b[0m\u001b[0m \u001b[0m\u001b[0muse crate::lib::packet_capture::catchPackets;\u001b[0m\n\u001b[0m   \u001b[0m\u001b[0m\u001b[1m\u001b[38;5;12m| \u001b[0m\u001b[0m                \u001b[0m\u001b[0m\u001b[1m\u001b[38;5;9m^^^^^^^^^^^^^^\u001b[0m\u001b[0m \u001b[0m\u001b[0m\u001b[1m\u001b[38;5;9mcould not find `packet_capture` in `lib`\u001b[0m\n\n"}
{"message":"cannot determine resolution for the macro `crate_name`","code":null,"level":"error","spans":[{"file_name":"src/arguments/mod.rs","byte_start":450,"byte_end":460,"line_start":16,"line_end":16,"column_start":28,"column_end":38,"is_primary":true,"text":[{"text":"    let matches = App::new(crate_name!())","highlight_start":28,"highlight_end":38}],"label":null,"suggested_replacement":null,"suggestion_applicability":null,"expansion":null}],"children":[{"message":"import resolution is stuck, try simplifying macro imports","code":null,"level":"note","spans":[],"children":[],"rendered":null}],"rendered":"\u001b[0m\u001b[1m\u001b[38;5;9merror\u001b[0m\u001b[0m\u001b[1m: cannot determine resolution for the macro `crate_name`\u001b[0m\n\u001b[0m  \u001b[0m\u001b[0m\u001b[1m\u001b[38;5;12m--> \u001b[0m\u001b[0msrc/arguments/mod.rs:16:28\u001b[0m\n\u001b[0m   \u001b[0m\u001b[0m\u001b[1m\u001b[38;5;12m|\u001b[0m\n\u001b[0m\u001b[1m\u001b[38;5;12m16\u001b[0m\u001b[0m \u001b[0m\u001b[0m\u001b[1m\u001b[38;5;12m|\u001b[0m\u001b[0m \u001b[0m\u001b[0m    let matches = App::new(crate_name!())\u001b[0m\n\u001b[0m   \u001b[0m\u001b[0m\u001b[1m\u001b[38;5;12m| \u001b[0m\u001b[0m                           \u001b[0m\u001b[0m\u001b[1m\u001b[38;5;9m^^^^^^^^^^\u001b[0m\n\u001b[0m   \u001b[0m\u001b[0m\u001b[1m\u001b[38;5;12m|\u001b[0m\n\u001b[0m   \u001b[0m\u001b[0m\u001b[1m\u001b[38;5;12m= \u001b[0m\u001b[0m\u001b[1mnote\u001b[0m\u001b[0m: import resolution is stuck, try simplifying macro imports\u001b[0m\n\n"}
{"message":"cannot determine resolution for the macro `crate_version`","code":null,"level":"error","spans":[{"file_name":"src/arguments/mod.rs","byte_start":482,"byte_end":495,"line_start":17,"line_end":17,"column_start":18,"column_end":31,"is_primary":true,"text":[{"text":"        .version(crate_version!())","highlight_start":18,"highlight_end":31}],"label":null,"suggested_replacement":null,"suggestion_applicability":null,"expansion":null}],"children":[{"message":"import resolution is stuck, try simplifying macro imports","code":null,"level":"note","spans":[],"children":[],"rendered":null}],"rendered":"\u001b[0m\u001b[1m\u001b[38;5;9merror\u001b[0m\u001b[0m\u001b[1m: cannot determine resolution for the macro `crate_version`\u001b[0m\n\u001b[0m  \u001b[0m\u001b[0m\u001b[1m\u001b[38;5;12m--> \u001b[0m\u001b[0msrc/arguments/mod.rs:17:18\u001b[0m\n\u001b[0m   \u001b[0m\u001b[0m\u001b[1m\u001b[38;5;12m|\u001b[0m\n\u001b[0m\u001b[1m\u001b[38;5;12m17\u001b[0m\u001b[0m \u001b[0m\u001b[0m\u001b[1m\u001b[38;5;12m|\u001b[0m\u001b[0m \u001b[0m\u001b[0m        .version(crate_version!())\u001b[0m\n\u001b[0m   \u001b[0m\u001b[0m\u001b[1m\u001b[38;5;12m| \u001b[0m\u001b[0m                 \u001b[0m\u001b[0m\u001b[1m\u001b[38;5;9m^^^^^^^^^^^^^\u001b[0m\n\u001b[0m   \u001b[0m\u001b[0m\u001b[1m\u001b[38;5;12m|\u001b[0m\n\u001b[0m   \u001b[0m\u001b[0m\u001b[1m\u001b[38;5;12m= \u001b[0m\u001b[0m\u001b[1mnote\u001b[0m\u001b[0m: import resolution is stuck, try simplifying macro imports\u001b[0m\n\n"}
{"message":"cannot determine resolution for the macro `crate_authors`","code":null,"level":"error","spans":[{"file_name":"src/arguments/mod.rs","byte_start":516,"byte_end":529,"line_start":18,"line_end":18,"column_start":17,"column_end":30,"is_primary":true,"text":[{"text":"        .author(crate_authors!())","highlight_start":17,"highlight_end":30}],"label":null,"suggested_replacement":null,"suggestion_applicability":null,"expansion":null}],"children":[{"message":"import resolution is stuck, try simplifying macro imports","code":null,"level":"note","spans":[],"children":[],"rendered":null}],"rendered":"\u001b[0m\u001b[1m\u001b[38;5;9merror\u001b[0m\u001b[0m\u001b[1m: cannot determine resolution for the macro `crate_authors`\u001b[0m\n\u001b[0m  \u001b[0m\u001b[0m\u001b[1m\u001b[38;5;12m--> \u001b[0m\u001b[0msrc/arguments/mod.rs:18:17\u001b[0m\n\u001b[0m   \u001b[0m\u001b[0m\u001b[1m\u001b[38;5;12m|\u001b[0m\n\u001b[0m\u001b[1m\u001b[38;5;12m18\u001b[0m\u001b[0m \u001b[0m\u001b[0m\u001b[1m\u001b[38;5;12m|\u001b[0m\u001b[0m \u001b[0m\u001b[0m        .author(crate_authors!())\u001b[0m\n\u001b[0m   \u001b[0m\u001b[0m\u001b[1m\u001b[38;5;12m| \u001b[0m\u001b[0m                \u001b[0m\u001b[0m\u001b[1m\u001b[38;5;9m^^^^^^^^^^^^^\u001b[0m\n\u001b[0m   \u001b[0m\u001b[0m\u001b[1m\u001b[38;5;12m|\u001b[0m\n\u001b[0m   \u001b[0m\u001b[0m\u001b[1m\u001b[38;5;12m= \u001b[0m\u001b[0m\u001b[1mnote\u001b[0m\u001b[0m: import resolution is stuck, try simplifying macro imports\u001b[0m\n\n"}
{"message":"cannot determine resolution for the macro `crate_description`","code":null,"level":"error","spans":[{"file_name":"src/arguments/mod.rs","byte_start":549,"byte_end":566,"line_start":19,"line_end":19,"column_start":16,"column_end":33,"is_primary":true,"text":[{"text":"        .about(crate_description!())","highlight_start":16,"highlight_end":33}],"label":null,"suggested_replacement":null,"suggestion_applicability":null,"expansion":null}],"children":[{"message":"import resolution is stuck, try simplifying macro imports","code":null,"level":"note","spans":[],"children":[],"rendered":null}],"rendered":"\u001b[0m\u001b[1m\u001b[38;5;9merror\u001b[0m\u001b[0m\u001b[1m: cannot determine resolution for the macro `crate_description`\u001b[0m\n\u001b[0m  \u001b[0m\u001b[0m\u001b[1m\u001b[38;5;12m--> \u001b[0m\u001b[0msrc/arguments/mod.rs:19:16\u001b[0m\n\u001b[0m   \u001b[0m\u001b[0m\u001b[1m\u001b[38;5;12m|\u001b[0m\n\u001b[0m\u001b[1m\u001b[38;5;12m19\u001b[0m\u001b[0m \u001b[0m\u001b[0m\u001b[1m\u001b[38;5;12m|\u001b[0m\u001b[0m \u001b[0m\u001b[0m        .about(crate_description!())\u001b[0m\n\u001b[0m   \u001b[0m\u001b[0m\u001b[1m\u001b[38;5;12m| \u001b[0m\u001b[0m               \u001b[0m\u001b[0m\u001b[1m\u001b[38;5;9m^^^^^^^^^^^^^^^^^\u001b[0m\n\u001b[0m   \u001b[0m\u001b[0m\u001b[1m\u001b[38;5;12m|\u001b[0m\n\u001b[0m   \u001b[0m\u001b[0m\u001b[1m\u001b[38;5;12m= \u001b[0m\u001b[0m\u001b[1mnote\u001b[0m\u001b[0m: import resolution is stuck, try simplifying macro imports\u001b[0m\n\n"}
{"message":"can't use generic parameters from outer function","code":{"code":"E0401","explanation":"Inner items do not inherit type or const parameters from the functions\nthey are embedded in.\n\nErroneous code example:\n\n```compile_fail,E0401\nfn foo<T>(x: T) {\n    fn bar(y: T) { // T is defined in the \"outer\" function\n        // ..\n    }\n    bar(x);\n}\n```\n\nNor will this:\n\n```compile_fail,E0401\nfn foo<T>(x: T) {\n    type MaybeT = Option<T>;\n    // ...\n}\n```\n\nOr this:\n\n```compile_fail,E0401\nfn foo<T>(x: T) {\n    struct Foo {\n        x: T,\n    }\n    // ...\n}\n```\n\nItems inside functions are basically just like top-level items, except\nthat they can only be used from the function they are in.\n\nThere are a couple of solutions for this.\n\nIf the item is a function, you may use a closure:\n\n```\nfn foo<T>(x: T) {\n    let bar = |y: T| { // explicit type annotation may not be necessary\n        // ..\n    };\n    bar(x);\n}\n```\n\nFor a generic item, you can copy over the parameters:\n\n```\nfn foo<T>(x: T) {\n    fn bar<T>(y: T) {\n        // ..\n    }\n    bar(x);\n}\n```\n\n```\nfn foo<T>(x: T) {\n    type MaybeT<T> = Option<T>;\n}\n```\n\nBe sure to copy over any bounds as well:\n\n```\nfn foo<T: Copy>(x: T) {\n    fn bar<T: Copy>(y: T) {\n        // ..\n    }\n    bar(x);\n}\n```\n\n```\nfn foo<T: Copy>(x: T) {\n    struct Foo<T: Copy> {\n        x: T,\n    }\n}\n```\n\nThis may require additional type hints in the function body.\n\nIn case the item is a function inside an `impl`, defining a private helper\nfunction might be easier:\n\n```\n# struct Foo<T>(T);\nimpl<T> Foo<T> {\n    pub fn foo(&self, x: T) {\n        self.bar(x);\n    }\n\n    fn bar(&self, y: T) {\n        // ..\n    }\n}\n```\n\nFor default impls in traits, the private helper solution won't work, however\nclosures or copying the parameters should still work.\n"},"level":"error","spans":[{"file_name":"src/arguments/catch.rs","byte_start":6501,"byte_end":6506,"line_start":164,"line_end":164,"column_start":35,"column_end":40,"is_primary":true,"text":[{"text":"            fn get_precision_type(&self, val: &str) -> Result<Precision, ()> {","highlight_start":35,"highlight_end":40}],"label":"use of generic parameter from outer function","suggested_replacement":null,"suggestion_applicability":null,"expansion":null},{"file_name":"src/arguments/catch.rs","byte_start":1191,"byte_end":1195,"line_start":44,"line_end":44,"column_start":5,"column_end":9,"is_primary":false,"text":[{"text":"    impl <'a, 'b> captureSubCommand{","highlight_start":5,"highlight_end":9}],"label":"`Self` type implicitly declared here, by this `impl`","suggested_replacement":null,"suggestion_applicability":null,"expansion":null},{"file_name":"src/arguments/catch.rs","byte_start":6501,"byte_end":6506,"line_start":164,"line_end":164,"column_start":35,"column_end":40,"is_primary":true,"text":[{"text":"            fn get_precision_type(&self, val: &str) -> Result<Precision, ()> {","highlight_start":35,"highlight_end":40}],"label":"use a type here instead","suggested_replacement":null,"suggestion_applicability":null,"expansion":null}],"children":[],"rendered":"\u001b[0m\u001b[1m\u001b[38;5;9merror[E0401]\u001b[0m\u001b[0m\u001b[1m: can't use generic parameters from outer function\u001b[0m\n\u001b[0m   \u001b[0m\u001b[0m\u001b[1m\u001b[38;5;12m--> \u001b[0m\u001b[0msrc/arguments/catch.rs:164:35\u001b[0m\n\u001b[0m    \u001b[0m\u001b[0m\u001b[1m\u001b[38;5;12m|\u001b[0m\n\u001b[0m\u001b[1m\u001b[38;5;12m44\u001b[0m\u001b[0m  \u001b[0m\u001b[0m\u001b[1m\u001b[38;5;12m|\u001b[0m\u001b[0m \u001b[0m\u001b[0m    impl <'a, 'b> captureSubCommand{\u001b[0m\n\u001b[0m    \u001b[0m\u001b[0m\u001b[1m\u001b[38;5;12m| \u001b[0m\u001b[0m    \u001b[0m\u001b[0m\u001b[1m\u001b[38;5;12m----\u001b[0m\u001b[0m \u001b[0m\u001b[0m\u001b[1m\u001b[38;5;12m`Self` type implicitly declared here, by this `impl`\u001b[0m\n\u001b[0m\u001b[1m\u001b[38;5;12m...\u001b[0m\n\u001b[0m\u001b[1m\u001b[38;5;12m164\u001b[0m\u001b[0m \u001b[0m\u001b[0m\u001b[1m\u001b[38;5;12m|\u001b[0m\u001b[0m \u001b[0m\u001b[0m            fn get_precision_type(&self, val: &str) -> Result<Precision, ()> {\u001b[0m\n\u001b[0m    \u001b[0m\u001b[0m\u001b[1m\u001b[38;5;12m| \u001b[0m\u001b[0m                                  \u001b[0m\u001b[0m\u001b[1m\u001b[38;5;9m^^^^^\u001b[0m\n\u001b[0m    \u001b[0m\u001b[0m\u001b[1m\u001b[38;5;12m| \u001b[0m\u001b[0m                                  \u001b[0m\u001b[0m\u001b[1m\u001b[38;5;9m|\u001b[0m\n\u001b[0m    \u001b[0m\u001b[0m\u001b[1m\u001b[38;5;12m| \u001b[0m\u001b[0m                                  \u001b[0m\u001b[0m\u001b[1m\u001b[38;5;9muse of generic parameter from outer function\u001b[0m\n\u001b[0m    \u001b[0m\u001b[0m\u001b[1m\u001b[38;5;12m| \u001b[0m\u001b[0m                                  \u001b[0m\u001b[0m\u001b[1m\u001b[38;5;9muse a type here instead\u001b[0m\n\n"}
{"message":"can't use generic parameters from outer function","code":{"code":"E0401","explanation":"Inner items do not inherit type or const parameters from the functions\nthey are embedded in.\n\nErroneous code example:\n\n```compile_fail,E0401\nfn foo<T>(x: T) {\n    fn bar(y: T) { // T is defined in the \"outer\" function\n        // ..\n    }\n    bar(x);\n}\n```\n\nNor will this:\n\n```compile_fail,E0401\nfn foo<T>(x: T) {\n    type MaybeT = Option<T>;\n    // ...\n}\n```\n\nOr this:\n\n```compile_fail,E0401\nfn foo<T>(x: T) {\n    struct Foo {\n        x: T,\n    }\n    // ...\n}\n```\n\nItems inside functions are basically just like top-level items, except\nthat they can only be used from the function they are in.\n\nThere are a couple of solutions for this.\n\nIf the item is a function, you may use a closure:\n\n```\nfn foo<T>(x: T) {\n    let bar = |y: T| { // explicit type annotation may not be necessary\n        // ..\n    };\n    bar(x);\n}\n```\n\nFor a generic item, you can copy over the parameters:\n\n```\nfn foo<T>(x: T) {\n    fn bar<T>(y: T) {\n        // ..\n    }\n    bar(x);\n}\n```\n\n```\nfn foo<T>(x: T) {\n    type MaybeT<T> = Option<T>;\n}\n```\n\nBe sure to copy over any bounds as well:\n\n```\nfn foo<T: Copy>(x: T) {\n    fn bar<T: Copy>(y: T) {\n        // ..\n    }\n    bar(x);\n}\n```\n\n```\nfn foo<T: Copy>(x: T) {\n    struct Foo<T: Copy> {\n        x: T,\n    }\n}\n```\n\nThis may require additional type hints in the function body.\n\nIn case the item is a function inside an `impl`, defining a private helper\nfunction might be easier:\n\n```\n# struct Foo<T>(T);\nimpl<T> Foo<T> {\n    pub fn foo(&self, x: T) {\n        self.bar(x);\n    }\n\n    fn bar(&self, y: T) {\n        // ..\n    }\n}\n```\n\nFor default impls in traits, the private helper solution won't work, however\nclosures or copying the parameters should still work.\n"},"level":"error","spans":[{"file_name":"src/arguments/catch.rs","byte_start":6776,"byte_end":6781,"line_start":172,"line_end":172,"column_start":32,"column_end":37,"is_primary":true,"text":[{"text":"            fn get_tstamp_type(&self, val: &str) -> Result<TimestampType, ()> {","highlight_start":32,"highlight_end":37}],"label":"use of generic parameter from outer function","suggested_replacement":null,"suggestion_applicability":null,"expansion":null},{"file_name":"src/arguments/catch.rs","byte_start":1191,"byte_end":1195,"line_start":44,"line_end":44,"column_start":5,"column_end":9,"is_primary":false,"text":[{"text":"    impl <'a, 'b> captureSubCommand{","highlight_start":5,"highlight_end":9}],"label":"`Self` type implicitly declared here, by this `impl`","suggested_replacement":null,"suggestion_applicability":null,"expansion":null},{"file_name":"src/arguments/catch.rs","byte_start":6776,"byte_end":6781,"line_start":172,"line_end":172,"column_start":32,"column_end":37,"is_primary":true,"text":[{"text":"            fn get_tstamp_type(&self, val: &str) -> Result<TimestampType, ()> {","highlight_start":32,"highlight_end":37}],"label":"use a type here instead","suggested_replacement":null,"suggestion_applicability":null,"expansion":null}],"children":[],"rendered":"\u001b[0m\u001b[1m\u001b[38;5;9merror[E0401]\u001b[0m\u001b[0m\u001b[1m: can't use generic parameters from outer function\u001b[0m\n\u001b[0m   \u001b[0m\u001b[0m\u001b[1m\u001b[38;5;12m--> \u001b[0m\u001b[0msrc/arguments/catch.rs:172:32\u001b[0m\n\u001b[0m    \u001b[0m\u001b[0m\u001b[1m\u001b[38;5;12m|\u001b[0m\n\u001b[0m\u001b[1m\u001b[38;5;12m44\u001b[0m\u001b[0m  \u001b[0m\u001b[0m\u001b[1m\u001b[38;5;12m|\u001b[0m\u001b[0m \u001b[0m\u001b[0m    impl <'a, 'b> captureSubCommand{\u001b[0m\n\u001b[0m    \u001b[0m\u001b[0m\u001b[1m\u001b[38;5;12m| \u001b[0m\u001b[0m    \u001b[0m\u001b[0m\u001b[1m\u001b[38;5;12m----\u001b[0m\u001b[0m \u001b[0m\u001b[0m\u001b[1m\u001b[38;5;12m`Self` type implicitly declared here, by this `impl`\u001b[0m\n\u001b[0m\u001b[1m\u001b[38;5;12m...\u001b[0m\n\u001b[0m\u001b[1m\u001b[38;5;12m172\u001b[0m\u001b[0m \u001b[0m\u001b[0m\u001b[1m\u001b[38;5;12m|\u001b[0m\u001b[0m \u001b[0m\u001b[0m            fn get_tstamp_type(&self, val: &str) -> Result<TimestampType, ()> {\u001b[0m\n\u001b[0m    \u001b[0m\u001b[0m\u001b[1m\u001b[38;5;12m| \u001b[0m\u001b[0m                               \u001b[0m\u001b[0m\u001b[1m\u001b[38;5;9m^^^^^\u001b[0m\n\u001b[0m    \u001b[0m\u001b[0m\u001b[1m\u001b[38;5;12m| \u001b[0m\u001b[0m                               \u001b[0m\u001b[0m\u001b[1m\u001b[38;5;9m|\u001b[0m\n\u001b[0m    \u001b[0m\u001b[0m\u001b[1m\u001b[38;5;12m| \u001b[0m\u001b[0m                               \u001b[0m\u001b[0m\u001b[1m\u001b[38;5;9muse of generic parameter from outer function\u001b[0m\n\u001b[0m    \u001b[0m\u001b[0m\u001b[1m\u001b[38;5;12m| \u001b[0m\u001b[0m                               \u001b[0m\u001b[0m\u001b[1m\u001b[38;5;9muse a type here instead\u001b[0m\n\n"}
{"message":"cannot find type `string` in this scope","code":{"code":"E0412","explanation":"A used type name is not in scope.\n\nErroneous code examples:\n\n```compile_fail,E0412\nimpl Something {} // error: type name `Something` is not in scope\n\n// or:\n\ntrait Foo {\n    fn bar(N); // error: type name `N` is not in scope\n}\n\n// or:\n\nfn foo(x: T) {} // type name `T` is not in scope\n```\n\nTo fix this error, please verify you didn't misspell the type name, you did\ndeclare it or imported it into the scope. Examples:\n\n```\nstruct Something;\n\nimpl Something {} // ok!\n\n// or:\n\ntrait Foo {\n    type N;\n\n    fn bar(_: Self::N); // ok!\n}\n\n// or:\n\nfn foo<T>(x: T) {} // ok!\n```\n\nAnother case that causes this error is when a type is imported into a parent\nmodule. To fix this, you can follow the suggestion and use File directly or\n`use super::File;` which will import the types from the parent namespace. An\nexample that causes this error is below:\n\n```compile_fail,E0412\nuse std::fs::File;\n\nmod foo {\n    fn some_function(f: File) {}\n}\n```\n\n```\nuse std::fs::File;\n\nmod foo {\n    // either\n    use super::File;\n    // or\n    // use std::fs::File;\n    fn foo(f: File) {}\n}\n# fn main() {} // don't insert it for us; that'll break imports\n```\n"},"level":"error","spans":[{"file_name":"/build/rustc-wAuwbs/rustc-1.70.0+dfsg0ubuntu1~bpo2/library/alloc/src/string.rs","byte_start":11481,"byte_end":11498,"line_start":365,"line_end":365,"column_start":1,"column_end":18,"is_primary":false,"text":[],"label":"similarly named struct `String` defined here","suggested_replacement":null,"suggestion_applicability":null,"expansion":null},{"file_name":"src/arguments/catch.rs","byte_start":240,"byte_end":246,"line_start":7,"line_end":7,"column_start":24,"column_end":30,"is_primary":true,"text":[{"text":"fn is_tstamp_type(val: string) -> Result<(), String> {","highlight_start":24,"highlight_end":30}],"label":null,"suggested_replacement":null,"suggestion_applicability":null,"expansion":null}],"children":[{"message":"a struct with a similar name exists","code":null,"level":"help","spans":[{"file_name":"src/arguments/catch.rs","byte_start":240,"byte_end":246,"line_start":7,"line_end":7,"column_start":24,"column_end":30,"is_primary":true,"text":[{"text":"fn is_tstamp_type(val: string) -> Result<(), String> {","highlight_start":24,"highlight_end":30}],"label":null,"suggested_replacement":"String","suggestion_applicability":"MaybeIncorrect","expansion":null}],"children":[],"rendered":null}],"rendered":"\u001b[0m\u001b[1m\u001b[38;5;9merror[E0412]\u001b[0m\u001b[0m\u001b[1m: cannot find type `string` in this scope\u001b[0m\n\u001b[0m \u001b[0m\u001b[0m\u001b[1m\u001b[38;5;12m--> \u001b[0m\u001b[0msrc/arguments/catch.rs:7:24\u001b[0m\n\u001b[0m  \u001b[0m\u001b[0m\u001b[1m\u001b[38;5;12m|\u001b[0m\n\u001b[0m\u001b[1m\u001b[38;5;12m7\u001b[0m\u001b[0m \u001b[0m\u001b[0m\u001b[1m\u001b[38;5;12m|\u001b[0m\u001b[0m \u001b[0m\u001b[0mfn is_tstamp_type(val: string) -> Result<(), String> {\u001b[0m\n\u001b[0m  \u001b[0m\u001b[0m\u001b[1m\u001b[38;5;12m| \u001b[0m\u001b[0m                       \u001b[0m\u001b[0m\u001b[1m\u001b[38;5;9m^^^^^^\u001b[0m\u001b[0m \u001b[0m\u001b[0m\u001b[1m\u001b[38;5;9mhelp: a struct with a similar name exists (notice the capitalization): `String`\u001b[0m\n\u001b[0m \u001b[0m\u001b[0m\u001b[1m\u001b[38;5;12m--> \u001b[0m\u001b[0m/build/rustc-wAuwbs/rustc-1.70.0+dfsg0ubuntu1~bpo2/library/alloc/src/string.rs:365:1\u001b[0m\n\u001b[0m \u001b[0m\u001b[0m\u001b[1m\u001b[38;5;12m |\u001b[0m\n\u001b[0m \u001b[0m\u001b[0m\u001b[1m\u001b[38;5;12m = note: similarly named struct `String` defined here\u001b[0m\n\n"}
{"message":"cannot find value `domainSet` in this scope","code":{"code":"E0425","explanation":"An unresolved name was used.\n\nErroneous code examples:\n\n```compile_fail,E0425\nsomething_that_doesnt_exist::foo;\n// error: unresolved name `something_that_doesnt_exist::foo`\n\n// or:\n\ntrait Foo {\n    fn bar() {\n        Self; // error: unresolved name `Self`\n    }\n}\n\n// or:\n\nlet x = unknown_variable;  // error: unresolved name `unknown_variable`\n```\n\nPlease verify that the name wasn't misspelled and ensure that the\nidentifier being referred to is valid for the given situation. Example:\n\n```\nenum something_that_does_exist {\n    Foo,\n}\n```\n\nOr:\n\n```\nmod something_that_does_exist {\n    pub static foo : i32 = 0i32;\n}\n\nsomething_that_does_exist::foo; // ok!\n```\n\nOr:\n\n```\nlet unknown_variable = 12u32;\nlet x = unknown_variable; // ok!\n```\n\nIf the item is not defined in the current module, it must be imported using a\n`use` statement, like so:\n\n```\n# mod foo { pub fn bar() {} }\n# fn main() {\nuse foo::bar;\nbar();\n# }\n```\n\nIf the item you are importing is not defined in some super-module of the\ncurrent module, then it must also be declared as public (e.g., `pub fn`).\n"},"level":"error","spans":[{"file_name":"src/arguments/catch.rs","byte_start":567,"byte_end":576,"line_start":18,"line_end":18,"column_start":76,"column_end":85,"is_primary":true,"text":[{"text":"        return Err(format!(\"The value must be one of the following: {:?}\", domainSet));","highlight_start":76,"highlight_end":85}],"label":null,"suggested_replacement":null,"suggestion_applicability":null,"expansion":null}],"children":[{"message":"a local variable with a similar name exists","code":null,"level":"help","spans":[{"file_name":"src/arguments/catch.rs","byte_start":567,"byte_end":576,"line_start":18,"line_end":18,"column_start":76,"column_end":85,"is_primary":true,"text":[{"text":"        return Err(format!(\"The value must be one of the following: {:?}\", domainSet));","highlight_start":76,"highlight_end":85}],"label":null,"suggested_replacement":"domain_set","suggestion_applicability":"MaybeIncorrect","expansion":null}],"children":[],"rendered":null}],"rendered":"\u001b[0m\u001b[1m\u001b[38;5;9merror[E0425]\u001b[0m\u001b[0m\u001b[1m: cannot find value `domainSet` in this scope\u001b[0m\n\u001b[0m  \u001b[0m\u001b[0m\u001b[1m\u001b[38;5;12m--> \u001b[0m\u001b[0msrc/arguments/catch.rs:18:76\u001b[0m\n\u001b[0m   \u001b[0m\u001b[0m\u001b[1m\u001b[38;5;12m|\u001b[0m\n\u001b[0m\u001b[1m\u001b[38;5;12m18\u001b[0m\u001b[0m \u001b[0m\u001b[0m\u001b[1m\u001b[38;5;12m|\u001b[0m\u001b[0m \u001b[0m\u001b[0m        return Err(format!(\"The value must be one of the following: {:?}\", domainSet));\u001b[0m\n\u001b[0m   \u001b[0m\u001b[0m\u001b[1m\u001b[38;5;12m| \u001b[0m\u001b[0m                                                                           \u001b[0m\u001b[0m\u001b[1m\u001b[38;5;9m^^^^^^^^^\u001b[0m\u001b[0m \u001b[0m\u001b[0m\u001b[1m\u001b[38;5;9mhelp: a local variable with a similar name exists: `domain_set`\u001b[0m\n\n"}
{"message":"cannot find type `string` in this scope","code":{"code":"E0412","explanation":"A used type name is not in scope.\n\nErroneous code examples:\n\n```compile_fail,E0412\nimpl Something {} // error: type name `Something` is not in scope\n\n// or:\n\ntrait Foo {\n    fn bar(N); // error: type name `N` is not in scope\n}\n\n// or:\n\nfn foo(x: T) {} // type name `T` is not in scope\n```\n\nTo fix this error, please verify you didn't misspell the type name, you did\ndeclare it or imported it into the scope. Examples:\n\n```\nstruct Something;\n\nimpl Something {} // ok!\n\n// or:\n\ntrait Foo {\n    type N;\n\n    fn bar(_: Self::N); // ok!\n}\n\n// or:\n\nfn foo<T>(x: T) {} // ok!\n```\n\nAnother case that causes this error is when a type is imported into a parent\nmodule. To fix this, you can follow the suggestion and use File directly or\n`use super::File;` which will import the types from the parent namespace. An\nexample that causes this error is below:\n\n```compile_fail,E0412\nuse std::fs::File;\n\nmod foo {\n    fn some_function(f: File) {}\n}\n```\n\n```\nuse std::fs::File;\n\nmod foo {\n    // either\n    use super::File;\n    // or\n    // use std::fs::File;\n    fn foo(f: File) {}\n}\n# fn main() {} // don't insert it for us; that'll break imports\n```\n"},"level":"error","spans":[{"file_name":"/build/rustc-wAuwbs/rustc-1.70.0+dfsg0ubuntu1~bpo2/library/alloc/src/string.rs","byte_start":11481,"byte_end":11498,"line_start":365,"line_end":365,"column_start":1,"column_end":18,"is_primary":false,"text":[],"label":"similarly named struct `String` defined here","suggested_replacement":null,"suggestion_applicability":null,"expansion":null},{"file_name":"src/arguments/catch.rs","byte_start":606,"byte_end":612,"line_start":21,"line_end":21,"column_start":20,"column_end":26,"is_primary":true,"text":[{"text":"    fn is_i32(val: string) -> Result<(), String> {","highlight_start":20,"highlight_end":26}],"label":null,"suggested_replacement":null,"suggestion_applicability":null,"expansion":null}],"children":[{"message":"a struct with a similar name exists","code":null,"level":"help","spans":[{"file_name":"src/arguments/catch.rs","byte_start":606,"byte_end":612,"line_start":21,"line_end":21,"column_start":20,"column_end":26,"is_primary":true,"text":[{"text":"    fn is_i32(val: string) -> Result<(), String> {","highlight_start":20,"highlight_end":26}],"label":null,"suggested_replacement":"String","suggestion_applicability":"MaybeIncorrect","expansion":null}],"children":[],"rendered":null}],"rendered":"\u001b[0m\u001b[1m\u001b[38;5;9merror[E0412]\u001b[0m\u001b[0m\u001b[1m: cannot find type `string` in this scope\u001b[0m\n\u001b[0m  \u001b[0m\u001b[0m\u001b[1m\u001b[38;5;12m--> \u001b[0m\u001b[0msrc/arguments/catch.rs:21:20\u001b[0m\n\u001b[0m   \u001b[0m\u001b[0m\u001b[1m\u001b[38;5;12m|\u001b[0m\n\u001b[0m\u001b[1m\u001b[38;5;12m21\u001b[0m\u001b[0m \u001b[0m\u001b[0m\u001b[1m\u001b[38;5;12m|\u001b[0m\u001b[0m \u001b[0m\u001b[0m    fn is_i32(val: string) -> Result<(), String> {\u001b[0m\n\u001b[0m   \u001b[0m\u001b[0m\u001b[1m\u001b[38;5;12m| \u001b[0m\u001b[0m                   \u001b[0m\u001b[0m\u001b[1m\u001b[38;5;9m^^^^^^\u001b[0m\u001b[0m \u001b[0m\u001b[0m\u001b[1m\u001b[38;5;9mhelp: a struct with a similar name exists (notice the capitalization): `String`\u001b[0m\n\u001b[0m  \u001b[0m\u001b[0m\u001b[1m\u001b[38;5;12m--> \u001b[0m\u001b[0m/build/rustc-wAuwbs/rustc-1.70.0+dfsg0ubuntu1~bpo2/library/alloc/src/string.rs:365:1\u001b[0m\n\u001b[0m  \u001b[0m\u001b[0m\u001b[1m\u001b[38;5;12m |\u001b[0m\n\u001b[0m  \u001b[0m\u001b[0m\u001b[1m\u001b[38;5;12m = note: similarly named struct `String` defined here\u001b[0m\n\n"}
{"message":"cannot find value `err` in this scope","code":{"code":"E0425","explanation":"An unresolved name was used.\n\nErroneous code examples:\n\n```compile_fail,E0425\nsomething_that_doesnt_exist::foo;\n// error: unresolved name `something_that_doesnt_exist::foo`\n\n// or:\n\ntrait Foo {\n    fn bar() {\n        Self; // error: unresolved name `Self`\n    }\n}\n\n// or:\n\nlet x = unknown_variable;  // error: unresolved name `unknown_variable`\n```\n\nPlease verify that the name wasn't misspelled and ensure that the\nidentifier being referred to is valid for the given situation. Example:\n\n```\nenum something_that_does_exist {\n    Foo,\n}\n```\n\nOr:\n\n```\nmod something_that_does_exist {\n    pub static foo : i32 = 0i32;\n}\n\nsomething_that_does_exist::foo; // ok!\n```\n\nOr:\n\n```\nlet unknown_variable = 12u32;\nlet x = unknown_variable; // ok!\n```\n\nIf the item is not defined in the current module, it must be imported using a\n`use` statement, like so:\n\n```\n# mod foo { pub fn bar() {} }\n# fn main() {\nuse foo::bar;\nbar();\n# }\n```\n\nIf the item you are importing is not defined in some super-module of the\ncurrent module, then it must also be declared as public (e.g., `pub fn`).\n"},"level":"error","spans":[{"file_name":"/build/rustc-wAuwbs/rustc-1.70.0+dfsg0ubuntu1~bpo2/library/core/src/result.rs","byte_start":18569,"byte_end":18572,"line_start":512,"line_end":512,"column_start":5,"column_end":8,"is_primary":false,"text":[],"label":"similarly named tuple variant `Err` defined here","suggested_replacement":null,"suggestion_applicability":null,"expansion":null},{"file_name":"src/arguments/catch.rs","byte_start":728,"byte_end":731,"line_start":24,"line_end":24,"column_start":27,"column_end":30,"is_primary":true,"text":[{"text":"            Err(_) => Err(err.to_string()),","highlight_start":27,"highlight_end":30}],"label":null,"suggested_replacement":null,"suggestion_applicability":null,"expansion":null}],"children":[{"message":"a tuple variant with a similar name exists","code":null,"level":"help","spans":[{"file_name":"src/arguments/catch.rs","byte_start":728,"byte_end":731,"line_start":24,"line_end":24,"column_start":27,"column_end":30,"is_primary":true,"text":[{"text":"            Err(_) => Err(err.to_string()),","highlight_start":27,"highlight_end":30}],"label":null,"suggested_replacement":"Err","suggestion_applicability":"MaybeIncorrect","expansion":null}],"children":[],"rendered":null}],"rendered":"\u001b[0m\u001b[1m\u001b[38;5;9merror[E0425]\u001b[0m\u001b[0m\u001b[1m: cannot find value `err` in this scope\u001b[0m\n\u001b[0m  \u001b[0m\u001b[0m\u001b[1m\u001b[38;5;12m--> \u001b[0m\u001b[0msrc/arguments/catch.rs:24:27\u001b[0m\n\u001b[0m   \u001b[0m\u001b[0m\u001b[1m\u001b[38;5;12m|\u001b[0m\n\u001b[0m\u001b[1m\u001b[38;5;12m24\u001b[0m\u001b[0m \u001b[0m\u001b[0m\u001b[1m\u001b[38;5;12m|\u001b[0m\u001b[0m \u001b[0m\u001b[0m            Err(_) => Err(err.to_string()),\u001b[0m\n\u001b[0m   \u001b[0m\u001b[0m\u001b[1m\u001b[38;5;12m| \u001b[0m\u001b[0m                          \u001b[0m\u001b[0m\u001b[1m\u001b[38;5;9m^^^\u001b[0m\u001b[0m \u001b[0m\u001b[0m\u001b[1m\u001b[38;5;9mhelp: a tuple variant with a similar name exists: `Err`\u001b[0m\n\u001b[0m  \u001b[0m\u001b[0m\u001b[1m\u001b[38;5;12m--> \u001b[0m\u001b[0m/build/rustc-wAuwbs/rustc-1.70.0+dfsg0ubuntu1~bpo2/library/core/src/result.rs:512:5\u001b[0m\n\u001b[0m  \u001b[0m\u001b[0m\u001b[1m\u001b[38;5;12m |\u001b[0m\n\u001b[0m  \u001b[0m\u001b[0m\u001b[1m\u001b[38;5;12m = note: similarly named tuple variant `Err` defined here\u001b[0m\n\n"}
{"message":"cannot find type `string` in this scope","code":{"code":"E0412","explanation":"A used type name is not in scope.\n\nErroneous code examples:\n\n```compile_fail,E0412\nimpl Something {} // error: type name `Something` is not in scope\n\n// or:\n\ntrait Foo {\n    fn bar(N); // error: type name `N` is not in scope\n}\n\n// or:\n\nfn foo(x: T) {} // type name `T` is not in scope\n```\n\nTo fix this error, please verify you didn't misspell the type name, you did\ndeclare it or imported it into the scope. Examples:\n\n```\nstruct Something;\n\nimpl Something {} // ok!\n\n// or:\n\ntrait Foo {\n    type N;\n\n    fn bar(_: Self::N); // ok!\n}\n\n// or:\n\nfn foo<T>(x: T) {} // ok!\n```\n\nAnother case that causes this error is when a type is imported into a parent\nmodule. To fix this, you can follow the suggestion and use File directly or\n`use super::File;` which will import the types from the parent namespace. An\nexample that causes this error is below:\n\n```compile_fail,E0412\nuse std::fs::File;\n\nmod foo {\n    fn some_function(f: File) {}\n}\n```\n\n```\nuse std::fs::File;\n\nmod foo {\n    // either\n    use super::File;\n    // or\n    // use std::fs::File;\n    fn foo(f: File) {}\n}\n# fn main() {} // don't insert it for us; that'll break imports\n```\n"},"level":"error","spans":[{"file_name":"/build/rustc-wAuwbs/rustc-1.70.0+dfsg0ubuntu1~bpo2/library/alloc/src/string.rs","byte_start":11481,"byte_end":11498,"line_start":365,"line_end":365,"column_start":1,"column_end":18,"is_primary":false,"text":[],"label":"similarly named struct `String` defined here","suggested_replacement":null,"suggestion_applicability":null,"expansion":null},{"file_name":"src/arguments/catch.rs","byte_start":793,"byte_end":799,"line_start":28,"line_end":28,"column_start":31,"column_end":37,"is_primary":true,"text":[{"text":"    fn is_precision_type(val: string) -> Result<(), String> {","highlight_start":31,"highlight_end":37}],"label":null,"suggested_replacement":null,"suggestion_applicability":null,"expansion":null}],"children":[{"message":"a struct with a similar name exists","code":null,"level":"help","spans":[{"file_name":"src/arguments/catch.rs","byte_start":793,"byte_end":799,"line_start":28,"line_end":28,"column_start":31,"column_end":37,"is_primary":true,"text":[{"text":"    fn is_precision_type(val: string) -> Result<(), String> {","highlight_start":31,"highlight_end":37}],"label":null,"suggested_replacement":"String","suggestion_applicability":"MaybeIncorrect","expansion":null}],"children":[],"rendered":null}],"rendered":"\u001b[0m\u001b[1m\u001b[38;5;9merror[E0412]\u001b[0m\u001b[0m\u001b[1m: cannot find type `string` in this scope\u001b[0m\n\u001b[0m  \u001b[0m\u001b[0m\u001b[1m\u001b[38;5;12m--> \u001b[0m\u001b[0msrc/arguments/catch.rs:28:31\u001b[0m\n\u001b[0m   \u001b[0m\u001b[0m\u001b[1m\u001b[38;5;12m|\u001b[0m\n\u001b[0m\u001b[1m\u001b[38;5;12m28\u001b[0m\u001b[0m \u001b[0m\u001b[0m\u001b[1m\u001b[38;5;12m|\u001b[0m\u001b[0m \u001b[0m\u001b[0m    fn is_precision_type(val: string) -> Result<(), String> {\u001b[0m\n\u001b[0m   \u001b[0m\u001b[0m\u001b[1m\u001b[38;5;12m| \u001b[0m\u001b[0m                              \u001b[0m\u001b[0m\u001b[1m\u001b[38;5;9m^^^^^^\u001b[0m\u001b[0m \u001b[0m\u001b[0m\u001b[1m\u001b[38;5;9mhelp: a struct with a similar name exists (notice the capitalization): `String`\u001b[0m\n\u001b[0m  \u001b[0m\u001b[0m\u001b[1m\u001b[38;5;12m--> \u001b[0m\u001b[0m/build/rustc-wAuwbs/rustc-1.70.0+dfsg0ubuntu1~bpo2/library/alloc/src/string.rs:365:1\u001b[0m\n\u001b[0m  \u001b[0m\u001b[0m\u001b[1m\u001b[38;5;12m |\u001b[0m\n\u001b[0m  \u001b[0m\u001b[0m\u001b[1m\u001b[38;5;12m = note: similarly named struct `String` defined here\u001b[0m\n\n"}
{"message":"cannot find value `domainSet` in this scope","code":{"code":"E0425","explanation":"An unresolved name was used.\n\nErroneous code examples:\n\n```compile_fail,E0425\nsomething_that_doesnt_exist::foo;\n// error: unresolved name `something_that_doesnt_exist::foo`\n\n// or:\n\ntrait Foo {\n    fn bar() {\n        Self; // error: unresolved name `Self`\n    }\n}\n\n// or:\n\nlet x = unknown_variable;  // error: unresolved name `unknown_variable`\n```\n\nPlease verify that the name wasn't misspelled and ensure that the\nidentifier being referred to is valid for the given situation. Example:\n\n```\nenum something_that_does_exist {\n    Foo,\n}\n```\n\nOr:\n\n```\nmod something_that_does_exist {\n    pub static foo : i32 = 0i32;\n}\n\nsomething_that_does_exist::foo; // ok!\n```\n\nOr:\n\n```\nlet unknown_variable = 12u32;\nlet x = unknown_variable; // ok!\n```\n\nIf the item is not defined in the current module, it must be imported using a\n`use` statement, like so:\n\n```\n# mod foo { pub fn bar() {} }\n# fn main() {\nuse foo::bar;\nbar();\n# }\n```\n\nIf the item you are importing is not defined in some super-module of the\ncurrent module, then it must also be declared as public (e.g., `pub fn`).\n"},"level":"error","spans":[{"file_name":"src/arguments/catch.rs","byte_start":963,"byte_end":972,"line_start":35,"line_end":35,"column_start":12,"column_end":21,"is_primary":true,"text":[{"text":"        if domainSet.contains(&&val[..]) {","highlight_start":12,"highlight_end":21}],"label":null,"suggested_replacement":null,"suggestion_applicability":null,"expansion":null}],"children":[{"message":"a local variable with a similar name exists","code":null,"level":"help","spans":[{"file_name":"src/arguments/catch.rs","byte_start":963,"byte_end":972,"line_start":35,"line_end":35,"column_start":12,"column_end":21,"is_primary":true,"text":[{"text":"        if domainSet.contains(&&val[..]) {","highlight_start":12,"highlight_end":21}],"label":null,"suggested_replacement":"domain_set","suggestion_applicability":"MaybeIncorrect","expansion":null}],"children":[],"rendered":null}],"rendered":"\u001b[0m\u001b[1m\u001b[38;5;9merror[E0425]\u001b[0m\u001b[0m\u001b[1m: cannot find value `domainSet` in this scope\u001b[0m\n\u001b[0m  \u001b[0m\u001b[0m\u001b[1m\u001b[38;5;12m--> \u001b[0m\u001b[0msrc/arguments/catch.rs:35:12\u001b[0m\n\u001b[0m   \u001b[0m\u001b[0m\u001b[1m\u001b[38;5;12m|\u001b[0m\n\u001b[0m\u001b[1m\u001b[38;5;12m35\u001b[0m\u001b[0m \u001b[0m\u001b[0m\u001b[1m\u001b[38;5;12m|\u001b[0m\u001b[0m \u001b[0m\u001b[0m        if domainSet.contains(&&val[..]) {\u001b[0m\n\u001b[0m   \u001b[0m\u001b[0m\u001b[1m\u001b[38;5;12m| \u001b[0m\u001b[0m           \u001b[0m\u001b[0m\u001b[1m\u001b[38;5;9m^^^^^^^^^\u001b[0m\u001b[0m \u001b[0m\u001b[0m\u001b[1m\u001b[38;5;9mhelp: a local variable with a similar name exists: `domain_set`\u001b[0m\n\n"}
{"message":"cannot find value `domainSet` in this scope","code":{"code":"E0425","explanation":"An unresolved name was used.\n\nErroneous code examples:\n\n```compile_fail,E0425\nsomething_that_doesnt_exist::foo;\n// error: unresolved name `something_that_doesnt_exist::foo`\n\n// or:\n\ntrait Foo {\n    fn bar() {\n        Self; // error: unresolved name `Self`\n    }\n}\n\n// or:\n\nlet x = unknown_variable;  // error: unresolved name `unknown_variable`\n```\n\nPlease verify that the name wasn't misspelled and ensure that the\nidentifier being referred to is valid for the given situation. Example:\n\n```\nenum something_that_does_exist {\n    Foo,\n}\n```\n\nOr:\n\n```\nmod something_that_does_exist {\n    pub static foo : i32 = 0i32;\n}\n\nsomething_that_does_exist::foo; // ok!\n```\n\nOr:\n\n```\nlet unknown_variable = 12u32;\nlet x = unknown_variable; // ok!\n```\n\nIf the item is not defined in the current module, it must be imported using a\n`use` statement, like so:\n\n```\n# mod foo { pub fn bar() {} }\n# fn main() {\nuse foo::bar;\nbar();\n# }\n```\n\nIf the item you are importing is not defined in some super-module of the\ncurrent module, then it must also be declared as public (e.g., `pub fn`).\n"},"level":"error","spans":[{"file_name":"src/arguments/catch.rs","byte_start":1116,"byte_end":1125,"line_start":38,"line_end":38,"column_start":80,"column_end":89,"is_primary":true,"text":[{"text":"            return Err(format!(\"The value must be one of the following: {:?}\", domainSet));","highlight_start":80,"highlight_end":89}],"label":null,"suggested_replacement":null,"suggestion_applicability":null,"expansion":null}],"children":[{"message":"a local variable with a similar name exists","code":null,"level":"help","spans":[{"file_name":"src/arguments/catch.rs","byte_start":1116,"byte_end":1125,"line_start":38,"line_end":38,"column_start":80,"column_end":89,"is_primary":true,"text":[{"text":"            return Err(format!(\"The value must be one of the following: {:?}\", domainSet));","highlight_start":80,"highlight_end":89}],"label":null,"suggested_replacement":"domain_set","suggestion_applicability":"MaybeIncorrect","expansion":null}],"children":[],"rendered":null}],"rendered":"\u001b[0m\u001b[1m\u001b[38;5;9merror[E0425]\u001b[0m\u001b[0m\u001b[1m: cannot find value `domainSet` in this scope\u001b[0m\n\u001b[0m  \u001b[0m\u001b[0m\u001b[1m\u001b[38;5;12m--> \u001b[0m\u001b[0msrc/arguments/catch.rs:38:80\u001b[0m\n\u001b[0m   \u001b[0m\u001b[0m\u001b[1m\u001b[38;5;12m|\u001b[0m\n\u001b[0m\u001b[1m\u001b[38;5;12m38\u001b[0m\u001b[0m \u001b[0m\u001b[0m\u001b[1m\u001b[38;5;12m|\u001b[0m\u001b[0m \u001b[0m\u001b[0m            return Err(format!(\"The value must be one of the following: {:?}\", domainSet));\u001b[0m\n\u001b[0m   \u001b[0m\u001b[0m\u001b[1m\u001b[38;5;12m| \u001b[0m\u001b[0m                                                                               \u001b[0m\u001b[0m\u001b[1m\u001b[38;5;9m^^^^^^^^^\u001b[0m\u001b[0m \u001b[0m\u001b[0m\u001b[1m\u001b[38;5;9mhelp: a local variable with a similar name exists: `domain_set`\u001b[0m\n\n"}
{"message":"cannot find type `captureSubCommand` in this scope","code":{"code":"E0412","explanation":"A used type name is not in scope.\n\nErroneous code examples:\n\n```compile_fail,E0412\nimpl Something {} // error: type name `Something` is not in scope\n\n// or:\n\ntrait Foo {\n    fn bar(N); // error: type name `N` is not in scope\n}\n\n// or:\n\nfn foo(x: T) {} // type name `T` is not in scope\n```\n\nTo fix this error, please verify you didn't misspell the type name, you did\ndeclare it or imported it into the scope. Examples:\n\n```\nstruct Something;\n\nimpl Something {} // ok!\n\n// or:\n\ntrait Foo {\n    type N;\n\n    fn bar(_: Self::N); // ok!\n}\n\n// or:\n\nfn foo<T>(x: T) {} // ok!\n```\n\nAnother case that causes this error is when a type is imported into a parent\nmodule. To fix this, you can follow the suggestion and use File directly or\n`use super::File;` which will import the types from the parent namespace. An\nexample that causes this error is below:\n\n```compile_fail,E0412\nuse std::fs::File;\n\nmod foo {\n    fn some_function(f: File) {}\n}\n```\n\n```\nuse std::fs::File;\n\nmod foo {\n    // either\n    use super::File;\n    // or\n    // use std::fs::File;\n    fn foo(f: File) {}\n}\n# fn main() {} // don't insert it for us; that'll break imports\n```\n"},"level":"error","spans":[{"file_name":"src/arguments/catch.rs","byte_start":1154,"byte_end":1182,"line_start":42,"line_end":42,"column_start":5,"column_end":33,"is_primary":false,"text":[{"text":"    pub struct CaptureSubCommand {}","highlight_start":5,"highlight_end":33}],"label":"similarly named struct `CaptureSubCommand` defined here","suggested_replacement":null,"suggestion_applicability":null,"expansion":null},{"file_name":"src/arguments/catch.rs","byte_start":1205,"byte_end":1222,"line_start":44,"line_end":44,"column_start":19,"column_end":36,"is_primary":true,"text":[{"text":"    impl <'a, 'b> captureSubCommand{","highlight_start":19,"highlight_end":36}],"label":null,"suggested_replacement":null,"suggestion_applicability":null,"expansion":null}],"children":[{"message":"a struct with a similar name exists","code":null,"level":"help","spans":[{"file_name":"src/arguments/catch.rs","byte_start":1205,"byte_end":1222,"line_start":44,"line_end":44,"column_start":19,"column_end":36,"is_primary":true,"text":[{"text":"    impl <'a, 'b> captureSubCommand{","highlight_start":19,"highlight_end":36}],"label":null,"suggested_replacement":"CaptureSubCommand","suggestion_applicability":"MaybeIncorrect","expansion":null}],"children":[],"rendered":null}],"rendered":"\u001b[0m\u001b[1m\u001b[38;5;9merror[E0412]\u001b[0m\u001b[0m\u001b[1m: cannot find type `captureSubCommand` in this scope\u001b[0m\n\u001b[0m  \u001b[0m\u001b[0m\u001b[1m\u001b[38;5;12m--> \u001b[0m\u001b[0msrc/arguments/catch.rs:44:19\u001b[0m\n\u001b[0m   \u001b[0m\u001b[0m\u001b[1m\u001b[38;5;12m|\u001b[0m\n\u001b[0m\u001b[1m\u001b[38;5;12m42\u001b[0m\u001b[0m \u001b[0m\u001b[0m\u001b[1m\u001b[38;5;12m|\u001b[0m\u001b[0m \u001b[0m\u001b[0m    pub struct CaptureSubCommand {}\u001b[0m\n\u001b[0m   \u001b[0m\u001b[0m\u001b[1m\u001b[38;5;12m| \u001b[0m\u001b[0m    \u001b[0m\u001b[0m\u001b[1m\u001b[38;5;12m----------------------------\u001b[0m\u001b[0m \u001b[0m\u001b[0m\u001b[1m\u001b[38;5;12msimilarly named struct `CaptureSubCommand` defined here\u001b[0m\n\u001b[0m\u001b[1m\u001b[38;5;12m43\u001b[0m\u001b[0m \u001b[0m\u001b[0m\u001b[1m\u001b[38;5;12m|\u001b[0m\n\u001b[0m\u001b[1m\u001b[38;5;12m44\u001b[0m\u001b[0m \u001b[0m\u001b[0m\u001b[1m\u001b[38;5;12m|\u001b[0m\u001b[0m \u001b[0m\u001b[0m    impl <'a, 'b> captureSubCommand{\u001b[0m\n\u001b[0m   \u001b[0m\u001b[0m\u001b[1m\u001b[38;5;12m| \u001b[0m\u001b[0m                  \u001b[0m\u001b[0m\u001b[1m\u001b[38;5;9m^^^^^^^^^^^^^^^^^\u001b[0m\u001b[0m \u001b[0m\u001b[0m\u001b[1m\u001b[38;5;9mhelp: a struct with a similar name exists (notice the capitalization): `CaptureSubCommand`\u001b[0m\n\n"}
{"message":"cannot find type `captureSubCommand` in this scope","code":{"code":"E0412","explanation":"A used type name is not in scope.\n\nErroneous code examples:\n\n```compile_fail,E0412\nimpl Something {} // error: type name `Something` is not in scope\n\n// or:\n\ntrait Foo {\n    fn bar(N); // error: type name `N` is not in scope\n}\n\n// or:\n\nfn foo(x: T) {} // type name `T` is not in scope\n```\n\nTo fix this error, please verify you didn't misspell the type name, you did\ndeclare it or imported it into the scope. Examples:\n\n```\nstruct Something;\n\nimpl Something {} // ok!\n\n// or:\n\ntrait Foo {\n    type N;\n\n    fn bar(_: Self::N); // ok!\n}\n\n// or:\n\nfn foo<T>(x: T) {} // ok!\n```\n\nAnother case that causes this error is when a type is imported into a parent\nmodule. To fix this, you can follow the suggestion and use File directly or\n`use super::File;` which will import the types from the parent namespace. An\nexample that causes this error is below:\n\n```compile_fail,E0412\nuse std::fs::File;\n\nmod foo {\n    fn some_function(f: File) {}\n}\n```\n\n```\nuse std::fs::File;\n\nmod foo {\n    // either\n    use super::File;\n    // or\n    // use std::fs::File;\n    fn foo(f: File) {}\n}\n# fn main() {} // don't insert it for us; that'll break imports\n```\n"},"level":"error","spans":[{"file_name":"src/arguments/catch.rs","byte_start":1154,"byte_end":1182,"line_start":42,"line_end":42,"column_start":5,"column_end":33,"is_primary":false,"text":[{"text":"    pub struct CaptureSubCommand {}","highlight_start":5,"highlight_end":33}],"label":"similarly named struct `CaptureSubCommand` defined here","suggested_replacement":null,"suggestion_applicability":null,"expansion":null},{"file_name":"src/arguments/catch.rs","byte_start":1248,"byte_end":1265,"line_start":45,"line_end":45,"column_start":25,"column_end":42,"is_primary":true,"text":[{"text":"        pub fn new() -> captureSubCommand{","highlight_start":25,"highlight_end":42}],"label":null,"suggested_replacement":null,"suggestion_applicability":null,"expansion":null}],"children":[{"message":"a struct with a similar name exists","code":null,"level":"help","spans":[{"file_name":"src/arguments/catch.rs","byte_start":1248,"byte_end":1265,"line_start":45,"line_end":45,"column_start":25,"column_end":42,"is_primary":true,"text":[{"text":"        pub fn new() -> captureSubCommand{","highlight_start":25,"highlight_end":42}],"label":null,"suggested_replacement":"CaptureSubCommand","suggestion_applicability":"MaybeIncorrect","expansion":null}],"children":[],"rendered":null}],"rendered":"\u001b[0m\u001b[1m\u001b[38;5;9merror[E0412]\u001b[0m\u001b[0m\u001b[1m: cannot find type `captureSubCommand` in this scope\u001b[0m\n\u001b[0m  \u001b[0m\u001b[0m\u001b[1m\u001b[38;5;12m--> \u001b[0m\u001b[0msrc/arguments/catch.rs:45:25\u001b[0m\n\u001b[0m   \u001b[0m\u001b[0m\u001b[1m\u001b[38;5;12m|\u001b[0m\n\u001b[0m\u001b[1m\u001b[38;5;12m42\u001b[0m\u001b[0m \u001b[0m\u001b[0m\u001b[1m\u001b[38;5;12m|\u001b[0m\u001b[0m \u001b[0m\u001b[0m    pub struct CaptureSubCommand {}\u001b[0m\n\u001b[0m   \u001b[0m\u001b[0m\u001b[1m\u001b[38;5;12m| \u001b[0m\u001b[0m    \u001b[0m\u001b[0m\u001b[1m\u001b[38;5;12m----------------------------\u001b[0m\u001b[0m \u001b[0m\u001b[0m\u001b[1m\u001b[38;5;12msimilarly named struct `CaptureSubCommand` defined here\u001b[0m\n\u001b[0m\u001b[1m\u001b[38;5;12m...\u001b[0m\n\u001b[0m\u001b[1m\u001b[38;5;12m45\u001b[0m\u001b[0m \u001b[0m\u001b[0m\u001b[1m\u001b[38;5;12m|\u001b[0m\u001b[0m \u001b[0m\u001b[0m        pub fn new() -> captureSubCommand{\u001b[0m\n\u001b[0m   \u001b[0m\u001b[0m\u001b[1m\u001b[38;5;12m| \u001b[0m\u001b[0m                        \u001b[0m\u001b[0m\u001b[1m\u001b[38;5;9m^^^^^^^^^^^^^^^^^\u001b[0m\u001b[0m \u001b[0m\u001b[0m\u001b[1m\u001b[38;5;9mhelp: a struct with a similar name exists (notice the capitalization): `CaptureSubCommand`\u001b[0m\n\n"}
{"message":"cannot find value `isTstampType` in this scope","code":{"code":"E0425","explanation":"An unresolved name was used.\n\nErroneous code examples:\n\n```compile_fail,E0425\nsomething_that_doesnt_exist::foo;\n// error: unresolved name `something_that_doesnt_exist::foo`\n\n// or:\n\ntrait Foo {\n    fn bar() {\n        Self; // error: unresolved name `Self`\n    }\n}\n\n// or:\n\nlet x = unknown_variable;  // error: unresolved name `unknown_variable`\n```\n\nPlease verify that the name wasn't misspelled and ensure that the\nidentifier being referred to is valid for the given situation. Example:\n\n```\nenum something_that_does_exist {\n    Foo,\n}\n```\n\nOr:\n\n```\nmod something_that_does_exist {\n    pub static foo : i32 = 0i32;\n}\n\nsomething_that_does_exist::foo; // ok!\n```\n\nOr:\n\n```\nlet unknown_variable = 12u32;\nlet x = unknown_variable; // ok!\n```\n\nIf the item is not defined in the current module, it must be imported using a\n`use` statement, like so:\n\n```\n# mod foo { pub fn bar() {} }\n# fn main() {\nuse foo::bar;\nbar();\n# }\n```\n\nIf the item you are importing is not defined in some super-module of the\ncurrent module, then it must also be declared as public (e.g., `pub fn`).\n"},"level":"error","spans":[{"file_name":"src/arguments/catch.rs","byte_start":3303,"byte_end":3315,"line_start":86,"line_end":86,"column_start":32,"column_end":44,"is_primary":true,"text":[{"text":"                    .validator(isTstampType)","highlight_start":32,"highlight_end":44}],"label":"not found in this scope","suggested_replacement":null,"suggestion_applicability":null,"expansion":null}],"children":[],"rendered":"\u001b[0m\u001b[1m\u001b[38;5;9merror[E0425]\u001b[0m\u001b[0m\u001b[1m: cannot find value `isTstampType` in this scope\u001b[0m\n\u001b[0m  \u001b[0m\u001b[0m\u001b[1m\u001b[38;5;12m--> \u001b[0m\u001b[0msrc/arguments/catch.rs:86:32\u001b[0m\n\u001b[0m   \u001b[0m\u001b[0m\u001b[1m\u001b[38;5;12m|\u001b[0m\n\u001b[0m\u001b[1m\u001b[38;5;12m86\u001b[0m\u001b[0m \u001b[0m\u001b[0m\u001b[1m\u001b[38;5;12m|\u001b[0m\u001b[0m \u001b[0m\u001b[0m                    .validator(isTstampType)\u001b[0m\n\u001b[0m   \u001b[0m\u001b[0m\u001b[1m\u001b[38;5;12m| \u001b[0m\u001b[0m                               \u001b[0m\u001b[0m\u001b[1m\u001b[38;5;9m^^^^^^^^^^^^\u001b[0m\u001b[0m \u001b[0m\u001b[0m\u001b[1m\u001b[38;5;9mnot found in this scope\u001b[0m\n\n"}
{"message":"cannot find value `isPrecisionType` in this scope","code":{"code":"E0425","explanation":"An unresolved name was used.\n\nErroneous code examples:\n\n```compile_fail,E0425\nsomething_that_doesnt_exist::foo;\n// error: unresolved name `something_that_doesnt_exist::foo`\n\n// or:\n\ntrait Foo {\n    fn bar() {\n        Self; // error: unresolved name `Self`\n    }\n}\n\n// or:\n\nlet x = unknown_variable;  // error: unresolved name `unknown_variable`\n```\n\nPlease verify that the name wasn't misspelled and ensure that the\nidentifier being referred to is valid for the given situation. Example:\n\n```\nenum something_that_does_exist {\n    Foo,\n}\n```\n\nOr:\n\n```\nmod something_that_does_exist {\n    pub static foo : i32 = 0i32;\n}\n\nsomething_that_does_exist::foo; // ok!\n```\n\nOr:\n\n```\nlet unknown_variable = 12u32;\nlet x = unknown_variable; // ok!\n```\n\nIf the item is not defined in the current module, it must be imported using a\n`use` statement, like so:\n\n```\n# mod foo { pub fn bar() {} }\n# fn main() {\nuse foo::bar;\nbar();\n# }\n```\n\nIf the item you are importing is not defined in some super-module of the\ncurrent module, then it must also be declared as public (e.g., `pub fn`).\n"},"level":"error","spans":[{"file_name":"src/arguments/catch.rs","byte_start":767,"byte_end":822,"line_start":28,"line_end":28,"column_start":5,"column_end":60,"is_primary":false,"text":[{"text":"    fn is_precision_type(val: string) -> Result<(), String> {","highlight_start":5,"highlight_end":60}],"label":"similarly named function `is_precision_type` defined here","suggested_replacement":null,"suggestion_applicability":null,"expansion":null},{"file_name":"src/arguments/catch.rs","byte_start":3586,"byte_end":3601,"line_start":92,"line_end":92,"column_start":32,"column_end":47,"is_primary":true,"text":[{"text":"                    .validator(isPrecisionType)","highlight_start":32,"highlight_end":47}],"label":null,"suggested_replacement":null,"suggestion_applicability":null,"expansion":null}],"children":[{"message":"a function with a similar name exists","code":null,"level":"help","spans":[{"file_name":"src/arguments/catch.rs","byte_start":3586,"byte_end":3601,"line_start":92,"line_end":92,"column_start":32,"column_end":47,"is_primary":true,"text":[{"text":"                    .validator(isPrecisionType)","highlight_start":32,"highlight_end":47}],"label":null,"suggested_replacement":"is_precision_type","suggestion_applicability":"MaybeIncorrect","expansion":null}],"children":[],"rendered":null}],"rendered":"\u001b[0m\u001b[1m\u001b[38;5;9merror[E0425]\u001b[0m\u001b[0m\u001b[1m: cannot find value `isPrecisionType` in this scope\u001b[0m\n\u001b[0m  \u001b[0m\u001b[0m\u001b[1m\u001b[38;5;12m--> \u001b[0m\u001b[0msrc/arguments/catch.rs:92:32\u001b[0m\n\u001b[0m   \u001b[0m\u001b[0m\u001b[1m\u001b[38;5;12m|\u001b[0m\n\u001b[0m\u001b[1m\u001b[38;5;12m28\u001b[0m\u001b[0m \u001b[0m\u001b[0m\u001b[1m\u001b[38;5;12m|\u001b[0m\u001b[0m \u001b[0m\u001b[0m    fn is_precision_type(val: string) -> Result<(), String> {\u001b[0m\n\u001b[0m   \u001b[0m\u001b[0m\u001b[1m\u001b[38;5;12m| \u001b[0m\u001b[0m    \u001b[0m\u001b[0m\u001b[1m\u001b[38;5;12m-------------------------------------------------------\u001b[0m\u001b[0m \u001b[0m\u001b[0m\u001b[1m\u001b[38;5;12msimilarly named function `is_precision_type` defined here\u001b[0m\n\u001b[0m\u001b[1m\u001b[38;5;12m...\u001b[0m\n\u001b[0m\u001b[1m\u001b[38;5;12m92\u001b[0m\u001b[0m \u001b[0m\u001b[0m\u001b[1m\u001b[38;5;12m|\u001b[0m\u001b[0m \u001b[0m\u001b[0m                    .validator(isPrecisionType)\u001b[0m\n\u001b[0m   \u001b[0m\u001b[0m\u001b[1m\u001b[38;5;12m| \u001b[0m\u001b[0m                               \u001b[0m\u001b[0m\u001b[1m\u001b[38;5;9m^^^^^^^^^^^^^^^\u001b[0m\u001b[0m \u001b[0m\u001b[0m\u001b[1m\u001b[38;5;9mhelp: a function with a similar name exists: `is_precision_type`\u001b[0m\n\n"}
{"message":"cannot find value `runArgs` in this scope","code":{"code":"E0425","explanation":"An unresolved name was used.\n\nErroneous code examples:\n\n```compile_fail,E0425\nsomething_that_doesnt_exist::foo;\n// error: unresolved name `something_that_doesnt_exist::foo`\n\n// or:\n\ntrait Foo {\n    fn bar() {\n        Self; // error: unresolved name `Self`\n    }\n}\n\n// or:\n\nlet x = unknown_variable;  // error: unresolved name `unknown_variable`\n```\n\nPlease verify that the name wasn't misspelled and ensure that the\nidentifier being referred to is valid for the given situation. Example:\n\n```\nenum something_that_does_exist {\n    Foo,\n}\n```\n\nOr:\n\n```\nmod something_that_does_exist {\n    pub static foo : i32 = 0i32;\n}\n\nsomething_that_does_exist::foo; // ok!\n```\n\nOr:\n\n```\nlet unknown_variable = 12u32;\nlet x = unknown_variable; // ok!\n```\n\nIf the item is not defined in the current module, it must be imported using a\n`use` statement, like so:\n\n```\n# mod foo { pub fn bar() {} }\n# fn main() {\nuse foo::bar;\nbar();\n# }\n```\n\nIf the item you are importing is not defined in some super-module of the\ncurrent module, then it must also be declared as public (e.g., `pub fn`).\n"},"level":"error","spans":[{"file_name":"src/arguments/catch.rs","byte_start":4434,"byte_end":4441,"line_start":110,"line_end":110,"column_start":95,"column_end":102,"is_primary":true,"text":[{"text":"                .subCommand(SubCommand::with_name(\"run\").about(\"Run the catch command\").args(&runArgs))","highlight_start":95,"highlight_end":102}],"label":null,"suggested_replacement":null,"suggestion_applicability":null,"expansion":null}],"children":[{"message":"a local variable with a similar name exists","code":null,"level":"help","spans":[{"file_name":"src/arguments/catch.rs","byte_start":4434,"byte_end":4441,"line_start":110,"line_end":110,"column_start":95,"column_end":102,"is_primary":true,"text":[{"text":"                .subCommand(SubCommand::with_name(\"run\").about(\"Run the catch command\").args(&runArgs))","highlight_start":95,"highlight_end":102}],"label":null,"suggested_replacement":"run_args","suggestion_applicability":"MaybeIncorrect","expansion":null}],"children":[],"rendered":null}],"rendered":"\u001b[0m\u001b[1m\u001b[38;5;9merror[E0425]\u001b[0m\u001b[0m\u001b[1m: cannot find value `runArgs` in this scope\u001b[0m\n\u001b[0m   \u001b[0m\u001b[0m\u001b[1m\u001b[38;5;12m--> \u001b[0m\u001b[0msrc/arguments/catch.rs:110:95\u001b[0m\n\u001b[0m    \u001b[0m\u001b[0m\u001b[1m\u001b[38;5;12m|\u001b[0m\n\u001b[0m\u001b[1m\u001b[38;5;12m110\u001b[0m\u001b[0m \u001b[0m\u001b[0m\u001b[1m\u001b[38;5;12m|\u001b[0m\u001b[0m \u001b[0m\u001b[0m                .subCommand(SubCommand::with_name(\"run\").about(\"Run the catch command\").args(&runArgs))\u001b[0m\n\u001b[0m    \u001b[0m\u001b[0m\u001b[1m\u001b[38;5;12m| \u001b[0m\u001b[0m                                                                                              \u001b[0m\u001b[0m\u001b[1m\u001b[38;5;9m^^^^^^^\u001b[0m\u001b[0m \u001b[0m\u001b[0m\u001b[1m\u001b[38;5;9mhelp: a local variable with a similar name exists: `run_args`\u001b[0m\n\n"}
{"message":"cannot find value `args` in this scope","code":{"code":"E0425","explanation":"An unresolved name was used.\n\nErroneous code examples:\n\n```compile_fail,E0425\nsomething_that_doesnt_exist::foo;\n// error: unresolved name `something_that_doesnt_exist::foo`\n\n// or:\n\ntrait Foo {\n    fn bar() {\n        Self; // error: unresolved name `Self`\n    }\n}\n\n// or:\n\nlet x = unknown_variable;  // error: unresolved name `unknown_variable`\n```\n\nPlease verify that the name wasn't misspelled and ensure that the\nidentifier being referred to is valid for the given situation. Example:\n\n```\nenum something_that_does_exist {\n    Foo,\n}\n```\n\nOr:\n\n```\nmod something_that_does_exist {\n    pub static foo : i32 = 0i32;\n}\n\nsomething_that_does_exist::foo; // ok!\n```\n\nOr:\n\n```\nlet unknown_variable = 12u32;\nlet x = unknown_variable; // ok!\n```\n\nIf the item is not defined in the current module, it must be imported using a\n`use` statement, like so:\n\n```\n# mod foo { pub fn bar() {} }\n# fn main() {\nuse foo::bar;\nbar();\n# }\n```\n\nIf the item you are importing is not defined in some super-module of the\ncurrent module, then it must also be declared as public (e.g., `pub fn`).\n"},"level":"error","spans":[{"file_name":"src/arguments/catch.rs","byte_start":5858,"byte_end":5862,"line_start":147,"line_end":147,"column_start":41,"column_end":45,"is_primary":true,"text":[{"text":"                    if let Some(temp) = args.value_of(\"filter\") {","highlight_start":41,"highlight_end":45}],"label":"not found in this scope","suggested_replacement":null,"suggestion_applicability":null,"expansion":null}],"children":[{"message":"consider importing this function","code":null,"level":"help","spans":[{"file_name":"src/arguments/catch.rs","byte_start":0,"byte_end":0,"line_start":1,"line_end":1,"column_start":1,"column_end":1,"is_primary":true,"text":[{"text":"use pcap::{Capture, Inactive, Precision, TimestampType};","highlight_start":1,"highlight_end":1}],"label":null,"suggested_replacement":"use std::env::args;\n","suggestion_applicability":"MaybeIncorrect","expansion":null}],"children":[],"rendered":null}],"rendered":"\u001b[0m\u001b[1m\u001b[38;5;9merror[E0425]\u001b[0m\u001b[0m\u001b[1m: cannot find value `args` in this scope\u001b[0m\n\u001b[0m   \u001b[0m\u001b[0m\u001b[1m\u001b[38;5;12m--> \u001b[0m\u001b[0msrc/arguments/catch.rs:147:41\u001b[0m\n\u001b[0m    \u001b[0m\u001b[0m\u001b[1m\u001b[38;5;12m|\u001b[0m\n\u001b[0m\u001b[1m\u001b[38;5;12m147\u001b[0m\u001b[0m \u001b[0m\u001b[0m\u001b[1m\u001b[38;5;12m|\u001b[0m\u001b[0m \u001b[0m\u001b[0m                    if let Some(temp) = args.value_of(\"filter\") {\u001b[0m\n\u001b[0m    \u001b[0m\u001b[0m\u001b[1m\u001b[38;5;12m| \u001b[0m\u001b[0m                                        \u001b[0m\u001b[0m\u001b[1m\u001b[38;5;9m^^^^\u001b[0m\u001b[0m \u001b[0m\u001b[0m\u001b[1m\u001b[38;5;9mnot found in this scope\u001b[0m\n\u001b[0m    \u001b[0m\u001b[0m\u001b[1m\u001b[38;5;12m|\u001b[0m\n\u001b[0m\u001b[1m\u001b[38;5;14mhelp\u001b[0m\u001b[0m: consider importing this function\u001b[0m\n\u001b[0m    \u001b[0m\u001b[0m\u001b[1m\u001b[38;5;12m|\u001b[0m\n\u001b[0m\u001b[1m\u001b[38;5;12m1\u001b[0m\u001b[0m   \u001b[0m\u001b[0m\u001b[38;5;10m+ use std::env::args;\u001b[0m\n\u001b[0m    \u001b[0m\u001b[0m\u001b[1m\u001b[38;5;12m|\u001b[0m\n\n"}
{"message":"cannot find value `args` in this scope","code":{"code":"E0425","explanation":"An unresolved name was used.\n\nErroneous code examples:\n\n```compile_fail,E0425\nsomething_that_doesnt_exist::foo;\n// error: unresolved name `something_that_doesnt_exist::foo`\n\n// or:\n\ntrait Foo {\n    fn bar() {\n        Self; // error: unresolved name `Self`\n    }\n}\n\n// or:\n\nlet x = unknown_variable;  // error: unresolved name `unknown_variable`\n```\n\nPlease verify that the name wasn't misspelled and ensure that the\nidentifier being referred to is valid for the given situation. Example:\n\n```\nenum something_that_does_exist {\n    Foo,\n}\n```\n\nOr:\n\n```\nmod something_that_does_exist {\n    pub static foo : i32 = 0i32;\n}\n\nsomething_that_does_exist::foo; // ok!\n```\n\nOr:\n\n```\nlet unknown_variable = 12u32;\nlet x = unknown_variable; // ok!\n```\n\nIf the item is not defined in the current module, it must be imported using a\n`use` statement, like so:\n\n```\n# mod foo { pub fn bar() {} }\n# fn main() {\nuse foo::bar;\nbar();\n# }\n```\n\nIf the item you are importing is not defined in some super-module of the\ncurrent module, then it must also be declared as public (e.g., `pub fn`).\n"},"level":"error","spans":[{"file_name":"src/arguments/catch.rs","byte_start":6089,"byte_end":6093,"line_start":153,"line_end":153,"column_start":41,"column_end":45,"is_primary":true,"text":[{"text":"                    if let Some(temp) = args.value_of(\"saveFile\") {","highlight_start":41,"highlight_end":45}],"label":"not found in this scope","suggested_replacement":null,"suggestion_applicability":null,"expansion":null}],"children":[{"message":"consider importing this function","code":null,"level":"help","spans":[{"file_name":"src/arguments/catch.rs","byte_start":0,"byte_end":0,"line_start":1,"line_end":1,"column_start":1,"column_end":1,"is_primary":true,"text":[{"text":"use pcap::{Capture, Inactive, Precision, TimestampType};","highlight_start":1,"highlight_end":1}],"label":null,"suggested_replacement":"use std::env::args;\n","suggestion_applicability":"MaybeIncorrect","expansion":null}],"children":[],"rendered":null}],"rendered":"\u001b[0m\u001b[1m\u001b[38;5;9merror[E0425]\u001b[0m\u001b[0m\u001b[1m: cannot find value `args` in this scope\u001b[0m\n\u001b[0m   \u001b[0m\u001b[0m\u001b[1m\u001b[38;5;12m--> \u001b[0m\u001b[0msrc/arguments/catch.rs:153:41\u001b[0m\n\u001b[0m    \u001b[0m\u001b[0m\u001b[1m\u001b[38;5;12m|\u001b[0m\n\u001b[0m\u001b[1m\u001b[38;5;12m153\u001b[0m\u001b[0m \u001b[0m\u001b[0m\u001b[1m\u001b[38;5;12m|\u001b[0m\u001b[0m \u001b[0m\u001b[0m                    if let Some(temp) = args.value_of(\"saveFile\") {\u001b[0m\n\u001b[0m    \u001b[0m\u001b[0m\u001b[1m\u001b[38;5;12m| \u001b[0m\u001b[0m                                        \u001b[0m\u001b[0m\u001b[1m\u001b[38;5;9m^^^^\u001b[0m\u001b[0m \u001b[0m\u001b[0m\u001b[1m\u001b[38;5;9mnot found in this scope\u001b[0m\n\u001b[0m    \u001b[0m\u001b[0m\u001b[1m\u001b[38;5;12m|\u001b[0m\n\u001b[0m\u001b[1m\u001b[38;5;14mhelp\u001b[0m\u001b[0m: consider importing this function\u001b[0m\n\u001b[0m    \u001b[0m\u001b[0m\u001b[1m\u001b[38;5;12m|\u001b[0m\n\u001b[0m\u001b[1m\u001b[38;5;12m1\u001b[0m\u001b[0m   \u001b[0m\u001b[0m\u001b[38;5;10m+ use std::env::args;\u001b[0m\n\u001b[0m    \u001b[0m\u001b[0m\u001b[1m\u001b[38;5;12m|\u001b[0m\n\n"}
{"message":"cannot find type `parseSubcommand` in this scope","code":{"code":"E0412","explanation":"A used type name is not in scope.\n\nErroneous code examples:\n\n```compile_fail,E0412\nimpl Something {} // error: type name `Something` is not in scope\n\n// or:\n\ntrait Foo {\n    fn bar(N); // error: type name `N` is not in scope\n}\n\n// or:\n\nfn foo(x: T) {} // type name `T` is not in scope\n```\n\nTo fix this error, please verify you didn't misspell the type name, you did\ndeclare it or imported it into the scope. Examples:\n\n```\nstruct Something;\n\nimpl Something {} // ok!\n\n// or:\n\ntrait Foo {\n    type N;\n\n    fn bar(_: Self::N); // ok!\n}\n\n// or:\n\nfn foo<T>(x: T) {} // ok!\n```\n\nAnother case that causes this error is when a type is imported into a parent\nmodule. To fix this, you can follow the suggestion and use File directly or\n`use super::File;` which will import the types from the parent namespace. An\nexample that causes this error is below:\n\n```compile_fail,E0412\nuse std::fs::File;\n\nmod foo {\n    fn some_function(f: File) {}\n}\n```\n\n```\nuse std::fs::File;\n\nmod foo {\n    // either\n    use super::File;\n    // or\n    // use std::fs::File;\n    fn foo(f: File) {}\n}\n# fn main() {} // don't insert it for us; that'll break imports\n```\n"},"level":"error","spans":[{"file_name":"src/arguments/parse.rs","byte_start":92,"byte_end":118,"line_start":4,"line_end":4,"column_start":1,"column_end":27,"is_primary":false,"text":[{"text":"pub struct ParseSubcommand {}","highlight_start":1,"highlight_end":27}],"label":"similarly named struct `ParseSubcommand` defined here","suggested_replacement":null,"suggestion_applicability":null,"expansion":null},{"file_name":"src/arguments/parse.rs","byte_start":136,"byte_end":151,"line_start":6,"line_end":6,"column_start":14,"column_end":29,"is_primary":true,"text":[{"text":"impl<'a, 'b> parseSubcommand {","highlight_start":14,"highlight_end":29}],"label":null,"suggested_replacement":null,"suggestion_applicability":null,"expansion":null}],"children":[{"message":"a struct with a similar name exists","code":null,"level":"help","spans":[{"file_name":"src/arguments/parse.rs","byte_start":136,"byte_end":151,"line_start":6,"line_end":6,"column_start":14,"column_end":29,"is_primary":true,"text":[{"text":"impl<'a, 'b> parseSubcommand {","highlight_start":14,"highlight_end":29}],"label":null,"suggested_replacement":"ParseSubcommand","suggestion_applicability":"MaybeIncorrect","expansion":null}],"children":[],"rendered":null}],"rendered":"\u001b[0m\u001b[1m\u001b[38;5;9merror[E0412]\u001b[0m\u001b[0m\u001b[1m: cannot find type `parseSubcommand` in this scope\u001b[0m\n\u001b[0m \u001b[0m\u001b[0m\u001b[1m\u001b[38;5;12m--> \u001b[0m\u001b[0msrc/arguments/parse.rs:6:14\u001b[0m\n\u001b[0m  \u001b[0m\u001b[0m\u001b[1m\u001b[38;5;12m|\u001b[0m\n\u001b[0m\u001b[1m\u001b[38;5;12m4\u001b[0m\u001b[0m \u001b[0m\u001b[0m\u001b[1m\u001b[38;5;12m|\u001b[0m\u001b[0m \u001b[0m\u001b[0mpub struct ParseSubcommand {}\u001b[0m\n\u001b[0m  \u001b[0m\u001b[0m\u001b[1m\u001b[38;5;12m| \u001b[0m\u001b[0m\u001b[1m\u001b[38;5;12m--------------------------\u001b[0m\u001b[0m \u001b[0m\u001b[0m\u001b[1m\u001b[38;5;12msimilarly named struct `ParseSubcommand` defined here\u001b[0m\n\u001b[0m\u001b[1m\u001b[38;5;12m5\u001b[0m\u001b[0m \u001b[0m\u001b[0m\u001b[1m\u001b[38;5;12m|\u001b[0m\n\u001b[0m\u001b[1m\u001b[38;5;12m6\u001b[0m\u001b[0m \u001b[0m\u001b[0m\u001b[1m\u001b[38;5;12m|\u001b[0m\u001b[0m \u001b[0m\u001b[0mimpl<'a, 'b> parseSubcommand {\u001b[0m\n\u001b[0m  \u001b[0m\u001b[0m\u001b[1m\u001b[38;5;12m| \u001b[0m\u001b[0m             \u001b[0m\u001b[0m\u001b[1m\u001b[38;5;9m^^^^^^^^^^^^^^^\u001b[0m\u001b[0m \u001b[0m\u001b[0m\u001b[1m\u001b[38;5;9mhelp: a struct with a similar name exists: `ParseSubcommand`\u001b[0m\n\n"}
{"message":"cannot find type `parseSubcommand` in this scope","code":{"code":"E0412","explanation":"A used type name is not in scope.\n\nErroneous code examples:\n\n```compile_fail,E0412\nimpl Something {} // error: type name `Something` is not in scope\n\n// or:\n\ntrait Foo {\n    fn bar(N); // error: type name `N` is not in scope\n}\n\n// or:\n\nfn foo(x: T) {} // type name `T` is not in scope\n```\n\nTo fix this error, please verify you didn't misspell the type name, you did\ndeclare it or imported it into the scope. Examples:\n\n```\nstruct Something;\n\nimpl Something {} // ok!\n\n// or:\n\ntrait Foo {\n    type N;\n\n    fn bar(_: Self::N); // ok!\n}\n\n// or:\n\nfn foo<T>(x: T) {} // ok!\n```\n\nAnother case that causes this error is when a type is imported into a parent\nmodule. To fix this, you can follow the suggestion and use File directly or\n`use super::File;` which will import the types from the parent namespace. An\nexample that causes this error is below:\n\n```compile_fail,E0412\nuse std::fs::File;\n\nmod foo {\n    fn some_function(f: File) {}\n}\n```\n\n```\nuse std::fs::File;\n\nmod foo {\n    // either\n    use super::File;\n    // or\n    // use std::fs::File;\n    fn foo(f: File) {}\n}\n# fn main() {} // don't insert it for us; that'll break imports\n```\n"},"level":"error","spans":[{"file_name":"src/arguments/parse.rs","byte_start":92,"byte_end":118,"line_start":4,"line_end":4,"column_start":1,"column_end":27,"is_primary":false,"text":[{"text":"pub struct ParseSubcommand {}","highlight_start":1,"highlight_end":27}],"label":"similarly named struct `ParseSubcommand` defined here","suggested_replacement":null,"suggestion_applicability":null,"expansion":null},{"file_name":"src/arguments/parse.rs","byte_start":174,"byte_end":189,"line_start":7,"line_end":7,"column_start":21,"column_end":36,"is_primary":true,"text":[{"text":"    pub fn new() -> parseSubcommand {","highlight_start":21,"highlight_end":36}],"label":null,"suggested_replacement":null,"suggestion_applicability":null,"expansion":null}],"children":[{"message":"a struct with a similar name exists","code":null,"level":"help","spans":[{"file_name":"src/arguments/parse.rs","byte_start":174,"byte_end":189,"line_start":7,"line_end":7,"column_start":21,"column_end":36,"is_primary":true,"text":[{"text":"    pub fn new() -> parseSubcommand {","highlight_start":21,"highlight_end":36}],"label":null,"suggested_replacement":"ParseSubcommand","suggestion_applicability":"MaybeIncorrect","expansion":null}],"children":[],"rendered":null}],"rendered":"\u001b[0m\u001b[1m\u001b[38;5;9merror[E0412]\u001b[0m\u001b[0m\u001b[1m: cannot find type `parseSubcommand` in this scope\u001b[0m\n\u001b[0m \u001b[0m\u001b[0m\u001b[1m\u001b[38;5;12m--> \u001b[0m\u001b[0msrc/arguments/parse.rs:7:21\u001b[0m\n\u001b[0m  \u001b[0m\u001b[0m\u001b[1m\u001b[38;5;12m|\u001b[0m\n\u001b[0m\u001b[1m\u001b[38;5;12m4\u001b[0m\u001b[0m \u001b[0m\u001b[0m\u001b[1m\u001b[38;5;12m|\u001b[0m\u001b[0m \u001b[0m\u001b[0mpub struct ParseSubcommand {}\u001b[0m\n\u001b[0m  \u001b[0m\u001b[0m\u001b[1m\u001b[38;5;12m| \u001b[0m\u001b[0m\u001b[1m\u001b[38;5;12m--------------------------\u001b[0m\u001b[0m \u001b[0m\u001b[0m\u001b[1m\u001b[38;5;12msimilarly named struct `ParseSubcommand` defined here\u001b[0m\n\u001b[0m\u001b[1m\u001b[38;5;12m...\u001b[0m\n\u001b[0m\u001b[1m\u001b[38;5;12m7\u001b[0m\u001b[0m \u001b[0m\u001b[0m\u001b[1m\u001b[38;5;12m|\u001b[0m\u001b[0m \u001b[0m\u001b[0m    pub fn new() -> parseSubcommand {\u001b[0m\n\u001b[0m  \u001b[0m\u001b[0m\u001b[1m\u001b[38;5;12m| \u001b[0m\u001b[0m                    \u001b[0m\u001b[0m\u001b[1m\u001b[38;5;9m^^^^^^^^^^^^^^^\u001b[0m\u001b[0m \u001b[0m\u001b[0m\u001b[1m\u001b[38;5;9mhelp: a struct with a similar name exists: `ParseSubcommand`\u001b[0m\n\n"}
{"message":"cannot find value `parseArgs` in this scope","code":{"code":"E0425","explanation":"An unresolved name was used.\n\nErroneous code examples:\n\n```compile_fail,E0425\nsomething_that_doesnt_exist::foo;\n// error: unresolved name `something_that_doesnt_exist::foo`\n\n// or:\n\ntrait Foo {\n    fn bar() {\n        Self; // error: unresolved name `Self`\n    }\n}\n\n// or:\n\nlet x = unknown_variable;  // error: unresolved name `unknown_variable`\n```\n\nPlease verify that the name wasn't misspelled and ensure that the\nidentifier being referred to is valid for the given situation. Example:\n\n```\nenum something_that_does_exist {\n    Foo,\n}\n```\n\nOr:\n\n```\nmod something_that_does_exist {\n    pub static foo : i32 = 0i32;\n}\n\nsomething_that_does_exist::foo; // ok!\n```\n\nOr:\n\n```\nlet unknown_variable = 12u32;\nlet x = unknown_variable; // ok!\n```\n\nIf the item is not defined in the current module, it must be imported using a\n`use` statement, like so:\n\n```\n# mod foo { pub fn bar() {} }\n# fn main() {\nuse foo::bar;\nbar();\n# }\n```\n\nIf the item you are importing is not defined in some super-module of the\ncurrent module, then it must also be declared as public (e.g., `pub fn`).\n"},"level":"error","spans":[{"file_name":"src/arguments/parse.rs","byte_start":908,"byte_end":917,"line_start":27,"line_end":27,"column_start":20,"column_end":29,"is_primary":true,"text":[{"text":"            .args(&parseArgs)","highlight_start":20,"highlight_end":29}],"label":null,"suggested_replacement":null,"suggestion_applicability":null,"expansion":null}],"children":[{"message":"a local variable with a similar name exists","code":null,"level":"help","spans":[{"file_name":"src/arguments/parse.rs","byte_start":908,"byte_end":917,"line_start":27,"line_end":27,"column_start":20,"column_end":29,"is_primary":true,"text":[{"text":"            .args(&parseArgs)","highlight_start":20,"highlight_end":29}],"label":null,"suggested_replacement":"parse_args","suggestion_applicability":"MaybeIncorrect","expansion":null}],"children":[],"rendered":null}],"rendered":"\u001b[0m\u001b[1m\u001b[38;5;9merror[E0425]\u001b[0m\u001b[0m\u001b[1m: cannot find value `parseArgs` in this scope\u001b[0m\n\u001b[0m  \u001b[0m\u001b[0m\u001b[1m\u001b[38;5;12m--> \u001b[0m\u001b[0msrc/arguments/parse.rs:27:20\u001b[0m\n\u001b[0m   \u001b[0m\u001b[0m\u001b[1m\u001b[38;5;12m|\u001b[0m\n\u001b[0m\u001b[1m\u001b[38;5;12m27\u001b[0m\u001b[0m \u001b[0m\u001b[0m\u001b[1m\u001b[38;5;12m|\u001b[0m\u001b[0m \u001b[0m\u001b[0m            .args(&parseArgs)\u001b[0m\n\u001b[0m   \u001b[0m\u001b[0m\u001b[1m\u001b[38;5;12m| \u001b[0m\u001b[0m                   \u001b[0m\u001b[0m\u001b[1m\u001b[38;5;9m^^^^^^^^^\u001b[0m\u001b[0m \u001b[0m\u001b[0m\u001b[1m\u001b[38;5;9mhelp: a local variable with a similar name exists: `parse_args`\u001b[0m\n\n"}
{"message":"cannot find value `saveFilePath` in this scope","code":{"code":"E0425","explanation":"An unresolved name was used.\n\nErroneous code examples:\n\n```compile_fail,E0425\nsomething_that_doesnt_exist::foo;\n// error: unresolved name `something_that_doesnt_exist::foo`\n\n// or:\n\ntrait Foo {\n    fn bar() {\n        Self; // error: unresolved name `Self`\n    }\n}\n\n// or:\n\nlet x = unknown_variable;  // error: unresolved name `unknown_variable`\n```\n\nPlease verify that the name wasn't misspelled and ensure that the\nidentifier being referred to is valid for the given situation. Example:\n\n```\nenum something_that_does_exist {\n    Foo,\n}\n```\n\nOr:\n\n```\nmod something_that_does_exist {\n    pub static foo : i32 = 0i32;\n}\n\nsomething_that_does_exist::foo; // ok!\n```\n\nOr:\n\n```\nlet unknown_variable = 12u32;\nlet x = unknown_variable; // ok!\n```\n\nIf the item is not defined in the current module, it must be imported using a\n`use` statement, like so:\n\n```\n# mod foo { pub fn bar() {} }\n# fn main() {\nuse foo::bar;\nbar();\n# }\n```\n\nIf the item you are importing is not defined in some super-module of the\ncurrent module, then it must also be declared as public (e.g., `pub fn`).\n"},"level":"error","spans":[{"file_name":"src/arguments/parse.rs","byte_start":1273,"byte_end":1285,"line_start":39,"line_end":39,"column_start":13,"column_end":25,"is_primary":true,"text":[{"text":"            saveFilePath = Some(temp.to_string());","highlight_start":13,"highlight_end":25}],"label":null,"suggested_replacement":null,"suggestion_applicability":null,"expansion":null}],"children":[{"message":"a local variable with a similar name exists","code":null,"level":"help","spans":[{"file_name":"src/arguments/parse.rs","byte_start":1273,"byte_end":1285,"line_start":39,"line_end":39,"column_start":13,"column_end":25,"is_primary":true,"text":[{"text":"            saveFilePath = Some(temp.to_string());","highlight_start":13,"highlight_end":25}],"label":null,"suggested_replacement":"save_file_path","suggestion_applicability":"MaybeIncorrect","expansion":null}],"children":[],"rendered":null}],"rendered":"\u001b[0m\u001b[1m\u001b[38;5;9merror[E0425]\u001b[0m\u001b[0m\u001b[1m: cannot find value `saveFilePath` in this scope\u001b[0m\n\u001b[0m  \u001b[0m\u001b[0m\u001b[1m\u001b[38;5;12m--> \u001b[0m\u001b[0msrc/arguments/parse.rs:39:13\u001b[0m\n\u001b[0m   \u001b[0m\u001b[0m\u001b[1m\u001b[38;5;12m|\u001b[0m\n\u001b[0m\u001b[1m\u001b[38;5;12m39\u001b[0m\u001b[0m \u001b[0m\u001b[0m\u001b[1m\u001b[38;5;12m|\u001b[0m\u001b[0m \u001b[0m\u001b[0m            saveFilePath = Some(temp.to_string());\u001b[0m\n\u001b[0m   \u001b[0m\u001b[0m\u001b[1m\u001b[38;5;12m| \u001b[0m\u001b[0m            \u001b[0m\u001b[0m\u001b[1m\u001b[38;5;9m^^^^^^^^^^^^\u001b[0m\u001b[0m \u001b[0m\u001b[0m\u001b[1m\u001b[38;5;9mhelp: a local variable with a similar name exists: `save_file_path`\u001b[0m\n\n"}
{"message":"cannot find value `saveFilePath` in this scope","code":{"code":"E0425","explanation":"An unresolved name was used.\n\nErroneous code examples:\n\n```compile_fail,E0425\nsomething_that_doesnt_exist::foo;\n// error: unresolved name `something_that_doesnt_exist::foo`\n\n// or:\n\ntrait Foo {\n    fn bar() {\n        Self; // error: unresolved name `Self`\n    }\n}\n\n// or:\n\nlet x = unknown_variable;  // error: unresolved name `unknown_variable`\n```\n\nPlease verify that the name wasn't misspelled and ensure that the\nidentifier being referred to is valid for the given situation. Example:\n\n```\nenum something_that_does_exist {\n    Foo,\n}\n```\n\nOr:\n\n```\nmod something_that_does_exist {\n    pub static foo : i32 = 0i32;\n}\n\nsomething_that_does_exist::foo; // ok!\n```\n\nOr:\n\n```\nlet unknown_variable = 12u32;\nlet x = unknown_variable; // ok!\n```\n\nIf the item is not defined in the current module, it must be imported using a\n`use` statement, like so:\n\n```\n# mod foo { pub fn bar() {} }\n# fn main() {\nuse foo::bar;\nbar();\n# }\n```\n\nIf the item you are importing is not defined in some super-module of the\ncurrent module, then it must also be declared as public (e.g., `pub fn`).\n"},"level":"error","spans":[{"file_name":"src/arguments/parse.rs","byte_start":1425,"byte_end":1437,"line_start":42,"line_end":42,"column_start":48,"column_end":60,"is_primary":true,"text":[{"text":"            packet_capture.parseFromFile(temp, saveFilePath, filter);","highlight_start":48,"highlight_end":60}],"label":null,"suggested_replacement":null,"suggestion_applicability":null,"expansion":null}],"children":[{"message":"a local variable with a similar name exists","code":null,"level":"help","spans":[{"file_name":"src/arguments/parse.rs","byte_start":1425,"byte_end":1437,"line_start":42,"line_end":42,"column_start":48,"column_end":60,"is_primary":true,"text":[{"text":"            packet_capture.parseFromFile(temp, saveFilePath, filter);","highlight_start":48,"highlight_end":60}],"label":null,"suggested_replacement":"save_file_path","suggestion_applicability":"MaybeIncorrect","expansion":null}],"children":[],"rendered":null}],"rendered":"\u001b[0m\u001b[1m\u001b[38;5;9merror[E0425]\u001b[0m\u001b[0m\u001b[1m: cannot find value `saveFilePath` in this scope\u001b[0m\n\u001b[0m  \u001b[0m\u001b[0m\u001b[1m\u001b[38;5;12m--> \u001b[0m\u001b[0msrc/arguments/parse.rs:42:48\u001b[0m\n\u001b[0m   \u001b[0m\u001b[0m\u001b[1m\u001b[38;5;12m|\u001b[0m\n\u001b[0m\u001b[1m\u001b[38;5;12m42\u001b[0m\u001b[0m \u001b[0m\u001b[0m\u001b[1m\u001b[38;5;12m|\u001b[0m\u001b[0m \u001b[0m\u001b[0m            packet_capture.parseFromFile(temp, saveFilePath, filter);\u001b[0m\n\u001b[0m   \u001b[0m\u001b[0m\u001b[1m\u001b[38;5;12m| \u001b[0m\u001b[0m                                               \u001b[0m\u001b[0m\u001b[1m\u001b[38;5;9m^^^^^^^^^^^^\u001b[0m\u001b[0m \u001b[0m\u001b[0m\u001b[1m\u001b[38;5;9mhelp: a local variable with a similar name exists: `save_file_path`\u001b[0m\n\n"}
{"message":"cannot find function `from_device` in module `catch`","code":{"code":"E0425","explanation":"An unresolved name was used.\n\nErroneous code examples:\n\n```compile_fail,E0425\nsomething_that_doesnt_exist::foo;\n// error: unresolved name `something_that_doesnt_exist::foo`\n\n// or:\n\ntrait Foo {\n    fn bar() {\n        Self; // error: unresolved name `Self`\n    }\n}\n\n// or:\n\nlet x = unknown_variable;  // error: unresolved name `unknown_variable`\n```\n\nPlease verify that the name wasn't misspelled and ensure that the\nidentifier being referred to is valid for the given situation. Example:\n\n```\nenum something_that_does_exist {\n    Foo,\n}\n```\n\nOr:\n\n```\nmod something_that_does_exist {\n    pub static foo : i32 = 0i32;\n}\n\nsomething_that_does_exist::foo; // ok!\n```\n\nOr:\n\n```\nlet unknown_variable = 12u32;\nlet x = unknown_variable; // ok!\n```\n\nIf the item is not defined in the current module, it must be imported using a\n`use` statement, like so:\n\n```\n# mod foo { pub fn bar() {} }\n# fn main() {\nuse foo::bar;\nbar();\n# }\n```\n\nIf the item you are importing is not defined in some super-module of the\ncurrent module, then it must also be declared as public (e.g., `pub fn`).\n"},"level":"error","spans":[{"file_name":"src/arguments/mod.rs","byte_start":1146,"byte_end":1157,"line_start":33,"line_end":33,"column_start":37,"column_end":48,"is_primary":true,"text":[{"text":"                    device = catch::from_device(handle);","highlight_start":37,"highlight_end":48}],"label":"not found in `catch`","suggested_replacement":null,"suggestion_applicability":null,"expansion":null}],"children":[],"rendered":"\u001b[0m\u001b[1m\u001b[38;5;9merror[E0425]\u001b[0m\u001b[0m\u001b[1m: cannot find function `from_device` in module `catch`\u001b[0m\n\u001b[0m  \u001b[0m\u001b[0m\u001b[1m\u001b[38;5;12m--> \u001b[0m\u001b[0msrc/arguments/mod.rs:33:37\u001b[0m\n\u001b[0m   \u001b[0m\u001b[0m\u001b[1m\u001b[38;5;12m|\u001b[0m\n\u001b[0m\u001b[1m\u001b[38;5;12m33\u001b[0m\u001b[0m \u001b[0m\u001b[0m\u001b[1m\u001b[38;5;12m|\u001b[0m\u001b[0m \u001b[0m\u001b[0m                    device = catch::from_device(handle);\u001b[0m\n\u001b[0m   \u001b[0m\u001b[0m\u001b[1m\u001b[38;5;12m| \u001b[0m\u001b[0m                                    \u001b[0m\u001b[0m\u001b[1m\u001b[38;5;9m^^^^^^^^^^^\u001b[0m\u001b[0m \u001b[0m\u001b[0m\u001b[1m\u001b[38;5;9mnot found in `catch`\u001b[0m\n\n"}
{"message":"cannot find function `from_device` in module `catch`","code":{"code":"E0425","explanation":"An unresolved name was used.\n\nErroneous code examples:\n\n```compile_fail,E0425\nsomething_that_doesnt_exist::foo;\n// error: unresolved name `something_that_doesnt_exist::foo`\n\n// or:\n\ntrait Foo {\n    fn bar() {\n        Self; // error: unresolved name `Self`\n    }\n}\n\n// or:\n\nlet x = unknown_variable;  // error: unresolved name `unknown_variable`\n```\n\nPlease verify that the name wasn't misspelled and ensure that the\nidentifier being referred to is valid for the given situation. Example:\n\n```\nenum something_that_does_exist {\n    Foo,\n}\n```\n\nOr:\n\n```\nmod something_that_does_exist {\n    pub static foo : i32 = 0i32;\n}\n\nsomething_that_does_exist::foo; // ok!\n```\n\nOr:\n\n```\nlet unknown_variable = 12u32;\nlet x = unknown_variable; // ok!\n```\n\nIf the item is not defined in the current module, it must be imported using a\n`use` statement, like so:\n\n```\n# mod foo { pub fn bar() {} }\n# fn main() {\nuse foo::bar;\nbar();\n# }\n```\n\nIf the item you are importing is not defined in some super-module of the\ncurrent module, then it must also be declared as public (e.g., `pub fn`).\n"},"level":"error","spans":[{"file_name":"src/arguments/mod.rs","byte_start":1379,"byte_end":1390,"line_start":38,"line_end":38,"column_start":37,"column_end":48,"is_primary":true,"text":[{"text":"                    device = catch::from_device(capture_device);","highlight_start":37,"highlight_end":48}],"label":"not found in `catch`","suggested_replacement":null,"suggestion_applicability":null,"expansion":null}],"children":[],"rendered":"\u001b[0m\u001b[1m\u001b[38;5;9merror[E0425]\u001b[0m\u001b[0m\u001b[1m: cannot find function `from_device` in module `catch`\u001b[0m\n\u001b[0m  \u001b[0m\u001b[0m\u001b[1m\u001b[38;5;12m--> \u001b[0m\u001b[0msrc/arguments/mod.rs:38:37\u001b[0m\n\u001b[0m   \u001b[0m\u001b[0m\u001b[1m\u001b[38;5;12m|\u001b[0m\n\u001b[0m\u001b[1m\u001b[38;5;12m38\u001b[0m\u001b[0m \u001b[0m\u001b[0m\u001b[1m\u001b[38;5;12m|\u001b[0m\u001b[0m \u001b[0m\u001b[0m                    device = catch::from_device(capture_device);\u001b[0m\n\u001b[0m   \u001b[0m\u001b[0m\u001b[1m\u001b[38;5;12m| \u001b[0m\u001b[0m                                    \u001b[0m\u001b[0m\u001b[1m\u001b[38;5;9m^^^^^^^^^^^\u001b[0m\u001b[0m \u001b[0m\u001b[0m\u001b[1m\u001b[38;5;9mnot found in `catch`\u001b[0m\n\n"}
{"message":"cannot find value `capture_subcommand` in this scope","code":{"code":"E0425","explanation":"An unresolved name was used.\n\nErroneous code examples:\n\n```compile_fail,E0425\nsomething_that_doesnt_exist::foo;\n// error: unresolved name `something_that_doesnt_exist::foo`\n\n// or:\n\ntrait Foo {\n    fn bar() {\n        Self; // error: unresolved name `Self`\n    }\n}\n\n// or:\n\nlet x = unknown_variable;  // error: unresolved name `unknown_variable`\n```\n\nPlease verify that the name wasn't misspelled and ensure that the\nidentifier being referred to is valid for the given situation. Example:\n\n```\nenum something_that_does_exist {\n    Foo,\n}\n```\n\nOr:\n\n```\nmod something_that_does_exist {\n    pub static foo : i32 = 0i32;\n}\n\nsomething_that_does_exist::foo; // ok!\n```\n\nOr:\n\n```\nlet unknown_variable = 12u32;\nlet x = unknown_variable; // ok!\n```\n\nIf the item is not defined in the current module, it must be imported using a\n`use` statement, like so:\n\n```\n# mod foo { pub fn bar() {} }\n# fn main() {\nuse foo::bar;\nbar();\n# }\n```\n\nIf the item you are importing is not defined in some super-module of the\ncurrent module, then it must also be declared as public (e.g., `pub fn`).\n"},"level":"error","spans":[{"file_name":"src/arguments/mod.rs","byte_start":1587,"byte_end":1605,"line_start":44,"line_end":44,"column_start":34,"column_end":52,"is_primary":true,"text":[{"text":"                    let device = capture_subcommand.run_args(device, run_args);","highlight_start":34,"highlight_end":52}],"label":null,"suggested_replacement":null,"suggestion_applicability":null,"expansion":null}],"children":[{"message":"a local variable with a similar name exists","code":null,"level":"help","spans":[{"file_name":"src/arguments/mod.rs","byte_start":1587,"byte_end":1605,"line_start":44,"line_end":44,"column_start":34,"column_end":52,"is_primary":true,"text":[{"text":"                    let device = capture_subcommand.run_args(device, run_args);","highlight_start":34,"highlight_end":52}],"label":null,"suggested_replacement":"catch_subcommand","suggestion_applicability":"MaybeIncorrect","expansion":null}],"children":[],"rendered":null}],"rendered":"\u001b[0m\u001b[1m\u001b[38;5;9merror[E0425]\u001b[0m\u001b[0m\u001b[1m: cannot find value `capture_subcommand` in this scope\u001b[0m\n\u001b[0m  \u001b[0m\u001b[0m\u001b[1m\u001b[38;5;12m--> \u001b[0m\u001b[0msrc/arguments/mod.rs:44:34\u001b[0m\n\u001b[0m   \u001b[0m\u001b[0m\u001b[1m\u001b[38;5;12m|\u001b[0m\n\u001b[0m\u001b[1m\u001b[38;5;12m44\u001b[0m\u001b[0m \u001b[0m\u001b[0m\u001b[1m\u001b[38;5;12m|\u001b[0m\u001b[0m \u001b[0m\u001b[0m                    let device = capture_subcommand.run_args(device, run_args);\u001b[0m\n\u001b[0m   \u001b[0m\u001b[0m\u001b[1m\u001b[38;5;12m| \u001b[0m\u001b[0m                                 \u001b[0m\u001b[0m\u001b[1m\u001b[38;5;9m^^^^^^^^^^^^^^^^^^\u001b[0m\u001b[0m \u001b[0m\u001b[0m\u001b[1m\u001b[38;5;9mhelp: a local variable with a similar name exists: `catch_subcommand`\u001b[0m\n\n"}
{"message":"cannot find value `capture_subcommand` in this scope","code":{"code":"E0425","explanation":"An unresolved name was used.\n\nErroneous code examples:\n\n```compile_fail,E0425\nsomething_that_doesnt_exist::foo;\n// error: unresolved name `something_that_doesnt_exist::foo`\n\n// or:\n\ntrait Foo {\n    fn bar() {\n        Self; // error: unresolved name `Self`\n    }\n}\n\n// or:\n\nlet x = unknown_variable;  // error: unresolved name `unknown_variable`\n```\n\nPlease verify that the name wasn't misspelled and ensure that the\nidentifier being referred to is valid for the given situation. Example:\n\n```\nenum something_that_does_exist {\n    Foo,\n}\n```\n\nOr:\n\n```\nmod something_that_does_exist {\n    pub static foo : i32 = 0i32;\n}\n\nsomething_that_does_exist::foo; // ok!\n```\n\nOr:\n\n```\nlet unknown_variable = 12u32;\nlet x = unknown_variable; // ok!\n```\n\nIf the item is not defined in the current module, it must be imported using a\n`use` statement, like so:\n\n```\n# mod foo { pub fn bar() {} }\n# fn main() {\nuse foo::bar;\nbar();\n# }\n```\n\nIf the item you are importing is not defined in some super-module of the\ncurrent module, then it must also be declared as public (e.g., `pub fn`).\n"},"level":"error","spans":[{"file_name":"src/arguments/mod.rs","byte_start":1654,"byte_end":1672,"line_start":45,"line_end":45,"column_start":21,"column_end":39,"is_primary":true,"text":[{"text":"                    capture_subcommand.start(device, run_args);","highlight_start":21,"highlight_end":39}],"label":null,"suggested_replacement":null,"suggestion_applicability":null,"expansion":null}],"children":[{"message":"a local variable with a similar name exists","code":null,"level":"help","spans":[{"file_name":"src/arguments/mod.rs","byte_start":1654,"byte_end":1672,"line_start":45,"line_end":45,"column_start":21,"column_end":39,"is_primary":true,"text":[{"text":"                    capture_subcommand.start(device, run_args);","highlight_start":21,"highlight_end":39}],"label":null,"suggested_replacement":"catch_subcommand","suggestion_applicability":"MaybeIncorrect","expansion":null}],"children":[],"rendered":null}],"rendered":"\u001b[0m\u001b[1m\u001b[38;5;9merror[E0425]\u001b[0m\u001b[0m\u001b[1m: cannot find value `capture_subcommand` in this scope\u001b[0m\n\u001b[0m  \u001b[0m\u001b[0m\u001b[1m\u001b[38;5;12m--> \u001b[0m\u001b[0msrc/arguments/mod.rs:45:21\u001b[0m\n\u001b[0m   \u001b[0m\u001b[0m\u001b[1m\u001b[38;5;12m|\u001b[0m\n\u001b[0m\u001b[1m\u001b[38;5;12m45\u001b[0m\u001b[0m \u001b[0m\u001b[0m\u001b[1m\u001b[38;5;12m|\u001b[0m\u001b[0m \u001b[0m\u001b[0m                    capture_subcommand.start(device, run_args);\u001b[0m\n\u001b[0m   \u001b[0m\u001b[0m\u001b[1m\u001b[38;5;12m| \u001b[0m\u001b[0m                    \u001b[0m\u001b[0m\u001b[1m\u001b[38;5;9m^^^^^^^^^^^^^^^^^^\u001b[0m\u001b[0m \u001b[0m\u001b[0m\u001b[1m\u001b[38;5;9mhelp: a local variable with a similar name exists: `catch_subcommand`\u001b[0m\n\n"}
{"message":"found module declaration for lib.rs","code":{"code":"special_module_name","explanation":null},"level":"warning","spans":[{"file_name":"src/main.rs","byte_start":15,"byte_end":23,"line_start":2,"line_end":2,"column_start":1,"column_end":9,"is_primary":true,"text":[{"text":"mod lib;","highlight_start":1,"highlight_end":9}],"label":null,"suggested_replacement":null,"suggestion_applicability":null,"expansion":null}],"children":[{"message":"lib.rs is the root of this crate's library target","code":null,"level":"note","spans":[],"children":[],"rendered":null},{"message":"to refer to it from other targets, use the library's name as the path","code":null,"level":"help","spans":[],"children":[],"rendered":null},{"message":"`#[warn(special_module_name)]` on by default","code":null,"level":"note","spans":[],"children":[],"rendered":null}],"rendered":"\u001b[0m\u001b[1m\u001b[33mwarning\u001b[0m\u001b[0m\u001b[1m: found module declaration for lib.rs\u001b[0m\n\u001b[0m \u001b[0m\u001b[0m\u001b[1m\u001b[38;5;12m--> \u001b[0m\u001b[0msrc/main.rs:2:1\u001b[0m\n\u001b[0m  \u001b[0m\u001b[0m\u001b[1m\u001b[38;5;12m|\u001b[0m\n\u001b[0m\u001b[1m\u001b[38;5;12m2\u001b[0m\u001b[0m \u001b[0m\u001b[0m\u001b[1m\u001b[38;5;12m|\u001b[0m\u001b[0m \u001b[0m\u001b[0mmod lib;\u001b[0m\n\u001b[0m  \u001b[0m\u001b[0m\u001b[1m\u001b[38;5;12m| \u001b[0m\u001b[0m\u001b[1m\u001b[33m^^^^^^^^\u001b[0m\n\u001b[0m  \u001b[0m\u001b[0m\u001b[1m\u001b[38;5;12m|\u001b[0m\n\u001b[0m  \u001b[0m\u001b[0m\u001b[1m\u001b[38;5;12m= \u001b[0m\u001b[0m\u001b[1mnote\u001b[0m\u001b[0m: lib.rs is the root of this crate's library target\u001b[0m\n\u001b[0m  \u001b[0m\u001b[0m\u001b[1m\u001b[38;5;12m= \u001b[0m\u001b[0m\u001b[1mhelp\u001b[0m\u001b[0m: to refer to it from other targets, use the library's name as the path\u001b[0m\n\u001b[0m  \u001b[0m\u001b[0m\u001b[1m\u001b[38;5;12m= \u001b[0m\u001b[0m\u001b[1mnote\u001b[0m\u001b[0m: `#[warn(special_module_name)]` on by default\u001b[0m\n\n"}
{"message":"unused import: `Capture`","code":{"code":"unused_imports","explanation":null},"level":"warning","spans":[{"file_name":"src/arguments/mod.rs","byte_start":112,"byte_end":119,"line_start":5,"line_end":5,"column_start":12,"column_end":19,"is_primary":true,"text":[{"text":"use pcap::{Capture, Device};","highlight_start":12,"highlight_end":19}],"label":null,"suggested_replacement":null,"suggestion_applicability":null,"expansion":null}],"children":[{"message":"`#[warn(unused_imports)]` on by default","code":null,"level":"note","spans":[],"children":[],"rendered":null},{"message":"remove the unused import","code":null,"level":"help","spans":[{"file_name":"src/arguments/mod.rs","byte_start":112,"byte_end":121,"line_start":5,"line_end":5,"column_start":12,"column_end":21,"is_primary":true,"text":[{"text":"use pcap::{Capture, Device};","highlight_start":12,"highlight_end":21}],"label":null,"suggested_replacement":"","suggestion_applicability":"MachineApplicable","expansion":null}],"children":[],"rendered":null}],"rendered":"\u001b[0m\u001b[1m\u001b[33mwarning\u001b[0m\u001b[0m\u001b[1m: unused import: `Capture`\u001b[0m\n\u001b[0m \u001b[0m\u001b[0m\u001b[1m\u001b[38;5;12m--> \u001b[0m\u001b[0msrc/arguments/mod.rs:5:12\u001b[0m\n\u001b[0m  \u001b[0m\u001b[0m\u001b[1m\u001b[38;5;12m|\u001b[0m\n\u001b[0m\u001b[1m\u001b[38;5;12m5\u001b[0m\u001b[0m \u001b[0m\u001b[0m\u001b[1m\u001b[38;5;12m|\u001b[0m\u001b[0m \u001b[0m\u001b[0muse pcap::{Capture, Device};\u001b[0m\n\u001b[0m  \u001b[0m\u001b[0m\u001b[1m\u001b[38;5;12m| \u001b[0m\u001b[0m           \u001b[0m\u001b[0m\u001b[1m\u001b[33m^^^^^^^\u001b[0m\n\u001b[0m  \u001b[0m\u001b[0m\u001b[1m\u001b[38;5;12m|\u001b[0m\n\u001b[0m  \u001b[0m\u001b[0m\u001b[1m\u001b[38;5;12m= \u001b[0m\u001b[0m\u001b[1mnote\u001b[0m\u001b[0m: `#[warn(unused_imports)]` on by default\u001b[0m\n\n"}
{"message":"no function or associated item named `with_name` found for struct `Arg` in the current scope","code":{"code":"E0599","explanation":"This error occurs when a method is used on a type which doesn't implement it:\n\nErroneous code example:\n\n```compile_fail,E0599\nstruct Mouth;\n\nlet x = Mouth;\nx.chocolate(); // error: no method named `chocolate` found for type `Mouth`\n               //        in the current scope\n```\n\nIn this case, you need to implement the `chocolate` method to fix the error:\n\n```\nstruct Mouth;\n\nimpl Mouth {\n    fn chocolate(&self) { // We implement the `chocolate` method here.\n        println!(\"Hmmm! I love chocolate!\");\n    }\n}\n\nlet x = Mouth;\nx.chocolate(); // ok!\n```\n"},"level":"error","spans":[{"file_name":"src/arguments/catch.rs","byte_start":1418,"byte_end":1427,"line_start":51,"line_end":51,"column_start":22,"column_end":31,"is_primary":true,"text":[{"text":"                Arg::with_name(\"device_handle\")","highlight_start":22,"highlight_end":31}],"label":"function or associated item not found in `Arg`","suggested_replacement":null,"suggestion_applicability":null,"expansion":null}],"children":[],"rendered":"\u001b[0m\u001b[1m\u001b[38;5;9merror[E0599]\u001b[0m\u001b[0m\u001b[1m: no function or associated item named `with_name` found for struct `Arg` in the current scope\u001b[0m\n\u001b[0m  \u001b[0m\u001b[0m\u001b[1m\u001b[38;5;12m--> \u001b[0m\u001b[0msrc/arguments/catch.rs:51:22\u001b[0m\n\u001b[0m   \u001b[0m\u001b[0m\u001b[1m\u001b[38;5;12m|\u001b[0m\n\u001b[0m\u001b[1m\u001b[38;5;12m51\u001b[0m\u001b[0m \u001b[0m\u001b[0m\u001b[1m\u001b[38;5;12m|\u001b[0m\u001b[0m \u001b[0m\u001b[0m                Arg::with_name(\"device_handle\")\u001b[0m\n\u001b[0m   \u001b[0m\u001b[0m\u001b[1m\u001b[38;5;12m| \u001b[0m\u001b[0m                     \u001b[0m\u001b[0m\u001b[1m\u001b[38;5;9m^^^^^^^^^\u001b[0m\u001b[0m \u001b[0m\u001b[0m\u001b[1m\u001b[38;5;9mfunction or associated item not found in `Arg`\u001b[0m\n\n"}
{"message":"no function or associated item named `with_name` found for struct `Arg` in the current scope","code":{"code":"E0599","explanation":"This error occurs when a method is used on a type which doesn't implement it:\n\nErroneous code example:\n\n```compile_fail,E0599\nstruct Mouth;\n\nlet x = Mouth;\nx.chocolate(); // error: no method named `chocolate` found for type `Mouth`\n               //        in the current scope\n```\n\nIn this case, you need to implement the `chocolate` method to fix the error:\n\n```\nstruct Mouth;\n\nimpl Mouth {\n    fn chocolate(&self) { // We implement the `chocolate` method here.\n        println!(\"Hmmm! I love chocolate!\");\n    }\n}\n\nlet x = Mouth;\nx.chocolate(); // ok!\n```\n"},"level":"error","spans":[{"file_name":"src/arguments/catch.rs","byte_start":1607,"byte_end":1616,"line_start":55,"line_end":55,"column_start":22,"column_end":31,"is_primary":true,"text":[{"text":"                Arg::with_name(\"timeout\")","highlight_start":22,"highlight_end":31}],"label":"function or associated item not found in `Arg`","suggested_replacement":null,"suggestion_applicability":null,"expansion":null}],"children":[],"rendered":"\u001b[0m\u001b[1m\u001b[38;5;9merror[E0599]\u001b[0m\u001b[0m\u001b[1m: no function or associated item named `with_name` found for struct `Arg` in the current scope\u001b[0m\n\u001b[0m  \u001b[0m\u001b[0m\u001b[1m\u001b[38;5;12m--> \u001b[0m\u001b[0msrc/arguments/catch.rs:55:22\u001b[0m\n\u001b[0m   \u001b[0m\u001b[0m\u001b[1m\u001b[38;5;12m|\u001b[0m\n\u001b[0m\u001b[1m\u001b[38;5;12m55\u001b[0m\u001b[0m \u001b[0m\u001b[0m\u001b[1m\u001b[38;5;12m|\u001b[0m\u001b[0m \u001b[0m\u001b[0m                Arg::with_name(\"timeout\")\u001b[0m\n\u001b[0m   \u001b[0m\u001b[0m\u001b[1m\u001b[38;5;12m| \u001b[0m\u001b[0m                     \u001b[0m\u001b[0m\u001b[1m\u001b[38;5;9m^^^^^^^^^\u001b[0m\u001b[0m \u001b[0m\u001b[0m\u001b[1m\u001b[38;5;9mfunction or associated item not found in `Arg`\u001b[0m\n\n"}
{"message":"no function or associated item named `with_name` found for struct `Arg` in the current scope","code":{"code":"E0599","explanation":"This error occurs when a method is used on a type which doesn't implement it:\n\nErroneous code example:\n\n```compile_fail,E0599\nstruct Mouth;\n\nlet x = Mouth;\nx.chocolate(); // error: no method named `chocolate` found for type `Mouth`\n               //        in the current scope\n```\n\nIn this case, you need to implement the `chocolate` method to fix the error:\n\n```\nstruct Mouth;\n\nimpl Mouth {\n    fn chocolate(&self) { // We implement the `chocolate` method here.\n        println!(\"Hmmm! I love chocolate!\");\n    }\n}\n\nlet x = Mouth;\nx.chocolate(); // ok!\n```\n"},"level":"error","spans":[{"file_name":"src/arguments/catch.rs","byte_start":1921,"byte_end":1930,"line_start":61,"line_end":61,"column_start":22,"column_end":31,"is_primary":true,"text":[{"text":"                Arg::with_name(\"promisc\")","highlight_start":22,"highlight_end":31}],"label":"function or associated item not found in `Arg`","suggested_replacement":null,"suggestion_applicability":null,"expansion":null}],"children":[],"rendered":"\u001b[0m\u001b[1m\u001b[38;5;9merror[E0599]\u001b[0m\u001b[0m\u001b[1m: no function or associated item named `with_name` found for struct `Arg` in the current scope\u001b[0m\n\u001b[0m  \u001b[0m\u001b[0m\u001b[1m\u001b[38;5;12m--> \u001b[0m\u001b[0msrc/arguments/catch.rs:61:22\u001b[0m\n\u001b[0m   \u001b[0m\u001b[0m\u001b[1m\u001b[38;5;12m|\u001b[0m\n\u001b[0m\u001b[1m\u001b[38;5;12m61\u001b[0m\u001b[0m \u001b[0m\u001b[0m\u001b[1m\u001b[38;5;12m|\u001b[0m\u001b[0m \u001b[0m\u001b[0m                Arg::with_name(\"promisc\")\u001b[0m\n\u001b[0m   \u001b[0m\u001b[0m\u001b[1m\u001b[38;5;12m| \u001b[0m\u001b[0m                     \u001b[0m\u001b[0m\u001b[1m\u001b[38;5;9m^^^^^^^^^\u001b[0m\u001b[0m \u001b[0m\u001b[0m\u001b[1m\u001b[38;5;9mfunction or associated item not found in `Arg`\u001b[0m\n\n"}
{"message":"no function or associated item named `with_name` found for struct `Arg` in the current scope","code":{"code":"E0599","explanation":"This error occurs when a method is used on a type which doesn't implement it:\n\nErroneous code example:\n\n```compile_fail,E0599\nstruct Mouth;\n\nlet x = Mouth;\nx.chocolate(); // error: no method named `chocolate` found for type `Mouth`\n               //        in the current scope\n```\n\nIn this case, you need to implement the `chocolate` method to fix the error:\n\n```\nstruct Mouth;\n\nimpl Mouth {\n    fn chocolate(&self) { // We implement the `chocolate` method here.\n        println!(\"Hmmm! I love chocolate!\");\n    }\n}\n\nlet x = Mouth;\nx.chocolate(); // ok!\n```\n"},"level":"error","spans":[{"file_name":"src/arguments/catch.rs","byte_start":2164,"byte_end":2173,"line_start":66,"line_end":66,"column_start":22,"column_end":31,"is_primary":true,"text":[{"text":"                Arg::with_name(\"rfmon\")","highlight_start":22,"highlight_end":31}],"label":"function or associated item not found in `Arg`","suggested_replacement":null,"suggestion_applicability":null,"expansion":null}],"children":[],"rendered":"\u001b[0m\u001b[1m\u001b[38;5;9merror[E0599]\u001b[0m\u001b[0m\u001b[1m: no function or associated item named `with_name` found for struct `Arg` in the current scope\u001b[0m\n\u001b[0m  \u001b[0m\u001b[0m\u001b[1m\u001b[38;5;12m--> \u001b[0m\u001b[0msrc/arguments/catch.rs:66:22\u001b[0m\n\u001b[0m   \u001b[0m\u001b[0m\u001b[1m\u001b[38;5;12m|\u001b[0m\n\u001b[0m\u001b[1m\u001b[38;5;12m66\u001b[0m\u001b[0m \u001b[0m\u001b[0m\u001b[1m\u001b[38;5;12m|\u001b[0m\u001b[0m \u001b[0m\u001b[0m                Arg::with_name(\"rfmon\")\u001b[0m\n\u001b[0m   \u001b[0m\u001b[0m\u001b[1m\u001b[38;5;12m| \u001b[0m\u001b[0m                     \u001b[0m\u001b[0m\u001b[1m\u001b[38;5;9m^^^^^^^^^\u001b[0m\u001b[0m \u001b[0m\u001b[0m\u001b[1m\u001b[38;5;9mfunction or associated item not found in `Arg`\u001b[0m\n\n"}
{"message":"no function or associated item named `with_name` found for struct `Arg` in the current scope","code":{"code":"E0599","explanation":"This error occurs when a method is used on a type which doesn't implement it:\n\nErroneous code example:\n\n```compile_fail,E0599\nstruct Mouth;\n\nlet x = Mouth;\nx.chocolate(); // error: no method named `chocolate` found for type `Mouth`\n               //        in the current scope\n```\n\nIn this case, you need to implement the `chocolate` method to fix the error:\n\n```\nstruct Mouth;\n\nimpl Mouth {\n    fn chocolate(&self) { // We implement the `chocolate` method here.\n        println!(\"Hmmm! I love chocolate!\");\n    }\n}\n\nlet x = Mouth;\nx.chocolate(); // ok!\n```\n"},"level":"error","spans":[{"file_name":"src/arguments/catch.rs","byte_start":2374,"byte_end":2383,"line_start":70,"line_end":70,"column_start":22,"column_end":31,"is_primary":true,"text":[{"text":"                Arg::with_name(\"snaplen\")","highlight_start":22,"highlight_end":31}],"label":"function or associated item not found in `Arg`","suggested_replacement":null,"suggestion_applicability":null,"expansion":null}],"children":[],"rendered":"\u001b[0m\u001b[1m\u001b[38;5;9merror[E0599]\u001b[0m\u001b[0m\u001b[1m: no function or associated item named `with_name` found for struct `Arg` in the current scope\u001b[0m\n\u001b[0m  \u001b[0m\u001b[0m\u001b[1m\u001b[38;5;12m--> \u001b[0m\u001b[0msrc/arguments/catch.rs:70:22\u001b[0m\n\u001b[0m   \u001b[0m\u001b[0m\u001b[1m\u001b[38;5;12m|\u001b[0m\n\u001b[0m\u001b[1m\u001b[38;5;12m70\u001b[0m\u001b[0m \u001b[0m\u001b[0m\u001b[1m\u001b[38;5;12m|\u001b[0m\u001b[0m \u001b[0m\u001b[0m                Arg::with_name(\"snaplen\")\u001b[0m\n\u001b[0m   \u001b[0m\u001b[0m\u001b[1m\u001b[38;5;12m| \u001b[0m\u001b[0m                     \u001b[0m\u001b[0m\u001b[1m\u001b[38;5;9m^^^^^^^^^\u001b[0m\u001b[0m \u001b[0m\u001b[0m\u001b[1m\u001b[38;5;9mfunction or associated item not found in `Arg`\u001b[0m\n\n"}
{"message":"no function or associated item named `with_name` found for struct `Arg` in the current scope","code":{"code":"E0599","explanation":"This error occurs when a method is used on a type which doesn't implement it:\n\nErroneous code example:\n\n```compile_fail,E0599\nstruct Mouth;\n\nlet x = Mouth;\nx.chocolate(); // error: no method named `chocolate` found for type `Mouth`\n               //        in the current scope\n```\n\nIn this case, you need to implement the `chocolate` method to fix the error:\n\n```\nstruct Mouth;\n\nimpl Mouth {\n    fn chocolate(&self) { // We implement the `chocolate` method here.\n        println!(\"Hmmm! I love chocolate!\");\n    }\n}\n\nlet x = Mouth;\nx.chocolate(); // ok!\n```\n"},"level":"error","spans":[{"file_name":"src/arguments/catch.rs","byte_start":2788,"byte_end":2797,"line_start":77,"line_end":77,"column_start":22,"column_end":31,"is_primary":true,"text":[{"text":"                Arg::with_name(\"buffer_size\")","highlight_start":22,"highlight_end":31}],"label":"function or associated item not found in `Arg`","suggested_replacement":null,"suggestion_applicability":null,"expansion":null}],"children":[],"rendered":"\u001b[0m\u001b[1m\u001b[38;5;9merror[E0599]\u001b[0m\u001b[0m\u001b[1m: no function or associated item named `with_name` found for struct `Arg` in the current scope\u001b[0m\n\u001b[0m  \u001b[0m\u001b[0m\u001b[1m\u001b[38;5;12m--> \u001b[0m\u001b[0msrc/arguments/catch.rs:77:22\u001b[0m\n\u001b[0m   \u001b[0m\u001b[0m\u001b[1m\u001b[38;5;12m|\u001b[0m\n\u001b[0m\u001b[1m\u001b[38;5;12m77\u001b[0m\u001b[0m \u001b[0m\u001b[0m\u001b[1m\u001b[38;5;12m|\u001b[0m\u001b[0m \u001b[0m\u001b[0m                Arg::with_name(\"buffer_size\")\u001b[0m\n\u001b[0m   \u001b[0m\u001b[0m\u001b[1m\u001b[38;5;12m| \u001b[0m\u001b[0m                     \u001b[0m\u001b[0m\u001b[1m\u001b[38;5;9m^^^^^^^^^\u001b[0m\u001b[0m \u001b[0m\u001b[0m\u001b[1m\u001b[38;5;9mfunction or associated item not found in `Arg`\u001b[0m\n\n"}
{"message":"no function or associated item named `with_name` found for struct `Arg` in the current scope","code":{"code":"E0599","explanation":"This error occurs when a method is used on a type which doesn't implement it:\n\nErroneous code example:\n\n```compile_fail,E0599\nstruct Mouth;\n\nlet x = Mouth;\nx.chocolate(); // error: no method named `chocolate` found for type `Mouth`\n               //        in the current scope\n```\n\nIn this case, you need to implement the `chocolate` method to fix the error:\n\n```\nstruct Mouth;\n\nimpl Mouth {\n    fn chocolate(&self) { // We implement the `chocolate` method here.\n        println!(\"Hmmm! I love chocolate!\");\n    }\n}\n\nlet x = Mouth;\nx.chocolate(); // ok!\n```\n"},"level":"error","spans":[{"file_name":"src/arguments/catch.rs","byte_start":3074,"byte_end":3083,"line_start":83,"line_end":83,"column_start":22,"column_end":31,"is_primary":true,"text":[{"text":"                Arg::with_name(\"timestamp_type\")","highlight_start":22,"highlight_end":31}],"label":"function or associated item not found in `Arg`","suggested_replacement":null,"suggestion_applicability":null,"expansion":null}],"children":[],"rendered":"\u001b[0m\u001b[1m\u001b[38;5;9merror[E0599]\u001b[0m\u001b[0m\u001b[1m: no function or associated item named `with_name` found for struct `Arg` in the current scope\u001b[0m\n\u001b[0m  \u001b[0m\u001b[0m\u001b[1m\u001b[38;5;12m--> \u001b[0m\u001b[0msrc/arguments/catch.rs:83:22\u001b[0m\n\u001b[0m   \u001b[0m\u001b[0m\u001b[1m\u001b[38;5;12m|\u001b[0m\n\u001b[0m\u001b[1m\u001b[38;5;12m83\u001b[0m\u001b[0m \u001b[0m\u001b[0m\u001b[1m\u001b[38;5;12m|\u001b[0m\u001b[0m \u001b[0m\u001b[0m                Arg::with_name(\"timestamp_type\")\u001b[0m\n\u001b[0m   \u001b[0m\u001b[0m\u001b[1m\u001b[38;5;12m| \u001b[0m\u001b[0m                     \u001b[0m\u001b[0m\u001b[1m\u001b[38;5;9m^^^^^^^^^\u001b[0m\u001b[0m \u001b[0m\u001b[0m\u001b[1m\u001b[38;5;9mfunction or associated item not found in `Arg`\u001b[0m\n\n"}
{"message":"no function or associated item named `with_name` found for struct `Arg` in the current scope","code":{"code":"E0599","explanation":"This error occurs when a method is used on a type which doesn't implement it:\n\nErroneous code example:\n\n```compile_fail,E0599\nstruct Mouth;\n\nlet x = Mouth;\nx.chocolate(); // error: no method named `chocolate` found for type `Mouth`\n               //        in the current scope\n```\n\nIn this case, you need to implement the `chocolate` method to fix the error:\n\n```\nstruct Mouth;\n\nimpl Mouth {\n    fn chocolate(&self) { // We implement the `chocolate` method here.\n        println!(\"Hmmm! I love chocolate!\");\n    }\n}\n\nlet x = Mouth;\nx.chocolate(); // ok!\n```\n"},"level":"error","spans":[{"file_name":"src/arguments/catch.rs","byte_start":3416,"byte_end":3425,"line_start":89,"line_end":89,"column_start":22,"column_end":31,"is_primary":true,"text":[{"text":"                Arg::with_name(\"precision\")","highlight_start":22,"highlight_end":31}],"label":"function or associated item not found in `Arg`","suggested_replacement":null,"suggestion_applicability":null,"expansion":null}],"children":[],"rendered":"\u001b[0m\u001b[1m\u001b[38;5;9merror[E0599]\u001b[0m\u001b[0m\u001b[1m: no function or associated item named `with_name` found for struct `Arg` in the current scope\u001b[0m\n\u001b[0m  \u001b[0m\u001b[0m\u001b[1m\u001b[38;5;12m--> \u001b[0m\u001b[0msrc/arguments/catch.rs:89:22\u001b[0m\n\u001b[0m   \u001b[0m\u001b[0m\u001b[1m\u001b[38;5;12m|\u001b[0m\n\u001b[0m\u001b[1m\u001b[38;5;12m89\u001b[0m\u001b[0m \u001b[0m\u001b[0m\u001b[1m\u001b[38;5;12m|\u001b[0m\u001b[0m \u001b[0m\u001b[0m                Arg::with_name(\"precision\")\u001b[0m\n\u001b[0m   \u001b[0m\u001b[0m\u001b[1m\u001b[38;5;12m| \u001b[0m\u001b[0m                     \u001b[0m\u001b[0m\u001b[1m\u001b[38;5;9m^^^^^^^^^\u001b[0m\u001b[0m \u001b[0m\u001b[0m\u001b[1m\u001b[38;5;9mfunction or associated item not found in `Arg`\u001b[0m\n\n"}
{"message":"no function or associated item named `with_name` found for struct `Arg` in the current scope","code":{"code":"E0599","explanation":"This error occurs when a method is used on a type which doesn't implement it:\n\nErroneous code example:\n\n```compile_fail,E0599\nstruct Mouth;\n\nlet x = Mouth;\nx.chocolate(); // error: no method named `chocolate` found for type `Mouth`\n               //        in the current scope\n```\n\nIn this case, you need to implement the `chocolate` method to fix the error:\n\n```\nstruct Mouth;\n\nimpl Mouth {\n    fn chocolate(&self) { // We implement the `chocolate` method here.\n        println!(\"Hmmm! I love chocolate!\");\n    }\n}\n\nlet x = Mouth;\nx.chocolate(); // ok!\n```\n"},"level":"error","spans":[{"file_name":"src/arguments/catch.rs","byte_start":3696,"byte_end":3705,"line_start":95,"line_end":95,"column_start":22,"column_end":31,"is_primary":true,"text":[{"text":"                Arg::with_name(\"filter\")","highlight_start":22,"highlight_end":31}],"label":"function or associated item not found in `Arg`","suggested_replacement":null,"suggestion_applicability":null,"expansion":null}],"children":[],"rendered":"\u001b[0m\u001b[1m\u001b[38;5;9merror[E0599]\u001b[0m\u001b[0m\u001b[1m: no function or associated item named `with_name` found for struct `Arg` in the current scope\u001b[0m\n\u001b[0m  \u001b[0m\u001b[0m\u001b[1m\u001b[38;5;12m--> \u001b[0m\u001b[0msrc/arguments/catch.rs:95:22\u001b[0m\n\u001b[0m   \u001b[0m\u001b[0m\u001b[1m\u001b[38;5;12m|\u001b[0m\n\u001b[0m\u001b[1m\u001b[38;5;12m95\u001b[0m\u001b[0m \u001b[0m\u001b[0m\u001b[1m\u001b[38;5;12m|\u001b[0m\u001b[0m \u001b[0m\u001b[0m                Arg::with_name(\"filter\")\u001b[0m\n\u001b[0m   \u001b[0m\u001b[0m\u001b[1m\u001b[38;5;12m| \u001b[0m\u001b[0m                     \u001b[0m\u001b[0m\u001b[1m\u001b[38;5;9m^^^^^^^^^\u001b[0m\u001b[0m \u001b[0m\u001b[0m\u001b[1m\u001b[38;5;9mfunction or associated item not found in `Arg`\u001b[0m\n\n"}
{"message":"no function or associated item named `with_name` found for struct `Arg` in the current scope","code":{"code":"E0599","explanation":"This error occurs when a method is used on a type which doesn't implement it:\n\nErroneous code example:\n\n```compile_fail,E0599\nstruct Mouth;\n\nlet x = Mouth;\nx.chocolate(); // error: no method named `chocolate` found for type `Mouth`\n               //        in the current scope\n```\n\nIn this case, you need to implement the `chocolate` method to fix the error:\n\n```\nstruct Mouth;\n\nimpl Mouth {\n    fn chocolate(&self) { // We implement the `chocolate` method here.\n        println!(\"Hmmm! I love chocolate!\");\n    }\n}\n\nlet x = Mouth;\nx.chocolate(); // ok!\n```\n"},"level":"error","spans":[{"file_name":"src/arguments/catch.rs","byte_start":3904,"byte_end":3913,"line_start":100,"line_end":100,"column_start":22,"column_end":31,"is_primary":true,"text":[{"text":"                Arg::with_name(\"saveFile\")","highlight_start":22,"highlight_end":31}],"label":"function or associated item not found in `Arg`","suggested_replacement":null,"suggestion_applicability":null,"expansion":null}],"children":[],"rendered":"\u001b[0m\u001b[1m\u001b[38;5;9merror[E0599]\u001b[0m\u001b[0m\u001b[1m: no function or associated item named `with_name` found for struct `Arg` in the current scope\u001b[0m\n\u001b[0m   \u001b[0m\u001b[0m\u001b[1m\u001b[38;5;12m--> \u001b[0m\u001b[0msrc/arguments/catch.rs:100:22\u001b[0m\n\u001b[0m    \u001b[0m\u001b[0m\u001b[1m\u001b[38;5;12m|\u001b[0m\n\u001b[0m\u001b[1m\u001b[38;5;12m100\u001b[0m\u001b[0m \u001b[0m\u001b[0m\u001b[1m\u001b[38;5;12m|\u001b[0m\u001b[0m \u001b[0m\u001b[0m                Arg::with_name(\"saveFile\")\u001b[0m\n\u001b[0m    \u001b[0m\u001b[0m\u001b[1m\u001b[38;5;12m| \u001b[0m\u001b[0m                     \u001b[0m\u001b[0m\u001b[1m\u001b[38;5;9m^^^^^^^^^\u001b[0m\u001b[0m \u001b[0m\u001b[0m\u001b[1m\u001b[38;5;9mfunction or associated item not found in `Arg`\u001b[0m\n\n"}
{"message":"no method named `value_of` found for reference `&ArgMatches` in the current scope","code":{"code":"E0599","explanation":"This error occurs when a method is used on a type which doesn't implement it:\n\nErroneous code example:\n\n```compile_fail,E0599\nstruct Mouth;\n\nlet x = Mouth;\nx.chocolate(); // error: no method named `chocolate` found for type `Mouth`\n               //        in the current scope\n```\n\nIn this case, you need to implement the `chocolate` method to fix the error:\n\n```\nstruct Mouth;\n\nimpl Mouth {\n    fn chocolate(&self) { // We implement the `chocolate` method here.\n        println!(\"Hmmm! I love chocolate!\");\n    }\n}\n\nlet x = Mouth;\nx.chocolate(); // ok!\n```\n"},"level":"error","spans":[{"file_name":"src/arguments/catch.rs","byte_start":4709,"byte_end":4717,"line_start":120,"line_end":120,"column_start":39,"column_end":47,"is_primary":true,"text":[{"text":"            if let Some(temp) =  args.value_of(\"timeout\") {","highlight_start":39,"highlight_end":47}],"label":"method not found in `&ArgMatches`","suggested_replacement":null,"suggestion_applicability":null,"expansion":null}],"children":[],"rendered":"\u001b[0m\u001b[1m\u001b[38;5;9merror[E0599]\u001b[0m\u001b[0m\u001b[1m: no method named `value_of` found for reference `&ArgMatches` in the current scope\u001b[0m\n\u001b[0m   \u001b[0m\u001b[0m\u001b[1m\u001b[38;5;12m--> \u001b[0m\u001b[0msrc/arguments/catch.rs:120:39\u001b[0m\n\u001b[0m    \u001b[0m\u001b[0m\u001b[1m\u001b[38;5;12m|\u001b[0m\n\u001b[0m\u001b[1m\u001b[38;5;12m120\u001b[0m\u001b[0m \u001b[0m\u001b[0m\u001b[1m\u001b[38;5;12m|\u001b[0m\u001b[0m \u001b[0m\u001b[0m            if let Some(temp) =  args.value_of(\"timeout\") {\u001b[0m\n\u001b[0m    \u001b[0m\u001b[0m\u001b[1m\u001b[38;5;12m| \u001b[0m\u001b[0m                                      \u001b[0m\u001b[0m\u001b[1m\u001b[38;5;9m^^^^^^^^\u001b[0m\u001b[0m \u001b[0m\u001b[0m\u001b[1m\u001b[38;5;9mmethod not found in `&ArgMatches`\u001b[0m\n\n"}
{"message":"no method named `value_of` found for reference `&ArgMatches` in the current scope","code":{"code":"E0599","explanation":"This error occurs when a method is used on a type which doesn't implement it:\n\nErroneous code example:\n\n```compile_fail,E0599\nstruct Mouth;\n\nlet x = Mouth;\nx.chocolate(); // error: no method named `chocolate` found for type `Mouth`\n               //        in the current scope\n```\n\nIn this case, you need to implement the `chocolate` method to fix the error:\n\n```\nstruct Mouth;\n\nimpl Mouth {\n    fn chocolate(&self) { // We implement the `chocolate` method here.\n        println!(\"Hmmm! I love chocolate!\");\n    }\n}\n\nlet x = Mouth;\nx.chocolate(); // ok!\n```\n"},"level":"error","spans":[{"file_name":"src/arguments/catch.rs","byte_start":4847,"byte_end":4855,"line_start":123,"line_end":123,"column_start":39,"column_end":47,"is_primary":true,"text":[{"text":"            if let Some(temp) =  args.value_of(\"promisc\") {","highlight_start":39,"highlight_end":47}],"label":"method not found in `&ArgMatches`","suggested_replacement":null,"suggestion_applicability":null,"expansion":null}],"children":[],"rendered":"\u001b[0m\u001b[1m\u001b[38;5;9merror[E0599]\u001b[0m\u001b[0m\u001b[1m: no method named `value_of` found for reference `&ArgMatches` in the current scope\u001b[0m\n\u001b[0m   \u001b[0m\u001b[0m\u001b[1m\u001b[38;5;12m--> \u001b[0m\u001b[0msrc/arguments/catch.rs:123:39\u001b[0m\n\u001b[0m    \u001b[0m\u001b[0m\u001b[1m\u001b[38;5;12m|\u001b[0m\n\u001b[0m\u001b[1m\u001b[38;5;12m123\u001b[0m\u001b[0m \u001b[0m\u001b[0m\u001b[1m\u001b[38;5;12m|\u001b[0m\u001b[0m \u001b[0m\u001b[0m            if let Some(temp) =  args.value_of(\"promisc\") {\u001b[0m\n\u001b[0m    \u001b[0m\u001b[0m\u001b[1m\u001b[38;5;12m| \u001b[0m\u001b[0m                                      \u001b[0m\u001b[0m\u001b[1m\u001b[38;5;9m^^^^^^^^\u001b[0m\u001b[0m \u001b[0m\u001b[0m\u001b[1m\u001b[38;5;9mmethod not found in `&ArgMatches`\u001b[0m\n\n"}
{"message":"no method named `value_of` found for reference `&ArgMatches` in the current scope","code":{"code":"E0599","explanation":"This error occurs when a method is used on a type which doesn't implement it:\n\nErroneous code example:\n\n```compile_fail,E0599\nstruct Mouth;\n\nlet x = Mouth;\nx.chocolate(); // error: no method named `chocolate` found for type `Mouth`\n               //        in the current scope\n```\n\nIn this case, you need to implement the `chocolate` method to fix the error:\n\n```\nstruct Mouth;\n\nimpl Mouth {\n    fn chocolate(&self) { // We implement the `chocolate` method here.\n        println!(\"Hmmm! I love chocolate!\");\n    }\n}\n\nlet x = Mouth;\nx.chocolate(); // ok!\n```\n"},"level":"error","spans":[{"file_name":"src/arguments/catch.rs","byte_start":4985,"byte_end":4993,"line_start":126,"line_end":126,"column_start":39,"column_end":47,"is_primary":true,"text":[{"text":"            if let Some(temp) =  args.value_of(\"rfmon\") {","highlight_start":39,"highlight_end":47}],"label":"method not found in `&ArgMatches`","suggested_replacement":null,"suggestion_applicability":null,"expansion":null}],"children":[],"rendered":"\u001b[0m\u001b[1m\u001b[38;5;9merror[E0599]\u001b[0m\u001b[0m\u001b[1m: no method named `value_of` found for reference `&ArgMatches` in the current scope\u001b[0m\n\u001b[0m   \u001b[0m\u001b[0m\u001b[1m\u001b[38;5;12m--> \u001b[0m\u001b[0msrc/arguments/catch.rs:126:39\u001b[0m\n\u001b[0m    \u001b[0m\u001b[0m\u001b[1m\u001b[38;5;12m|\u001b[0m\n\u001b[0m\u001b[1m\u001b[38;5;12m126\u001b[0m\u001b[0m \u001b[0m\u001b[0m\u001b[1m\u001b[38;5;12m|\u001b[0m\u001b[0m \u001b[0m\u001b[0m            if let Some(temp) =  args.value_of(\"rfmon\") {\u001b[0m\n\u001b[0m    \u001b[0m\u001b[0m\u001b[1m\u001b[38;5;12m| \u001b[0m\u001b[0m                                      \u001b[0m\u001b[0m\u001b[1m\u001b[38;5;9m^^^^^^^^\u001b[0m\u001b[0m \u001b[0m\u001b[0m\u001b[1m\u001b[38;5;9mmethod not found in `&ArgMatches`\u001b[0m\n\n"}
{"message":"no method named `value_of` found for reference `&ArgMatches` in the current scope","code":{"code":"E0599","explanation":"This error occurs when a method is used on a type which doesn't implement it:\n\nErroneous code example:\n\n```compile_fail,E0599\nstruct Mouth;\n\nlet x = Mouth;\nx.chocolate(); // error: no method named `chocolate` found for type `Mouth`\n               //        in the current scope\n```\n\nIn this case, you need to implement the `chocolate` method to fix the error:\n\n```\nstruct Mouth;\n\nimpl Mouth {\n    fn chocolate(&self) { // We implement the `chocolate` method here.\n        println!(\"Hmmm! I love chocolate!\");\n    }\n}\n\nlet x = Mouth;\nx.chocolate(); // ok!\n```\n"},"level":"error","spans":[{"file_name":"src/arguments/catch.rs","byte_start":5119,"byte_end":5127,"line_start":129,"line_end":129,"column_start":39,"column_end":47,"is_primary":true,"text":[{"text":"            if let Some(temp) =  args.value_of(\"snaplen\") {","highlight_start":39,"highlight_end":47}],"label":"method not found in `&ArgMatches`","suggested_replacement":null,"suggestion_applicability":null,"expansion":null}],"children":[],"rendered":"\u001b[0m\u001b[1m\u001b[38;5;9merror[E0599]\u001b[0m\u001b[0m\u001b[1m: no method named `value_of` found for reference `&ArgMatches` in the current scope\u001b[0m\n\u001b[0m   \u001b[0m\u001b[0m\u001b[1m\u001b[38;5;12m--> \u001b[0m\u001b[0msrc/arguments/catch.rs:129:39\u001b[0m\n\u001b[0m    \u001b[0m\u001b[0m\u001b[1m\u001b[38;5;12m|\u001b[0m\n\u001b[0m\u001b[1m\u001b[38;5;12m129\u001b[0m\u001b[0m \u001b[0m\u001b[0m\u001b[1m\u001b[38;5;12m|\u001b[0m\u001b[0m \u001b[0m\u001b[0m            if let Some(temp) =  args.value_of(\"snaplen\") {\u001b[0m\n\u001b[0m    \u001b[0m\u001b[0m\u001b[1m\u001b[38;5;12m| \u001b[0m\u001b[0m                                      \u001b[0m\u001b[0m\u001b[1m\u001b[38;5;9m^^^^^^^^\u001b[0m\u001b[0m \u001b[0m\u001b[0m\u001b[1m\u001b[38;5;9mmethod not found in `&ArgMatches`\u001b[0m\n\n"}
{"message":"no method named `value_of` found for reference `&ArgMatches` in the current scope","code":{"code":"E0599","explanation":"This error occurs when a method is used on a type which doesn't implement it:\n\nErroneous code example:\n\n```compile_fail,E0599\nstruct Mouth;\n\nlet x = Mouth;\nx.chocolate(); // error: no method named `chocolate` found for type `Mouth`\n               //        in the current scope\n```\n\nIn this case, you need to implement the `chocolate` method to fix the error:\n\n```\nstruct Mouth;\n\nimpl Mouth {\n    fn chocolate(&self) { // We implement the `chocolate` method here.\n        println!(\"Hmmm! I love chocolate!\");\n    }\n}\n\nlet x = Mouth;\nx.chocolate(); // ok!\n```\n"},"level":"error","spans":[{"file_name":"src/arguments/catch.rs","byte_start":5257,"byte_end":5265,"line_start":132,"line_end":132,"column_start":39,"column_end":47,"is_primary":true,"text":[{"text":"            if let Some(temp) =  args.value_of(\"buffer_size\") {","highlight_start":39,"highlight_end":47}],"label":"method not found in `&ArgMatches`","suggested_replacement":null,"suggestion_applicability":null,"expansion":null}],"children":[],"rendered":"\u001b[0m\u001b[1m\u001b[38;5;9merror[E0599]\u001b[0m\u001b[0m\u001b[1m: no method named `value_of` found for reference `&ArgMatches` in the current scope\u001b[0m\n\u001b[0m   \u001b[0m\u001b[0m\u001b[1m\u001b[38;5;12m--> \u001b[0m\u001b[0msrc/arguments/catch.rs:132:39\u001b[0m\n\u001b[0m    \u001b[0m\u001b[0m\u001b[1m\u001b[38;5;12m|\u001b[0m\n\u001b[0m\u001b[1m\u001b[38;5;12m132\u001b[0m\u001b[0m \u001b[0m\u001b[0m\u001b[1m\u001b[38;5;12m|\u001b[0m\u001b[0m \u001b[0m\u001b[0m            if let Some(temp) =  args.value_of(\"buffer_size\") {\u001b[0m\n\u001b[0m    \u001b[0m\u001b[0m\u001b[1m\u001b[38;5;12m| \u001b[0m\u001b[0m                                      \u001b[0m\u001b[0m\u001b[1m\u001b[38;5;9m^^^^^^^^\u001b[0m\u001b[0m \u001b[0m\u001b[0m\u001b[1m\u001b[38;5;9mmethod not found in `&ArgMatches`\u001b[0m\n\n"}
{"message":"no method named `value_of` found for reference `&ArgMatches` in the current scope","code":{"code":"E0599","explanation":"This error occurs when a method is used on a type which doesn't implement it:\n\nErroneous code example:\n\n```compile_fail,E0599\nstruct Mouth;\n\nlet x = Mouth;\nx.chocolate(); // error: no method named `chocolate` found for type `Mouth`\n               //        in the current scope\n```\n\nIn this case, you need to implement the `chocolate` method to fix the error:\n\n```\nstruct Mouth;\n\nimpl Mouth {\n    fn chocolate(&self) { // We implement the `chocolate` method here.\n        println!(\"Hmmm! I love chocolate!\");\n    }\n}\n\nlet x = Mouth;\nx.chocolate(); // ok!\n```\n"},"level":"error","spans":[{"file_name":"src/arguments/catch.rs","byte_start":5402,"byte_end":5410,"line_start":135,"line_end":135,"column_start":38,"column_end":46,"is_primary":true,"text":[{"text":"            if let Some(temp) = args.value_of(\"timestamp_type\") {","highlight_start":38,"highlight_end":46}],"label":"method not found in `&ArgMatches`","suggested_replacement":null,"suggestion_applicability":null,"expansion":null}],"children":[],"rendered":"\u001b[0m\u001b[1m\u001b[38;5;9merror[E0599]\u001b[0m\u001b[0m\u001b[1m: no method named `value_of` found for reference `&ArgMatches` in the current scope\u001b[0m\n\u001b[0m   \u001b[0m\u001b[0m\u001b[1m\u001b[38;5;12m--> \u001b[0m\u001b[0msrc/arguments/catch.rs:135:38\u001b[0m\n\u001b[0m    \u001b[0m\u001b[0m\u001b[1m\u001b[38;5;12m|\u001b[0m\n\u001b[0m\u001b[1m\u001b[38;5;12m135\u001b[0m\u001b[0m \u001b[0m\u001b[0m\u001b[1m\u001b[38;5;12m|\u001b[0m\u001b[0m \u001b[0m\u001b[0m            if let Some(temp) = args.value_of(\"timestamp_type\") {\u001b[0m\n\u001b[0m    \u001b[0m\u001b[0m\u001b[1m\u001b[38;5;12m| \u001b[0m\u001b[0m                                     \u001b[0m\u001b[0m\u001b[1m\u001b[38;5;9m^^^^^^^^\u001b[0m\u001b[0m \u001b[0m\u001b[0m\u001b[1m\u001b[38;5;9mmethod not found in `&ArgMatches`\u001b[0m\n\n"}
{"message":"no method named `timestamp_type` found for struct `Capture` in the current scope","code":{"code":"E0599","explanation":"This error occurs when a method is used on a type which doesn't implement it:\n\nErroneous code example:\n\n```compile_fail,E0599\nstruct Mouth;\n\nlet x = Mouth;\nx.chocolate(); // error: no method named `chocolate` found for type `Mouth`\n               //        in the current scope\n```\n\nIn this case, you need to implement the `chocolate` method to fix the error:\n\n```\nstruct Mouth;\n\nimpl Mouth {\n    fn chocolate(&self) { // We implement the `chocolate` method here.\n        println!(\"Hmmm! I love chocolate!\");\n    }\n}\n\nlet x = Mouth;\nx.chocolate(); // ok!\n```\n"},"level":"error","spans":[{"file_name":"src/arguments/catch.rs","byte_start":5463,"byte_end":5477,"line_start":136,"line_end":136,"column_start":33,"column_end":47,"is_primary":true,"text":[{"text":"                device = device.timestamp_type(self.getTstampType(temp).unwrap());","highlight_start":33,"highlight_end":47}],"label":null,"suggested_replacement":null,"suggestion_applicability":null,"expansion":null}],"children":[{"message":"there is a method with a similar name","code":null,"level":"help","spans":[{"file_name":"src/arguments/catch.rs","byte_start":5463,"byte_end":5477,"line_start":136,"line_end":136,"column_start":33,"column_end":47,"is_primary":true,"text":[{"text":"                device = device.timestamp_type(self.getTstampType(temp).unwrap());","highlight_start":33,"highlight_end":47}],"label":null,"suggested_replacement":"tstamp_type","suggestion_applicability":"MaybeIncorrect","expansion":null}],"children":[],"rendered":null}],"rendered":"\u001b[0m\u001b[1m\u001b[38;5;9merror[E0599]\u001b[0m\u001b[0m\u001b[1m: no method named `timestamp_type` found for struct `Capture` in the current scope\u001b[0m\n\u001b[0m   \u001b[0m\u001b[0m\u001b[1m\u001b[38;5;12m--> \u001b[0m\u001b[0msrc/arguments/catch.rs:136:33\u001b[0m\n\u001b[0m    \u001b[0m\u001b[0m\u001b[1m\u001b[38;5;12m|\u001b[0m\n\u001b[0m\u001b[1m\u001b[38;5;12m136\u001b[0m\u001b[0m \u001b[0m\u001b[0m\u001b[1m\u001b[38;5;12m|\u001b[0m\u001b[0m \u001b[0m\u001b[0m                device = device.timestamp_type(self.getTstampType(temp).unwrap());\u001b[0m\n\u001b[0m    \u001b[0m\u001b[0m\u001b[1m\u001b[38;5;12m| \u001b[0m\u001b[0m                                \u001b[0m\u001b[0m\u001b[1m\u001b[38;5;9m^^^^^^^^^^^^^^\u001b[0m\u001b[0m \u001b[0m\u001b[0m\u001b[1m\u001b[38;5;9mhelp: there is a method with a similar name: `tstamp_type`\u001b[0m\n\n"}
{"message":"this method takes 2 arguments but 1 argument was supplied","code":{"code":"E0061","explanation":"An invalid number of arguments was passed when calling a function.\n\nErroneous code example:\n\n```compile_fail,E0061\nfn f(u: i32) {}\n\nf(); // error!\n```\n\nThe number of arguments passed to a function must match the number of arguments\nspecified in the function signature.\n\nFor example, a function like:\n\n```\nfn f(a: u16, b: &str) {}\n```\n\nMust always be called with exactly two arguments, e.g., `f(2, \"test\")`.\n\nNote that Rust does not have a notion of optional function arguments or\nvariadic functions (except for its C-FFI).\n"},"level":"error","spans":[{"file_name":"src/arguments/catch.rs","byte_start":5954,"byte_end":5960,"line_start":149,"line_end":149,"column_start":36,"column_end":42,"is_primary":false,"text":[{"text":"                            .filter(temp)","highlight_start":36,"highlight_end":42}],"label":"an argument of type `bool` is missing","suggested_replacement":null,"suggestion_applicability":null,"expansion":null},{"file_name":"src/arguments/catch.rs","byte_start":5948,"byte_end":5954,"line_start":149,"line_end":149,"column_start":30,"column_end":36,"is_primary":true,"text":[{"text":"                            .filter(temp)","highlight_start":30,"highlight_end":36}],"label":null,"suggested_replacement":null,"suggestion_applicability":null,"expansion":null}],"children":[{"message":"method defined here","code":null,"level":"note","spans":[{"file_name":"/home/ksananth/.cargo/registry/src/index.crates.io-6f17d22bba15001f/pcap-1.1.0/src/lib.rs","byte_start":46475,"byte_end":46481,"line_start":1292,"line_end":1292,"column_start":12,"column_end":18,"is_primary":true,"text":[{"text":"    pub fn filter(&mut self, program: &str, optimize: bool) -> Result<(), Error> {","highlight_start":12,"highlight_end":18}],"label":null,"suggested_replacement":null,"suggestion_applicability":null,"expansion":null}],"children":[],"rendered":null},{"message":"provide the argument","code":null,"level":"help","spans":[{"file_name":"src/arguments/catch.rs","byte_start":5954,"byte_end":5960,"line_start":149,"line_end":149,"column_start":36,"column_end":42,"is_primary":true,"text":[{"text":"                            .filter(temp)","highlight_start":36,"highlight_end":42}],"label":null,"suggested_replacement":"(temp, /* bool */)","suggestion_applicability":"HasPlaceholders","expansion":null}],"children":[],"rendered":null}],"rendered":"\u001b[0m\u001b[1m\u001b[38;5;9merror[E0061]\u001b[0m\u001b[0m\u001b[1m: this method takes 2 arguments but 1 argument was supplied\u001b[0m\n\u001b[0m    \u001b[0m\u001b[0m\u001b[1m\u001b[38;5;12m--> \u001b[0m\u001b[0msrc/arguments/catch.rs:149:30\u001b[0m\n\u001b[0m     \u001b[0m\u001b[0m\u001b[1m\u001b[38;5;12m|\u001b[0m\n\u001b[0m\u001b[1m\u001b[38;5;12m149\u001b[0m\u001b[0m  \u001b[0m\u001b[0m\u001b[1m\u001b[38;5;12m|\u001b[0m\u001b[0m \u001b[0m\u001b[0m\u001b[1m\u001b[38;5;12m...\u001b[0m\u001b[0m                   .filter(temp)\u001b[0m\n\u001b[0m     \u001b[0m\u001b[0m\u001b[1m\u001b[38;5;12m| \u001b[0m\u001b[0m                       \u001b[0m\u001b[0m\u001b[1m\u001b[38;5;9m^^^^^^\u001b[0m\u001b[0m\u001b[1m\u001b[38;5;12m------\u001b[0m\u001b[0m \u001b[0m\u001b[0m\u001b[1m\u001b[38;5;12man argument of type `bool` is missing\u001b[0m\n\u001b[0m     \u001b[0m\u001b[0m\u001b[1m\u001b[38;5;12m|\u001b[0m\n\u001b[0m\u001b[1m\u001b[38;5;10mnote\u001b[0m\u001b[0m: method defined here\u001b[0m\n\u001b[0m    \u001b[0m\u001b[0m\u001b[1m\u001b[38;5;12m--> \u001b[0m\u001b[0m/home/ksananth/.cargo/registry/src/index.crates.io-6f17d22bba15001f/pcap-1.1.0/src/lib.rs:1292:12\u001b[0m\n\u001b[0m     \u001b[0m\u001b[0m\u001b[1m\u001b[38;5;12m|\u001b[0m\n\u001b[0m\u001b[1m\u001b[38;5;12m1292\u001b[0m\u001b[0m \u001b[0m\u001b[0m\u001b[1m\u001b[38;5;12m|\u001b[0m\u001b[0m \u001b[0m\u001b[0m    pub fn filter(&mut self, program: &str, optimize: bool) -> Result<(), Error> {\u001b[0m\n\u001b[0m     \u001b[0m\u001b[0m\u001b[1m\u001b[38;5;12m| \u001b[0m\u001b[0m           \u001b[0m\u001b[0m\u001b[1m\u001b[38;5;10m^^^^^^\u001b[0m\n\u001b[0m\u001b[1m\u001b[38;5;14mhelp\u001b[0m\u001b[0m: provide the argument\u001b[0m\n\u001b[0m     \u001b[0m\u001b[0m\u001b[1m\u001b[38;5;12m|\u001b[0m\n\u001b[0m\u001b[1m\u001b[38;5;12m149\u001b[0m\u001b[0m  \u001b[0m\u001b[0m\u001b[1m\u001b[38;5;12m| \u001b[0m\u001b[0m                            .filter\u001b[0m\u001b[0m\u001b[38;5;10m(temp, /* bool */)\u001b[0m\n\u001b[0m     \u001b[0m\u001b[0m\u001b[1m\u001b[38;5;12m|\u001b[0m\u001b[0m                                    \u001b[0m\u001b[0m\u001b[38;5;10m~~~~~~~~~~~~~~~~~~\u001b[0m\n\n"}
{"message":"no variant or associated item named `NANO` found for enum `Precision` in the current scope","code":{"code":"E0599","explanation":"This error occurs when a method is used on a type which doesn't implement it:\n\nErroneous code example:\n\n```compile_fail,E0599\nstruct Mouth;\n\nlet x = Mouth;\nx.chocolate(); // error: no method named `chocolate` found for type `Mouth`\n               //        in the current scope\n```\n\nIn this case, you need to implement the `chocolate` method to fix the error:\n\n```\nstruct Mouth;\n\nimpl Mouth {\n    fn chocolate(&self) { // We implement the `chocolate` method here.\n        println!(\"Hmmm! I love chocolate!\");\n    }\n}\n\nlet x = Mouth;\nx.chocolate(); // ok!\n```\n"},"level":"error","spans":[{"file_name":"src/arguments/catch.rs","byte_start":6618,"byte_end":6622,"line_start":166,"line_end":166,"column_start":45,"column_end":49,"is_primary":true,"text":[{"text":"                    \"NANO\" => Ok(Precision::NANO),","highlight_start":45,"highlight_end":49}],"label":"variant or associated item not found in `Precision`","suggested_replacement":null,"suggestion_applicability":null,"expansion":null}],"children":[{"message":"there is a variant with a similar name","code":null,"level":"help","spans":[{"file_name":"src/arguments/catch.rs","byte_start":6618,"byte_end":6622,"line_start":166,"line_end":166,"column_start":45,"column_end":49,"is_primary":true,"text":[{"text":"                    \"NANO\" => Ok(Precision::NANO),","highlight_start":45,"highlight_end":49}],"label":null,"suggested_replacement":"Nano","suggestion_applicability":"MaybeIncorrect","expansion":null}],"children":[],"rendered":null}],"rendered":"\u001b[0m\u001b[1m\u001b[38;5;9merror[E0599]\u001b[0m\u001b[0m\u001b[1m: no variant or associated item named `NANO` found for enum `Precision` in the current scope\u001b[0m\n\u001b[0m   \u001b[0m\u001b[0m\u001b[1m\u001b[38;5;12m--> \u001b[0m\u001b[0msrc/arguments/catch.rs:166:45\u001b[0m\n\u001b[0m    \u001b[0m\u001b[0m\u001b[1m\u001b[38;5;12m|\u001b[0m\n\u001b[0m\u001b[1m\u001b[38;5;12m166\u001b[0m\u001b[0m \u001b[0m\u001b[0m\u001b[1m\u001b[38;5;12m|\u001b[0m\u001b[0m \u001b[0m\u001b[0m                    \"NANO\" => Ok(Precision::NANO),\u001b[0m\n\u001b[0m    \u001b[0m\u001b[0m\u001b[1m\u001b[38;5;12m| \u001b[0m\u001b[0m                                            \u001b[0m\u001b[0m\u001b[1m\u001b[38;5;9m^^^^\u001b[0m\n\u001b[0m    \u001b[0m\u001b[0m\u001b[1m\u001b[38;5;12m| \u001b[0m\u001b[0m                                            \u001b[0m\u001b[0m\u001b[1m\u001b[38;5;9m|\u001b[0m\n\u001b[0m    \u001b[0m\u001b[0m\u001b[1m\u001b[38;5;12m| \u001b[0m\u001b[0m                                            \u001b[0m\u001b[0m\u001b[1m\u001b[38;5;9mvariant or associated item not found in `Precision`\u001b[0m\n\u001b[0m    \u001b[0m\u001b[0m\u001b[1m\u001b[38;5;12m| \u001b[0m\u001b[0m                                            \u001b[0m\u001b[0m\u001b[1m\u001b[38;5;9mhelp: there is a variant with a similar name: `Nano`\u001b[0m\n\n"}
{"message":"no variant or associated item named `MICRO` found for enum `Precision` in the current scope","code":{"code":"E0599","explanation":"This error occurs when a method is used on a type which doesn't implement it:\n\nErroneous code example:\n\n```compile_fail,E0599\nstruct Mouth;\n\nlet x = Mouth;\nx.chocolate(); // error: no method named `chocolate` found for type `Mouth`\n               //        in the current scope\n```\n\nIn this case, you need to implement the `chocolate` method to fix the error:\n\n```\nstruct Mouth;\n\nimpl Mouth {\n    fn chocolate(&self) { // We implement the `chocolate` method here.\n        println!(\"Hmmm! I love chocolate!\");\n    }\n}\n\nlet x = Mouth;\nx.chocolate(); // ok!\n```\n"},"level":"error","spans":[{"file_name":"src/arguments/catch.rs","byte_start":6670,"byte_end":6675,"line_start":167,"line_end":167,"column_start":46,"column_end":51,"is_primary":true,"text":[{"text":"                    \"MICRO\" => Ok(Precision::MICRO),","highlight_start":46,"highlight_end":51}],"label":"variant or associated item not found in `Precision`","suggested_replacement":null,"suggestion_applicability":null,"expansion":null}],"children":[{"message":"there is a variant with a similar name","code":null,"level":"help","spans":[{"file_name":"src/arguments/catch.rs","byte_start":6670,"byte_end":6675,"line_start":167,"line_end":167,"column_start":46,"column_end":51,"is_primary":true,"text":[{"text":"                    \"MICRO\" => Ok(Precision::MICRO),","highlight_start":46,"highlight_end":51}],"label":null,"suggested_replacement":"Micro","suggestion_applicability":"MaybeIncorrect","expansion":null}],"children":[],"rendered":null}],"rendered":"\u001b[0m\u001b[1m\u001b[38;5;9merror[E0599]\u001b[0m\u001b[0m\u001b[1m: no variant or associated item named `MICRO` found for enum `Precision` in the current scope\u001b[0m\n\u001b[0m   \u001b[0m\u001b[0m\u001b[1m\u001b[38;5;12m--> \u001b[0m\u001b[0msrc/arguments/catch.rs:167:46\u001b[0m\n\u001b[0m    \u001b[0m\u001b[0m\u001b[1m\u001b[38;5;12m|\u001b[0m\n\u001b[0m\u001b[1m\u001b[38;5;12m167\u001b[0m\u001b[0m \u001b[0m\u001b[0m\u001b[1m\u001b[38;5;12m|\u001b[0m\u001b[0m \u001b[0m\u001b[0m                    \"MICRO\" => Ok(Precision::MICRO),\u001b[0m\n\u001b[0m    \u001b[0m\u001b[0m\u001b[1m\u001b[38;5;12m| \u001b[0m\u001b[0m                                             \u001b[0m\u001b[0m\u001b[1m\u001b[38;5;9m^^^^^\u001b[0m\n\u001b[0m    \u001b[0m\u001b[0m\u001b[1m\u001b[38;5;12m| \u001b[0m\u001b[0m                                             \u001b[0m\u001b[0m\u001b[1m\u001b[38;5;9m|\u001b[0m\n\u001b[0m    \u001b[0m\u001b[0m\u001b[1m\u001b[38;5;12m| \u001b[0m\u001b[0m                                             \u001b[0m\u001b[0m\u001b[1m\u001b[38;5;9mvariant or associated item not found in `Precision`\u001b[0m\n\u001b[0m    \u001b[0m\u001b[0m\u001b[1m\u001b[38;5;12m| \u001b[0m\u001b[0m                                             \u001b[0m\u001b[0m\u001b[1m\u001b[38;5;9mhelp: there is a variant with a similar name: `Micro`\u001b[0m\n\n"}
{"message":"no function or associated item named `with_name` found for struct `Arg` in the current scope","code":{"code":"E0599","explanation":"This error occurs when a method is used on a type which doesn't implement it:\n\nErroneous code example:\n\n```compile_fail,E0599\nstruct Mouth;\n\nlet x = Mouth;\nx.chocolate(); // error: no method named `chocolate` found for type `Mouth`\n               //        in the current scope\n```\n\nIn this case, you need to implement the `chocolate` method to fix the error:\n\n```\nstruct Mouth;\n\nimpl Mouth {\n    fn chocolate(&self) { // We implement the `chocolate` method here.\n        println!(\"Hmmm! I love chocolate!\");\n    }\n}\n\nlet x = Mouth;\nx.chocolate(); // ok!\n```\n"},"level":"error","spans":[{"file_name":"src/arguments/parse.rs","byte_start":325,"byte_end":334,"line_start":13,"line_end":13,"column_start":18,"column_end":27,"is_primary":true,"text":[{"text":"            Arg::with_name(\"fileName\").required(true),","highlight_start":18,"highlight_end":27}],"label":"function or associated item not found in `Arg`","suggested_replacement":null,"suggestion_applicability":null,"expansion":null}],"children":[],"rendered":"\u001b[0m\u001b[1m\u001b[38;5;9merror[E0599]\u001b[0m\u001b[0m\u001b[1m: no function or associated item named `with_name` found for struct `Arg` in the current scope\u001b[0m\n\u001b[0m  \u001b[0m\u001b[0m\u001b[1m\u001b[38;5;12m--> \u001b[0m\u001b[0msrc/arguments/parse.rs:13:18\u001b[0m\n\u001b[0m   \u001b[0m\u001b[0m\u001b[1m\u001b[38;5;12m|\u001b[0m\n\u001b[0m\u001b[1m\u001b[38;5;12m13\u001b[0m\u001b[0m \u001b[0m\u001b[0m\u001b[1m\u001b[38;5;12m|\u001b[0m\u001b[0m \u001b[0m\u001b[0m            Arg::with_name(\"fileName\").required(true),\u001b[0m\n\u001b[0m   \u001b[0m\u001b[0m\u001b[1m\u001b[38;5;12m| \u001b[0m\u001b[0m                 \u001b[0m\u001b[0m\u001b[1m\u001b[38;5;9m^^^^^^^^^\u001b[0m\u001b[0m \u001b[0m\u001b[0m\u001b[1m\u001b[38;5;9mfunction or associated item not found in `Arg`\u001b[0m\n\n"}
{"message":"no function or associated item named `with_name` found for struct `Arg` in the current scope","code":{"code":"E0599","explanation":"This error occurs when a method is used on a type which doesn't implement it:\n\nErroneous code example:\n\n```compile_fail,E0599\nstruct Mouth;\n\nlet x = Mouth;\nx.chocolate(); // error: no method named `chocolate` found for type `Mouth`\n               //        in the current scope\n```\n\nIn this case, you need to implement the `chocolate` method to fix the error:\n\n```\nstruct Mouth;\n\nimpl Mouth {\n    fn chocolate(&self) { // We implement the `chocolate` method here.\n        println!(\"Hmmm! I love chocolate!\");\n    }\n}\n\nlet x = Mouth;\nx.chocolate(); // ok!\n```\n"},"level":"error","spans":[{"file_name":"src/arguments/parse.rs","byte_start":380,"byte_end":389,"line_start":14,"line_end":14,"column_start":18,"column_end":27,"is_primary":true,"text":[{"text":"            Arg::with_name(\"saveFile\")","highlight_start":18,"highlight_end":27}],"label":"function or associated item not found in `Arg`","suggested_replacement":null,"suggestion_applicability":null,"expansion":null}],"children":[],"rendered":"\u001b[0m\u001b[1m\u001b[38;5;9merror[E0599]\u001b[0m\u001b[0m\u001b[1m: no function or associated item named `with_name` found for struct `Arg` in the current scope\u001b[0m\n\u001b[0m  \u001b[0m\u001b[0m\u001b[1m\u001b[38;5;12m--> \u001b[0m\u001b[0msrc/arguments/parse.rs:14:18\u001b[0m\n\u001b[0m   \u001b[0m\u001b[0m\u001b[1m\u001b[38;5;12m|\u001b[0m\n\u001b[0m\u001b[1m\u001b[38;5;12m14\u001b[0m\u001b[0m \u001b[0m\u001b[0m\u001b[1m\u001b[38;5;12m|\u001b[0m\u001b[0m \u001b[0m\u001b[0m            Arg::with_name(\"saveFile\")\u001b[0m\n\u001b[0m   \u001b[0m\u001b[0m\u001b[1m\u001b[38;5;12m| \u001b[0m\u001b[0m                 \u001b[0m\u001b[0m\u001b[1m\u001b[38;5;9m^^^^^^^^^\u001b[0m\u001b[0m \u001b[0m\u001b[0m\u001b[1m\u001b[38;5;9mfunction or associated item not found in `Arg`\u001b[0m\n\n"}
{"message":"no function or associated item named `with_name` found for struct `Arg` in the current scope","code":{"code":"E0599","explanation":"This error occurs when a method is used on a type which doesn't implement it:\n\nErroneous code example:\n\n```compile_fail,E0599\nstruct Mouth;\n\nlet x = Mouth;\nx.chocolate(); // error: no method named `chocolate` found for type `Mouth`\n               //        in the current scope\n```\n\nIn this case, you need to implement the `chocolate` method to fix the error:\n\n```\nstruct Mouth;\n\nimpl Mouth {\n    fn chocolate(&self) { // We implement the `chocolate` method here.\n        println!(\"Hmmm! I love chocolate!\");\n    }\n}\n\nlet x = Mouth;\nx.chocolate(); // ok!\n```\n"},"level":"error","spans":[{"file_name":"src/arguments/parse.rs","byte_start":595,"byte_end":604,"line_start":19,"line_end":19,"column_start":18,"column_end":27,"is_primary":true,"text":[{"text":"            Arg::with_name(\"filter\")","highlight_start":18,"highlight_end":27}],"label":"function or associated item not found in `Arg`","suggested_replacement":null,"suggestion_applicability":null,"expansion":null}],"children":[],"rendered":"\u001b[0m\u001b[1m\u001b[38;5;9merror[E0599]\u001b[0m\u001b[0m\u001b[1m: no function or associated item named `with_name` found for struct `Arg` in the current scope\u001b[0m\n\u001b[0m  \u001b[0m\u001b[0m\u001b[1m\u001b[38;5;12m--> \u001b[0m\u001b[0msrc/arguments/parse.rs:19:18\u001b[0m\n\u001b[0m   \u001b[0m\u001b[0m\u001b[1m\u001b[38;5;12m|\u001b[0m\n\u001b[0m\u001b[1m\u001b[38;5;12m19\u001b[0m\u001b[0m \u001b[0m\u001b[0m\u001b[1m\u001b[38;5;12m|\u001b[0m\u001b[0m \u001b[0m\u001b[0m            Arg::with_name(\"filter\")\u001b[0m\n\u001b[0m   \u001b[0m\u001b[0m\u001b[1m\u001b[38;5;12m| \u001b[0m\u001b[0m                 \u001b[0m\u001b[0m\u001b[1m\u001b[38;5;9m^^^^^^^^^\u001b[0m\u001b[0m \u001b[0m\u001b[0m\u001b[1m\u001b[38;5;9mfunction or associated item not found in `Arg`\u001b[0m\n\n"}
{"message":"no method named `value_of` found for reference `&ArgMatches` in the current scope","code":{"code":"E0599","explanation":"This error occurs when a method is used on a type which doesn't implement it:\n\nErroneous code example:\n\n```compile_fail,E0599\nstruct Mouth;\n\nlet x = Mouth;\nx.chocolate(); // error: no method named `chocolate` found for type `Mouth`\n               //        in the current scope\n```\n\nIn this case, you need to implement the `chocolate` method to fix the error:\n\n```\nstruct Mouth;\n\nimpl Mouth {\n    fn chocolate(&self) { // We implement the `chocolate` method here.\n        println!(\"Hmmm! I love chocolate!\");\n    }\n}\n\nlet x = Mouth;\nx.chocolate(); // ok!\n```\n"},"level":"error","spans":[{"file_name":"src/arguments/parse.rs","byte_start":1129,"byte_end":1137,"line_start":35,"line_end":35,"column_start":34,"column_end":42,"is_primary":true,"text":[{"text":"        if let Some(temp) = args.value_of(\"filter\") {","highlight_start":34,"highlight_end":42}],"label":"method not found in `&ArgMatches`","suggested_replacement":null,"suggestion_applicability":null,"expansion":null}],"children":[],"rendered":"\u001b[0m\u001b[1m\u001b[38;5;9merror[E0599]\u001b[0m\u001b[0m\u001b[1m: no method named `value_of` found for reference `&ArgMatches` in the current scope\u001b[0m\n\u001b[0m  \u001b[0m\u001b[0m\u001b[1m\u001b[38;5;12m--> \u001b[0m\u001b[0msrc/arguments/parse.rs:35:34\u001b[0m\n\u001b[0m   \u001b[0m\u001b[0m\u001b[1m\u001b[38;5;12m|\u001b[0m\n\u001b[0m\u001b[1m\u001b[38;5;12m35\u001b[0m\u001b[0m \u001b[0m\u001b[0m\u001b[1m\u001b[38;5;12m|\u001b[0m\u001b[0m \u001b[0m\u001b[0m        if let Some(temp) = args.value_of(\"filter\") {\u001b[0m\n\u001b[0m   \u001b[0m\u001b[0m\u001b[1m\u001b[38;5;12m| \u001b[0m\u001b[0m                                 \u001b[0m\u001b[0m\u001b[1m\u001b[38;5;9m^^^^^^^^\u001b[0m\u001b[0m \u001b[0m\u001b[0m\u001b[1m\u001b[38;5;9mmethod not found in `&ArgMatches`\u001b[0m\n\n"}
{"message":"no method named `value_of` found for reference `&ArgMatches` in the current scope","code":{"code":"E0599","explanation":"This error occurs when a method is used on a type which doesn't implement it:\n\nErroneous code example:\n\n```compile_fail,E0599\nstruct Mouth;\n\nlet x = Mouth;\nx.chocolate(); // error: no method named `chocolate` found for type `Mouth`\n               //        in the current scope\n```\n\nIn this case, you need to implement the `chocolate` method to fix the error:\n\n```\nstruct Mouth;\n\nimpl Mouth {\n    fn chocolate(&self) { // We implement the `chocolate` method here.\n        println!(\"Hmmm! I love chocolate!\");\n    }\n}\n\nlet x = Mouth;\nx.chocolate(); // ok!\n```\n"},"level":"error","spans":[{"file_name":"src/arguments/parse.rs","byte_start":1238,"byte_end":1246,"line_start":38,"line_end":38,"column_start":34,"column_end":42,"is_primary":true,"text":[{"text":"        if let Some(temp) = args.value_of(\"saveFile\") {","highlight_start":34,"highlight_end":42}],"label":"method not found in `&ArgMatches`","suggested_replacement":null,"suggestion_applicability":null,"expansion":null}],"children":[],"rendered":"\u001b[0m\u001b[1m\u001b[38;5;9merror[E0599]\u001b[0m\u001b[0m\u001b[1m: no method named `value_of` found for reference `&ArgMatches` in the current scope\u001b[0m\n\u001b[0m  \u001b[0m\u001b[0m\u001b[1m\u001b[38;5;12m--> \u001b[0m\u001b[0msrc/arguments/parse.rs:38:34\u001b[0m\n\u001b[0m   \u001b[0m\u001b[0m\u001b[1m\u001b[38;5;12m|\u001b[0m\n\u001b[0m\u001b[1m\u001b[38;5;12m38\u001b[0m\u001b[0m \u001b[0m\u001b[0m\u001b[1m\u001b[38;5;12m|\u001b[0m\u001b[0m \u001b[0m\u001b[0m        if let Some(temp) = args.value_of(\"saveFile\") {\u001b[0m\n\u001b[0m   \u001b[0m\u001b[0m\u001b[1m\u001b[38;5;12m| \u001b[0m\u001b[0m                                 \u001b[0m\u001b[0m\u001b[1m\u001b[38;5;9m^^^^^^^^\u001b[0m\u001b[0m \u001b[0m\u001b[0m\u001b[1m\u001b[38;5;9mmethod not found in `&ArgMatches`\u001b[0m\n\n"}
{"message":"no method named `value_of` found for reference `&ArgMatches` in the current scope","code":{"code":"E0599","explanation":"This error occurs when a method is used on a type which doesn't implement it:\n\nErroneous code example:\n\n```compile_fail,E0599\nstruct Mouth;\n\nlet x = Mouth;\nx.chocolate(); // error: no method named `chocolate` found for type `Mouth`\n               //        in the current scope\n```\n\nIn this case, you need to implement the `chocolate` method to fix the error:\n\n```\nstruct Mouth;\n\nimpl Mouth {\n    fn chocolate(&self) { // We implement the `chocolate` method here.\n        println!(\"Hmmm! I love chocolate!\");\n    }\n}\n\nlet x = Mouth;\nx.chocolate(); // ok!\n```\n"},"level":"error","spans":[{"file_name":"src/arguments/parse.rs","byte_start":1355,"byte_end":1363,"line_start":41,"line_end":41,"column_start":34,"column_end":42,"is_primary":true,"text":[{"text":"        if let Some(temp) = args.value_of(\"fileName\") {","highlight_start":34,"highlight_end":42}],"label":"method not found in `&ArgMatches`","suggested_replacement":null,"suggestion_applicability":null,"expansion":null}],"children":[],"rendered":"\u001b[0m\u001b[1m\u001b[38;5;9merror[E0599]\u001b[0m\u001b[0m\u001b[1m: no method named `value_of` found for reference `&ArgMatches` in the current scope\u001b[0m\n\u001b[0m  \u001b[0m\u001b[0m\u001b[1m\u001b[38;5;12m--> \u001b[0m\u001b[0msrc/arguments/parse.rs:41:34\u001b[0m\n\u001b[0m   \u001b[0m\u001b[0m\u001b[1m\u001b[38;5;12m|\u001b[0m\n\u001b[0m\u001b[1m\u001b[38;5;12m41\u001b[0m\u001b[0m \u001b[0m\u001b[0m\u001b[1m\u001b[38;5;12m|\u001b[0m\u001b[0m \u001b[0m\u001b[0m        if let Some(temp) = args.value_of(\"fileName\") {\u001b[0m\n\u001b[0m   \u001b[0m\u001b[0m\u001b[1m\u001b[38;5;12m| \u001b[0m\u001b[0m                                 \u001b[0m\u001b[0m\u001b[1m\u001b[38;5;9m^^^^^^^^\u001b[0m\u001b[0m \u001b[0m\u001b[0m\u001b[1m\u001b[38;5;9mmethod not found in `&ArgMatches`\u001b[0m\n\n"}
{"message":"no field `name` on type `Option<Device>`","code":{"code":"E0609","explanation":"Attempted to access a non-existent field in a struct.\n\nErroneous code example:\n\n```compile_fail,E0609\nstruct StructWithFields {\n    x: u32,\n}\n\nlet s = StructWithFields { x: 0 };\nprintln!(\"{}\", s.foo); // error: no field `foo` on type `StructWithFields`\n```\n\nTo fix this error, check that you didn't misspell the field's name or that the\nfield actually exists. Example:\n\n```\nstruct StructWithFields {\n    x: u32,\n}\n\nlet s = StructWithFields { x: 0 };\nprintln!(\"{}\", s.x); // ok!\n```\n"},"level":"error","spans":[{"file_name":"src/arguments/mod.rs","byte_start":1328,"byte_end":1332,"line_start":37,"line_end":37,"column_start":50,"column_end":54,"is_primary":true,"text":[{"text":"                    print_default(capture_device.name.clone());","highlight_start":50,"highlight_end":54}],"label":null,"suggested_replacement":null,"suggestion_applicability":null,"expansion":null}],"children":[],"rendered":"\u001b[0m\u001b[1m\u001b[38;5;9merror[E0609]\u001b[0m\u001b[0m\u001b[1m: no field `name` on type `Option<Device>`\u001b[0m\n\u001b[0m  \u001b[0m\u001b[0m\u001b[1m\u001b[38;5;12m--> \u001b[0m\u001b[0msrc/arguments/mod.rs:37:50\u001b[0m\n\u001b[0m   \u001b[0m\u001b[0m\u001b[1m\u001b[38;5;12m|\u001b[0m\n\u001b[0m\u001b[1m\u001b[38;5;12m37\u001b[0m\u001b[0m \u001b[0m\u001b[0m\u001b[1m\u001b[38;5;12m|\u001b[0m\u001b[0m \u001b[0m\u001b[0m                    print_default(capture_device.name.clone());\u001b[0m\n\u001b[0m   \u001b[0m\u001b[0m\u001b[1m\u001b[38;5;12m| \u001b[0m\u001b[0m                                                 \u001b[0m\u001b[0m\u001b[1m\u001b[38;5;9m^^^^\u001b[0m\n\n"}
{"message":"aborting due to 67 previous errors; 2 warnings emitted","code":null,"level":"error","spans":[],"children":[],"rendered":"\u001b[0m\u001b[1m\u001b[38;5;9merror\u001b[0m\u001b[0m\u001b[1m: aborting due to 67 previous errors; 2 warnings emitted\u001b[0m\n\n"}
{"message":"Some errors have detailed explanations: E0061, E0401, E0412, E0425, E0432, E0599, E0609.","code":null,"level":"failure-note","spans":[],"children":[],"rendered":"\u001b[0m\u001b[1mSome errors have detailed explanations: E0061, E0401, E0412, E0425, E0432, E0599, E0609.\u001b[0m\n"}
{"message":"For more information about an error, try `rustc --explain E0061`.","code":null,"level":"failure-note","spans":[],"children":[],"rendered":"\u001b[0m\u001b[1mFor more information about an error, try `rustc --explain E0061`.\u001b[0m\n"}
